2013-12-03 16:24:21.618+0000 INFO  [o.n.k.i.DiagnosticsManager]: --- INITIALIZED diagnostics START ---
2013-12-03 16:24:21.619+0000 INFO  [o.n.k.i.DiagnosticsManager]: Neo4j Kernel properties:
2013-12-03 16:24:21.621+0000 INFO  [o.n.k.i.DiagnosticsManager]: neostore.propertystore.db.mapped_memory=261M
2013-12-03 16:24:21.621+0000 INFO  [o.n.k.i.DiagnosticsManager]: neo_store=/home/nordine/workspace/java/neo4j-community-1.9.5/data/graph.db/neostore
2013-12-03 16:24:21.621+0000 INFO  [o.n.k.i.DiagnosticsManager]: neostore.nodestore.db.mapped_memory=72M
2013-12-03 16:24:21.621+0000 INFO  [o.n.k.i.DiagnosticsManager]: neostore.relationshipstore.db.mapped_memory=320M
2013-12-03 16:24:21.621+0000 INFO  [o.n.k.i.DiagnosticsManager]: neostore.propertystore.db.strings.mapped_memory=222M
2013-12-03 16:24:21.622+0000 INFO  [o.n.k.i.DiagnosticsManager]: neo4j.ext.udc.source=server
2013-12-03 16:24:21.622+0000 INFO  [o.n.k.i.DiagnosticsManager]: store_dir=data/graph.db
2013-12-03 16:24:21.622+0000 INFO  [o.n.k.i.DiagnosticsManager]: keep_logical_logs=true
2013-12-03 16:24:21.622+0000 INFO  [o.n.k.i.DiagnosticsManager]: neostore.propertystore.db.arrays.mapped_memory=252M
2013-12-03 16:24:21.622+0000 INFO  [o.n.k.i.DiagnosticsManager]: remote_shell_enabled=true
2013-12-03 16:24:21.622+0000 INFO  [o.n.k.i.DiagnosticsManager]: ephemeral=false
2013-12-03 16:24:21.623+0000 INFO  [o.n.k.i.DiagnosticsManager]: Diagnostics providers:
2013-12-03 16:24:21.624+0000 INFO  [o.n.k.i.DiagnosticsManager]: org.neo4j.kernel.configuration.Config
2013-12-03 16:24:21.624+0000 INFO  [o.n.k.i.DiagnosticsManager]: org.neo4j.kernel.info.DiagnosticsManager
2013-12-03 16:24:21.624+0000 INFO  [o.n.k.i.DiagnosticsManager]: SYSTEM_MEMORY
2013-12-03 16:24:21.624+0000 INFO  [o.n.k.i.DiagnosticsManager]: JAVA_MEMORY
2013-12-03 16:24:21.624+0000 INFO  [o.n.k.i.DiagnosticsManager]: OPERATING_SYSTEM
2013-12-03 16:24:21.624+0000 INFO  [o.n.k.i.DiagnosticsManager]: JAVA_VIRTUAL_MACHINE
2013-12-03 16:24:21.624+0000 INFO  [o.n.k.i.DiagnosticsManager]: CLASSPATH
2013-12-03 16:24:21.624+0000 INFO  [o.n.k.i.DiagnosticsManager]: LIBRARY_PATH
2013-12-03 16:24:21.624+0000 INFO  [o.n.k.i.DiagnosticsManager]: SYSTEM_PROPERTIES
2013-12-03 16:24:21.624+0000 INFO  [o.n.k.i.DiagnosticsManager]: LINUX_SCHEDULERS
2013-12-03 16:24:21.624+0000 INFO  [o.n.k.i.DiagnosticsManager]: NETWORK
2013-12-03 16:24:21.625+0000 INFO  [o.n.k.i.DiagnosticsManager]: System memory information:
2013-12-03 16:24:21.642+0000 INFO  [o.n.k.i.DiagnosticsManager]: Total Physical memory: 2,95 GB
2013-12-03 16:24:21.642+0000 INFO  [o.n.k.i.DiagnosticsManager]: Free Physical memory: 292,23 MB
2013-12-03 16:24:21.643+0000 INFO  [o.n.k.i.DiagnosticsManager]: Committed virtual memory: 753,51 MB
2013-12-03 16:24:21.643+0000 INFO  [o.n.k.i.DiagnosticsManager]: Total swap space: 3,00 GB
2013-12-03 16:24:21.644+0000 INFO  [o.n.k.i.DiagnosticsManager]: Free swap space: 3,00 GB
2013-12-03 16:24:21.645+0000 INFO  [o.n.k.i.DiagnosticsManager]: JVM memory information:
2013-12-03 16:24:21.645+0000 INFO  [o.n.k.i.DiagnosticsManager]: Free  memory: 49,22 MB
2013-12-03 16:24:21.646+0000 INFO  [o.n.k.i.DiagnosticsManager]: Total memory: 62,44 MB
2013-12-03 16:24:21.646+0000 INFO  [o.n.k.i.DiagnosticsManager]: Max   memory: 508,81 MB
2013-12-03 16:24:21.648+0000 INFO  [o.n.k.i.DiagnosticsManager]: Garbage Collector: ParNew: [Par Eden Space, Par Survivor Space]
2013-12-03 16:24:21.648+0000 INFO  [o.n.k.i.DiagnosticsManager]: Garbage Collector: ConcurrentMarkSweep: [Par Eden Space, Par Survivor Space, CMS Old Gen, CMS Perm Gen]
2013-12-03 16:24:21.650+0000 INFO  [o.n.k.i.DiagnosticsManager]: Memory Pool: Code Cache (Non-heap memory): committed=2,25 MB, used=432,94 kB, max=48,00 MB, threshold=0,00 B
2013-12-03 16:24:21.650+0000 INFO  [o.n.k.i.DiagnosticsManager]: Memory Pool: Par Eden Space (Heap memory): committed=12,88 MB, used=12,17 MB, max=25,63 MB, threshold=?
2013-12-03 16:24:21.651+0000 INFO  [o.n.k.i.DiagnosticsManager]: Memory Pool: Par Survivor Space (Heap memory): committed=1,56 MB, used=1,05 MB, max=3,19 MB, threshold=?
2013-12-03 16:24:21.651+0000 INFO  [o.n.k.i.DiagnosticsManager]: Memory Pool: CMS Old Gen (Heap memory): committed=48,00 MB, used=0,00 B, max=480,00 MB, threshold=0,00 B
2013-12-03 16:24:21.652+0000 INFO  [o.n.k.i.DiagnosticsManager]: Memory Pool: CMS Perm Gen (Non-heap memory): committed=16,00 MB, used=9,88 MB, max=128,00 MB, threshold=0,00 B
2013-12-03 16:24:21.652+0000 INFO  [o.n.k.i.DiagnosticsManager]: Operating system information:
2013-12-03 16:24:21.653+0000 INFO  [o.n.k.i.DiagnosticsManager]: Operating System: Linux; version: 3.2.0-38-generic; arch: i386; cpus: 2
2013-12-03 16:24:21.653+0000 INFO  [o.n.k.i.DiagnosticsManager]: Max number of file descriptors: 4096
2013-12-03 16:24:21.654+0000 INFO  [o.n.k.i.DiagnosticsManager]: Number of open file descriptors: 79
2013-12-03 16:24:21.654+0000 INFO  [o.n.k.i.DiagnosticsManager]: Process id: 6673@nordine
2013-12-03 16:24:21.654+0000 INFO  [o.n.k.i.DiagnosticsManager]: Byte order: LITTLE_ENDIAN
2013-12-03 16:24:21.654+0000 INFO  [o.n.k.i.DiagnosticsManager]: Local timezone: Europe/Paris
2013-12-03 16:24:21.654+0000 INFO  [o.n.k.i.DiagnosticsManager]: JVM information:
2013-12-03 16:24:21.654+0000 INFO  [o.n.k.i.DiagnosticsManager]: VM Name: OpenJDK Server VM
2013-12-03 16:24:21.654+0000 INFO  [o.n.k.i.DiagnosticsManager]: VM Vendor: Sun Microsystems Inc.
2013-12-03 16:24:21.654+0000 INFO  [o.n.k.i.DiagnosticsManager]: VM Version: 20.0-b12
2013-12-03 16:24:21.655+0000 INFO  [o.n.k.i.DiagnosticsManager]: JIT compiler: HotSpot Tiered Compilers
2013-12-03 16:24:21.655+0000 INFO  [o.n.k.i.DiagnosticsManager]: VM Arguments: [-XX:+DisableExplicitGC, -Dorg.neo4j.server.properties=conf/neo4j-server.properties, -Djava.util.logging.config.file=conf/logging.properties, -Dlog4j.configuration=file:conf/log4j.properties, -XX:+UseConcMarkSweepGC, -XX:+CMSClassUnloadingEnabled, -Dneo4j.home=/home/nordine/workspace/java/neo4j-community-1.9.5, -Dneo4j.instance=/home/nordine/workspace/java/neo4j-community-1.9.5, -Dfile.encoding=UTF-8]
2013-12-03 16:24:21.655+0000 INFO  [o.n.k.i.DiagnosticsManager]: Java classpath:
2013-12-03 16:24:21.660+0000 INFO  [o.n.k.i.DiagnosticsManager]:  [loader.1] file:/usr/lib/jvm/java-6-openjdk-common/jre/lib/ext/localedata.jar
2013-12-03 16:24:21.660+0000 INFO  [o.n.k.i.DiagnosticsManager]:  [classpath + loader.0] file:/home/nordine/workspace/java/neo4j-community-1.9.5/plugins/gremlin1.5/asm-tree-3.2.jar
2013-12-03 16:24:21.660+0000 INFO  [o.n.k.i.DiagnosticsManager]:  [classpath + loader.0] file:/home/nordine/workspace/java/neo4j-community-1.9.5/lib/neo4j-shell-1.9.5.jar
2013-12-03 16:24:21.660+0000 INFO  [o.n.k.i.DiagnosticsManager]:  [classpath + loader.0] file:/home/nordine/workspace/java/neo4j-community-1.9.5/system/lib/jersey-multipart-1.9.jar
2013-12-03 16:24:21.660+0000 INFO  [o.n.k.i.DiagnosticsManager]:  [bootstrap] /usr/lib/jvm/java-6-openjdk-i386/jre/lib/modules/jdk.boot.jar
2013-12-03 16:24:21.660+0000 INFO  [o.n.k.i.DiagnosticsManager]:  [loader.1] file:/usr/lib/jvm/java-6-openjdk-common/jre/lib/ext/sunjce_provider.jar
2013-12-03 16:24:21.660+0000 INFO  [o.n.k.i.DiagnosticsManager]:  [classpath + loader.0] file:/home/nordine/workspace/java/neo4j-community-1.9.5/system/lib/asm-3.1.jar
2013-12-03 16:24:21.660+0000 INFO  [o.n.k.i.DiagnosticsManager]:  [classpath + loader.0] file:/home/nordine/workspace/java/neo4j-community-1.9.5/system/lib/servlet-api-2.5-20081211.jar
2013-12-03 16:24:21.660+0000 INFO  [o.n.k.i.DiagnosticsManager]:  [classpath + loader.0] file:/home/nordine/workspace/java/neo4j-community-1.9.5/system/lib/bcprov-jdk16-140.jar
2013-12-03 16:24:21.660+0000 INFO  [o.n.k.i.DiagnosticsManager]:  [bootstrap] /usr/lib/jvm/java-6-openjdk-i386/jre/lib/plugin.jar
2013-12-03 16:24:21.661+0000 INFO  [o.n.k.i.DiagnosticsManager]:  [classpath + loader.0] file:/home/nordine/workspace/java/neo4j-community-1.9.5/system/lib/neo4j-server-1.9.5.jar
2013-12-03 16:24:21.661+0000 INFO  [o.n.k.i.DiagnosticsManager]:  [bootstrap] /usr/lib/jvm/java-6-openjdk-i386/jre/classes
2013-12-03 16:24:21.661+0000 INFO  [o.n.k.i.DiagnosticsManager]:  [classpath + loader.0] file:/home/nordine/workspace/java/neo4j-community-1.9.5/plugins/gremlin1.5/jansi-1.5.jar
2013-12-03 16:24:21.661+0000 INFO  [o.n.k.i.DiagnosticsManager]:  [classpath + loader.0] file:/home/nordine/workspace/java/neo4j-community-1.9.5/system/lib/commons-beanutils-core-1.8.0.jar
2013-12-03 16:24:21.661+0000 INFO  [o.n.k.i.DiagnosticsManager]:  [classpath + loader.0] file:/home/nordine/workspace/java/neo4j-community-1.9.5/lib/concurrentlinkedhashmap-lru-1.3.1.jar
2013-12-03 16:24:21.661+0000 INFO  [o.n.k.i.DiagnosticsManager]:  [bootstrap] /usr/lib/jvm/java-6-openjdk-i386/jre/lib/sunrsasign.jar
2013-12-03 16:24:21.661+0000 INFO  [o.n.k.i.DiagnosticsManager]:  [classpath + loader.0] file:/home/nordine/workspace/java/neo4j-community-1.9.5/system/lib/slf4j-api-1.6.2.jar
2013-12-03 16:24:21.661+0000 INFO  [o.n.k.i.DiagnosticsManager]:  [loader.1] file:/usr/share/java/java-atk-wrapper.jar
2013-12-03 16:24:21.661+0000 INFO  [o.n.k.i.DiagnosticsManager]:  [classpath + loader.0] file:/home/nordine/workspace/java/neo4j-community-1.9.5/system/lib/commons-lang-2.4.jar
2013-12-03 16:24:21.661+0000 INFO  [o.n.k.i.DiagnosticsManager]:  [classpath + loader.0] file:/home/nordine/workspace/java/neo4j-community-1.9.5/plugins/gremlin1.5/blueprints-neo4j-graph-1.2.jar
2013-12-03 16:24:21.661+0000 INFO  [o.n.k.i.DiagnosticsManager]:  [classpath + loader.0] file:/home/nordine/workspace/java/neo4j-community-1.9.5/lib/neo4j-jmx-1.9.5.jar
2013-12-03 16:24:21.661+0000 INFO  [o.n.k.i.DiagnosticsManager]:  [classpath + loader.0] file:/home/nordine/workspace/java/neo4j-community-1.9.5/plugins/gremlin1.5/antlr-2.7.7.jar
2013-12-03 16:24:21.661+0000 INFO  [o.n.k.i.DiagnosticsManager]:  [classpath + loader.0] file:/home/nordine/workspace/java/neo4j-community-1.9.5/system/lib/rhino-1.7R3.jar
2013-12-03 16:24:21.661+0000 INFO  [o.n.k.i.DiagnosticsManager]:  [classpath + loader.0] file:/home/nordine/workspace/java/neo4j-community-1.9.5/plugins/gremlin1.5/asm-commons-3.2.jar
2013-12-03 16:24:21.661+0000 INFO  [o.n.k.i.DiagnosticsManager]:  [bootstrap] /usr/lib/jvm/java-6-openjdk-common/jre/lib/resources.jar
2013-12-03 16:24:21.661+0000 INFO  [o.n.k.i.DiagnosticsManager]:  [classpath + loader.0] file:/home/nordine/workspace/java/neo4j-community-1.9.5/system/lib/commons-collections-3.2.1.jar
2013-12-03 16:24:21.662+0000 INFO  [o.n.k.i.DiagnosticsManager]:  [classpath + loader.0] file:/home/nordine/workspace/java/neo4j-community-1.9.5/system/lib/logback-classic-0.9.30.jar
2013-12-03 16:24:21.662+0000 INFO  [o.n.k.i.DiagnosticsManager]:  [classpath + loader.0] file:/home/nordine/workspace/java/neo4j-community-1.9.5/system/lib/logback-access-0.9.30.jar
2013-12-03 16:24:21.662+0000 INFO  [o.n.k.i.DiagnosticsManager]:  [classpath + loader.0] file:/home/nordine/workspace/java/neo4j-community-1.9.5/system/lib/jackson-core-asl-1.9.7.jar
2013-12-03 16:24:21.662+0000 INFO  [o.n.k.i.DiagnosticsManager]:  [classpath + loader.0] file:/home/nordine/workspace/java/neo4j-community-1.9.5/system/lib/jackson-mapper-asl-1.9.7.jar
2013-12-03 16:24:21.662+0000 INFO  [o.n.k.i.DiagnosticsManager]:  [classpath + loader.0] file:/home/nordine/workspace/java/neo4j-community-1.9.5/system/lib/jetty-6.1.25.jar
2013-12-03 16:24:21.662+0000 INFO  [o.n.k.i.DiagnosticsManager]:  [classpath + loader.0] file:/home/nordine/workspace/java/neo4j-community-1.9.5/system/lib/jersey-core-1.9.jar
2013-12-03 16:24:21.662+0000 INFO  [o.n.k.i.DiagnosticsManager]:  [classpath + loader.0] file:/home/nordine/workspace/java/neo4j-community-1.9.5/lib/neo4j-graph-matching-1.9.5.jar
2013-12-03 16:24:21.662+0000 INFO  [o.n.k.i.DiagnosticsManager]:  [classpath + loader.0] file:/home/nordine/workspace/java/neo4j-community-1.9.5/system/lib/jersey-server-1.9.jar
2013-12-03 16:24:21.662+0000 INFO  [o.n.k.i.DiagnosticsManager]:  [classpath + loader.0] file:/home/nordine/workspace/java/neo4j-community-1.9.5/plugins/gremlin1.5/stax-api-1.0.1.jar
2013-12-03 16:24:21.662+0000 INFO  [o.n.k.i.DiagnosticsManager]:  [classpath + loader.0] file:/home/nordine/workspace/java/neo4j-community-1.9.5/system/lib/jsr311-api-1.1.2.r612.jar
2013-12-03 16:24:21.662+0000 INFO  [o.n.k.i.DiagnosticsManager]:  [classpath + loader.0] file:/home/nordine/workspace/java/neo4j-community-1.9.5/system/lib/janino-2.5.10.jar
2013-12-03 16:24:21.662+0000 INFO  [o.n.k.i.DiagnosticsManager]:  [classpath + loader.0] file:/home/nordine/workspace/java/neo4j-community-1.9.5/system/lib/jackson-jaxrs-1.9.7.jar
2013-12-03 16:24:21.662+0000 INFO  [o.n.k.i.DiagnosticsManager]:  [bootstrap] /usr/lib/jvm/java-6-openjdk-i386/jre/lib/jce.jar
2013-12-03 16:24:21.662+0000 INFO  [o.n.k.i.DiagnosticsManager]:  [classpath + loader.0] file:/home/nordine/workspace/java/neo4j-community-1.9.5/system/lib/commons-io-1.4.jar
2013-12-03 16:24:21.662+0000 INFO  [o.n.k.i.DiagnosticsManager]:  [classpath + loader.0] file:/home/nordine/workspace/java/neo4j-community-1.9.5/system/lib/jcl-over-slf4j-1.6.1.jar
2013-12-03 16:24:21.662+0000 INFO  [o.n.k.i.DiagnosticsManager]:  [classpath + loader.0] file:/home/nordine/workspace/java/neo4j-community-1.9.5/lib/neo4j-kernel-1.9.5.jar
2013-12-03 16:24:21.663+0000 INFO  [o.n.k.i.DiagnosticsManager]:  [classpath + loader.0] file:/home/nordine/workspace/java/neo4j-community-1.9.5/plugins/gremlin1.5/jettison-1.3.jar
2013-12-03 16:24:21.663+0000 INFO  [o.n.k.i.DiagnosticsManager]:  [classpath + loader.0] file:/home/nordine/workspace/java/neo4j-community-1.9.5/conf/
2013-12-03 16:24:21.663+0000 INFO  [o.n.k.i.DiagnosticsManager]:  [classpath + loader.0] file:/home/nordine/workspace/java/neo4j-community-1.9.5/lib/neo4j-cypher-1.9.5.jar
2013-12-03 16:24:21.663+0000 INFO  [o.n.k.i.DiagnosticsManager]:  [classpath + loader.0] file:/home/nordine/workspace/java/neo4j-community-1.9.5/system/lib/logback-core-0.9.30.jar
2013-12-03 16:24:21.663+0000 INFO  [o.n.k.i.DiagnosticsManager]:  [classpath + loader.0] file:/home/nordine/workspace/java/neo4j-community-1.9.5/system/lib/commons-logging-1.1.1.jar
2013-12-03 16:24:21.663+0000 INFO  [o.n.k.i.DiagnosticsManager]:  [classpath + loader.0] file:/home/nordine/workspace/java/neo4j-community-1.9.5/lib/lucene-core-3.6.2.jar
2013-12-03 16:24:21.663+0000 INFO  [o.n.k.i.DiagnosticsManager]:  [bootstrap] /usr/lib/jvm/java-6-openjdk-i386/jre/lib/netx.jar
2013-12-03 16:24:21.663+0000 INFO  [o.n.k.i.DiagnosticsManager]:  [classpath + loader.0] file:/home/nordine/workspace/java/neo4j-community-1.9.5/plugins/gremlin1.5/neo4j-gremlin-plugin-1.9.5.jar
2013-12-03 16:24:21.663+0000 INFO  [o.n.k.i.DiagnosticsManager]:  [classpath + loader.0] file:/home/nordine/workspace/java/neo4j-community-1.9.5/lib/scala-library-2.10.0.jar
2013-12-03 16:24:21.663+0000 INFO  [o.n.k.i.DiagnosticsManager]:  [classpath + loader.0] file:/home/nordine/workspace/java/neo4j-community-1.9.5/system/lib/neo4j-cypher-plugin-1.9.5.jar
2013-12-03 16:24:21.663+0000 INFO  [o.n.k.i.DiagnosticsManager]:  [classpath + loader.0] file:/home/nordine/workspace/java/neo4j-community-1.9.5/system/lib/commons-digester-1.8.1.jar
2013-12-03 16:24:21.663+0000 INFO  [o.n.k.i.DiagnosticsManager]:  [classpath + loader.0] file:/home/nordine/workspace/java/neo4j-community-1.9.5/lib/neo4j-graph-algo-1.9.5.jar
2013-12-03 16:24:21.663+0000 INFO  [o.n.k.i.DiagnosticsManager]:  [classpath + loader.0] file:/home/nordine/workspace/java/neo4j-community-1.9.5/system/lib/rrd4j-2.0.7.jar
2013-12-03 16:24:21.663+0000 INFO  [o.n.k.i.DiagnosticsManager]:  [loader.1] file:/usr/lib/jvm/java-6-openjdk-common/jre/lib/ext/sunpkcs11.jar
2013-12-03 16:24:21.663+0000 INFO  [o.n.k.i.DiagnosticsManager]:  [classpath + loader.0] file:/home/nordine/workspace/java/neo4j-community-1.9.5/plugins/gremlin1.5/gremlin-groovy-1.5.jar
2013-12-03 16:24:21.663+0000 INFO  [o.n.k.i.DiagnosticsManager]:  [bootstrap] /usr/lib/jvm/java-6-openjdk-i386/jre/lib/jsse.jar
2013-12-03 16:24:21.664+0000 INFO  [o.n.k.i.DiagnosticsManager]:  [classpath + loader.0] file:/home/nordine/workspace/java/neo4j-community-1.9.5/plugins/gremlin1.5/blueprints-core-1.2.jar
2013-12-03 16:24:21.664+0000 INFO  [o.n.k.i.DiagnosticsManager]:  [bootstrap] /usr/lib/jvm/java-6-openjdk-i386/jre/lib/rt.jar
2013-12-03 16:24:21.664+0000 INFO  [o.n.k.i.DiagnosticsManager]:  [classpath + loader.0] file:/home/nordine/workspace/java/neo4j-community-1.9.5/system/lib/neo4j-server-1.9.5-static-web.jar
2013-12-03 16:24:21.664+0000 INFO  [o.n.k.i.DiagnosticsManager]:  [classpath + loader.0] file:/home/nordine/workspace/java/neo4j-community-1.9.5/lib/org.apache.servicemix.bundles.jline-0.9.94_1.jar
2013-12-03 16:24:21.664+0000 INFO  [o.n.k.i.DiagnosticsManager]:  [bootstrap] /usr/lib/jvm/java-6-openjdk-i386/jre/lib/charsets.jar
2013-12-03 16:24:21.664+0000 INFO  [o.n.k.i.DiagnosticsManager]:  [classpath + loader.0] file:/home/nordine/workspace/java/neo4j-community-1.9.5/plugins/gremlin1.5/asm-util-3.2.jar
2013-12-03 16:24:21.664+0000 INFO  [o.n.k.i.DiagnosticsManager]:  [classpath + loader.0] file:/home/nordine/workspace/java/neo4j-community-1.9.5/plugins/gremlin1.5/pipes-1.0.jar
2013-12-03 16:24:21.664+0000 INFO  [o.n.k.i.DiagnosticsManager]:  [classpath + loader.0] file:/home/nordine/workspace/java/neo4j-community-1.9.5/plugins/gremlin1.5/gremlin-java-1.5.jar
2013-12-03 16:24:21.664+0000 INFO  [o.n.k.i.DiagnosticsManager]:  [classpath + loader.0] file:/home/nordine/workspace/java/neo4j-community-1.9.5/system/lib/commons-configuration-1.6.jar
2013-12-03 16:24:21.664+0000 INFO  [o.n.k.i.DiagnosticsManager]:  [loader.1] file:/usr/lib/jvm/java-6-openjdk-common/jre/lib/ext/pulse-java.jar
2013-12-03 16:24:21.664+0000 INFO  [o.n.k.i.DiagnosticsManager]:  [classpath + loader.0] file:/home/nordine/workspace/java/neo4j-community-1.9.5/system/lib/commons-beanutils-1.8.0.jar
2013-12-03 16:24:21.664+0000 INFO  [o.n.k.i.DiagnosticsManager]:  [classpath + loader.0] file:/home/nordine/workspace/java/neo4j-community-1.9.5/lib/server-api-1.9.5.jar
2013-12-03 16:24:21.664+0000 INFO  [o.n.k.i.DiagnosticsManager]:  [classpath + loader.0] file:/home/nordine/workspace/java/neo4j-community-1.9.5/plugins/gremlin1.5/groovy-1.8.5.jar
2013-12-03 16:24:21.664+0000 INFO  [o.n.k.i.DiagnosticsManager]:  [bootstrap] /usr/lib/jvm/java-6-openjdk-i386/jre/lib/rhino.jar
2013-12-03 16:24:21.664+0000 INFO  [o.n.k.i.DiagnosticsManager]:  [classpath + loader.0] file:/home/nordine/workspace/java/neo4j-community-1.9.5/lib/neo4j-lucene-index-1.9.5.jar
2013-12-03 16:24:21.664+0000 INFO  [o.n.k.i.DiagnosticsManager]:  [classpath + loader.0] file:/home/nordine/workspace/java/neo4j-community-1.9.5/system/lib/jetty-util-6.1.25.jar
2013-12-03 16:24:21.665+0000 INFO  [o.n.k.i.DiagnosticsManager]:  [loader.1] file:/usr/lib/i386-linux-gnu/jni/libatk-wrapper.so.0.0.18
2013-12-03 16:24:21.665+0000 INFO  [o.n.k.i.DiagnosticsManager]:  [classpath + loader.0] file:/home/nordine/workspace/java/neo4j-community-1.9.5/system/lib/mimepull-1.6.jar
2013-12-03 16:24:21.665+0000 INFO  [o.n.k.i.DiagnosticsManager]:  [classpath + loader.0] file:/home/nordine/workspace/java/neo4j-community-1.9.5/lib/neo4j-udc-1.9.5.jar
2013-12-03 16:24:21.665+0000 INFO  [o.n.k.i.DiagnosticsManager]:  [loader.1] file:/usr/lib/jvm/java-6-openjdk-common/jre/lib/ext/dnsns.jar
2013-12-03 16:24:21.665+0000 INFO  [o.n.k.i.DiagnosticsManager]:  [classpath + loader.0] file:/home/nordine/workspace/java/neo4j-community-1.9.5/lib/geronimo-jta_1.1_spec-1.1.1.jar
2013-12-03 16:24:21.665+0000 INFO  [o.n.k.i.DiagnosticsManager]:  [classpath + loader.0] file:/home/nordine/workspace/java/neo4j-community-1.9.5/plugins/gremlin1.5/asm-analysis-3.2.jar
2013-12-03 16:24:21.665+0000 INFO  [o.n.k.i.DiagnosticsManager]: Library path:
2013-12-03 16:24:21.665+0000 INFO  [o.n.k.i.DiagnosticsManager]: /usr/lib/jvm/java-6-openjdk-i386/jre/lib/i386/server
2013-12-03 16:24:21.665+0000 INFO  [o.n.k.i.DiagnosticsManager]: /usr/lib/jvm/java-6-openjdk-i386/jre/lib/i386
2013-12-03 16:24:21.665+0000 INFO  [o.n.k.i.DiagnosticsManager]: /usr/lib/jvm/java-6-openjdk-i386/lib/i386
2013-12-03 16:24:21.666+0000 INFO  [o.n.k.i.DiagnosticsManager]: /usr/java/packages/lib/i386
2013-12-03 16:24:21.666+0000 INFO  [o.n.k.i.DiagnosticsManager]: /usr/lib/i386-linux-gnu/jni
2013-12-03 16:24:21.666+0000 INFO  [o.n.k.i.DiagnosticsManager]: /lib/i386-linux-gnu
2013-12-03 16:24:21.666+0000 INFO  [o.n.k.i.DiagnosticsManager]: /usr/lib/i386-linux-gnu
2013-12-03 16:24:21.666+0000 INFO  [o.n.k.i.DiagnosticsManager]: /usr/lib/jni
2013-12-03 16:24:21.666+0000 INFO  [o.n.k.i.DiagnosticsManager]: /lib
2013-12-03 16:24:21.666+0000 INFO  [o.n.k.i.DiagnosticsManager]: /usr/lib
2013-12-03 16:24:21.666+0000 INFO  [o.n.k.i.DiagnosticsManager]: System.properties:
2013-12-03 16:24:21.667+0000 INFO  [o.n.k.i.DiagnosticsManager]: sun.boot.library.path = /usr/lib/jvm/java-6-openjdk-i386/jre/lib/i386
2013-12-03 16:24:21.667+0000 INFO  [o.n.k.i.DiagnosticsManager]: org.neo4j.server.properties = conf/neo4j-server.properties
2013-12-03 16:24:21.667+0000 INFO  [o.n.k.i.DiagnosticsManager]: path.separator = :
2013-12-03 16:24:21.667+0000 INFO  [o.n.k.i.DiagnosticsManager]: file.encoding.pkg = sun.io
2013-12-03 16:24:21.667+0000 INFO  [o.n.k.i.DiagnosticsManager]: sun.java.launcher = SUN_STANDARD
2013-12-03 16:24:21.667+0000 INFO  [o.n.k.i.DiagnosticsManager]: user.country = FR
2013-12-03 16:24:21.667+0000 INFO  [o.n.k.i.DiagnosticsManager]: sun.os.patch.level = unknown
2013-12-03 16:24:21.667+0000 INFO  [o.n.k.i.DiagnosticsManager]: user.dir = /home/nordine/workspace/java/neo4j-community-1.9.5
2013-12-03 16:24:21.667+0000 INFO  [o.n.k.i.DiagnosticsManager]: log4j.configuration = file:conf/log4j.properties
2013-12-03 16:24:21.667+0000 INFO  [o.n.k.i.DiagnosticsManager]: sun.jnu.encoding = UTF-8
2013-12-03 16:24:21.667+0000 INFO  [o.n.k.i.DiagnosticsManager]: sun.management.compiler = HotSpot Tiered Compilers
2013-12-03 16:24:21.667+0000 INFO  [o.n.k.i.DiagnosticsManager]: user.home = /home/nordine
2013-12-03 16:24:21.667+0000 INFO  [o.n.k.i.DiagnosticsManager]: user.timezone = Europe/Paris
2013-12-03 16:24:21.668+0000 INFO  [o.n.k.i.DiagnosticsManager]: file.encoding = UTF-8
2013-12-03 16:24:21.668+0000 INFO  [o.n.k.i.DiagnosticsManager]: user.name = nordine
2013-12-03 16:24:21.668+0000 INFO  [o.n.k.i.DiagnosticsManager]: sun.java.command = org.neo4j.server.Bootstrapper
2013-12-03 16:24:21.668+0000 INFO  [o.n.k.i.DiagnosticsManager]: sun.arch.data.model = 32
2013-12-03 16:24:21.668+0000 INFO  [o.n.k.i.DiagnosticsManager]: user.language = fr
2013-12-03 16:24:21.668+0000 INFO  [o.n.k.i.DiagnosticsManager]: file.separator = /
2013-12-03 16:24:21.668+0000 INFO  [o.n.k.i.DiagnosticsManager]: sun.io.unicode.encoding = UnicodeLittle
2013-12-03 16:24:21.668+0000 INFO  [o.n.k.i.DiagnosticsManager]: sun.cpu.endian = little
2013-12-03 16:24:21.668+0000 INFO  [o.n.k.i.DiagnosticsManager]: neo4j.instance = /home/nordine/workspace/java/neo4j-community-1.9.5
2013-12-03 16:24:21.668+0000 INFO  [o.n.k.i.DiagnosticsManager]: sun.desktop = gnome
2013-12-03 16:24:21.668+0000 INFO  [o.n.k.i.DiagnosticsManager]: neo4j.home = /home/nordine/workspace/java/neo4j-community-1.9.5
2013-12-03 16:24:21.668+0000 INFO  [o.n.k.i.DiagnosticsManager]: sun.cpu.isalist = 
2013-12-03 16:24:21.668+0000 INFO  [o.n.k.i.DiagnosticsManager]: Linux scheduler information:
2013-12-03 16:24:21.670+0000 INFO  [o.n.k.i.DiagnosticsManager]: none
2013-12-03 16:24:21.671+0000 INFO  [o.n.k.i.DiagnosticsManager]: none
2013-12-03 16:24:21.671+0000 INFO  [o.n.k.i.DiagnosticsManager]: none
2013-12-03 16:24:21.671+0000 INFO  [o.n.k.i.DiagnosticsManager]: none
2013-12-03 16:24:21.671+0000 INFO  [o.n.k.i.DiagnosticsManager]: none
2013-12-03 16:24:21.671+0000 INFO  [o.n.k.i.DiagnosticsManager]: none
2013-12-03 16:24:21.671+0000 INFO  [o.n.k.i.DiagnosticsManager]: none
2013-12-03 16:24:21.672+0000 INFO  [o.n.k.i.DiagnosticsManager]: none
2013-12-03 16:24:21.672+0000 INFO  [o.n.k.i.DiagnosticsManager]: none
2013-12-03 16:24:21.672+0000 INFO  [o.n.k.i.DiagnosticsManager]: none
2013-12-03 16:24:21.672+0000 INFO  [o.n.k.i.DiagnosticsManager]: none
2013-12-03 16:24:21.672+0000 INFO  [o.n.k.i.DiagnosticsManager]: none
2013-12-03 16:24:21.673+0000 INFO  [o.n.k.i.DiagnosticsManager]: none
2013-12-03 16:24:21.686+0000 INFO  [o.n.k.i.DiagnosticsManager]: none
2013-12-03 16:24:21.686+0000 INFO  [o.n.k.i.DiagnosticsManager]: none
2013-12-03 16:24:21.687+0000 INFO  [o.n.k.i.DiagnosticsManager]: none
2013-12-03 16:24:21.687+0000 INFO  [o.n.k.i.DiagnosticsManager]: none
2013-12-03 16:24:21.687+0000 INFO  [o.n.k.i.DiagnosticsManager]: none
2013-12-03 16:24:21.687+0000 INFO  [o.n.k.i.DiagnosticsManager]: none
2013-12-03 16:24:21.687+0000 INFO  [o.n.k.i.DiagnosticsManager]: none
2013-12-03 16:24:21.688+0000 INFO  [o.n.k.i.DiagnosticsManager]: none
2013-12-03 16:24:21.688+0000 INFO  [o.n.k.i.DiagnosticsManager]: none
2013-12-03 16:24:21.688+0000 INFO  [o.n.k.i.DiagnosticsManager]: none
2013-12-03 16:24:21.688+0000 INFO  [o.n.k.i.DiagnosticsManager]: none
2013-12-03 16:24:21.688+0000 INFO  [o.n.k.i.DiagnosticsManager]: noop deadline [cfq] 
2013-12-03 16:24:21.689+0000 INFO  [o.n.k.i.DiagnosticsManager]: noop deadline [cfq] 
2013-12-03 16:24:21.689+0000 INFO  [o.n.k.i.DiagnosticsManager]: Network information:
2013-12-03 16:24:21.704+0000 INFO  [o.n.k.i.DiagnosticsManager]: Interface usb0:
2013-12-03 16:24:21.704+0000 INFO  [o.n.k.i.DiagnosticsManager]:     address: fe80:0:0:0:37:3fff:fe6b:6f0d%5
2013-12-03 16:24:21.705+0000 INFO  [o.n.k.i.DiagnosticsManager]:     address: 192.168.42.11
2013-12-03 16:24:21.705+0000 INFO  [o.n.k.i.DiagnosticsManager]: Interface lo:
2013-12-03 16:24:21.705+0000 INFO  [o.n.k.i.DiagnosticsManager]:     address: 0:0:0:0:0:0:0:1%1
2013-12-03 16:24:21.705+0000 INFO  [o.n.k.i.DiagnosticsManager]:     address: 127.0.0.1
2013-12-03 16:24:21.705+0000 INFO  [o.n.k.i.DiagnosticsManager]: --- INITIALIZED diagnostics END ---
2013-12-03 16:24:21.834+0000 INFO  [o.n.k.i.n.s.StoreFactory]: Creating new db @ /home/nordine/workspace/java/neo4j-community-1.9.5/data/graph.db/neostore
2013-12-03 16:24:22.007+0000 INFO  [o.n.k.i.n.s.StoreFactory]: [/home/nordine/workspace/java/neo4j-community-1.9.5/data/graph.db/neostore.nodestore.db] brickCount=0 brickSize=754974b mappedMem=75497472b (storeSize=0b)
2013-12-03 16:24:22.070+0000 INFO  [o.n.k.i.n.s.StoreFactory]: /home/nordine/workspace/java/neo4j-community-1.9.5/data/graph.db/neostore.nodestore.db hit=1 miss=0 switches=0 ooe=0
2013-12-03 16:24:22.837+0000 INFO  [o.n.k.i.n.s.StoreFactory]: [/home/nordine/workspace/java/neo4j-community-1.9.5/data/graph.db/neostore.relationshiptypestore.db.names] brickCount=0 brickSize=0b mappedMem=0b (storeSize=38b)
2013-12-03 16:24:22.841+0000 INFO  [o.n.k.i.n.s.StoreFactory]: [/home/nordine/workspace/java/neo4j-community-1.9.5/data/graph.db/neostore.relationshiptypestore.db] brickCount=0 brickSize=0b mappedMem=0b (storeSize=0b)
2013-12-03 16:24:22.873+0000 INFO  [o.n.k.i.n.s.StoreFactory]: /home/nordine/workspace/java/neo4j-community-1.9.5/data/graph.db/neostore.relationshiptypestore.db.names hit=0 miss=0 switches=0 ooe=0
2013-12-03 16:24:22.930+0000 INFO  [o.n.k.i.n.s.StoreFactory]: /home/nordine/workspace/java/neo4j-community-1.9.5/data/graph.db/neostore.relationshiptypestore.db hit=0 miss=0 switches=0 ooe=0
2013-12-03 16:24:22.987+0000 INFO  [o.n.k.i.n.s.StoreFactory]: [/home/nordine/workspace/java/neo4j-community-1.9.5/data/graph.db/neostore.relationshiptypestore.db.names] brickCount=0 brickSize=0b mappedMem=0b (storeSize=38b)
2013-12-03 16:24:22.989+0000 INFO  [o.n.k.i.n.s.StoreFactory]: [/home/nordine/workspace/java/neo4j-community-1.9.5/data/graph.db/neostore.relationshiptypestore.db] brickCount=0 brickSize=0b mappedMem=0b (storeSize=0b)
2013-12-03 16:24:22.991+0000 INFO  [o.n.k.i.n.s.StoreFactory]: [/home/nordine/workspace/java/neo4j-community-1.9.5/data/graph.db/neostore.propertystore.db.strings] brickCount=0 brickSize=232704b mappedMem=232783872b (storeSize=128b)
2013-12-03 16:24:22.992+0000 INFO  [o.n.k.i.n.s.StoreFactory]: [/home/nordine/workspace/java/neo4j-community-1.9.5/data/graph.db/neostore.propertystore.db.index.keys] brickCount=0 brickSize=0b mappedMem=0b (storeSize=38b)
2013-12-03 16:24:22.995+0000 INFO  [o.n.k.i.n.s.StoreFactory]: [/home/nordine/workspace/java/neo4j-community-1.9.5/data/graph.db/neostore.propertystore.db.index] brickCount=0 brickSize=0b mappedMem=0b (storeSize=0b)
2013-12-03 16:24:22.999+0000 INFO  [o.n.k.i.n.s.StoreFactory]: [/home/nordine/workspace/java/neo4j-community-1.9.5/data/graph.db/neostore.propertystore.db.arrays] brickCount=0 brickSize=264192b mappedMem=264241152b (storeSize=128b)
2013-12-03 16:24:23.004+0000 INFO  [o.n.k.i.n.s.StoreFactory]: [/home/nordine/workspace/java/neo4j-community-1.9.5/data/graph.db/neostore.propertystore.db] brickCount=0 brickSize=2736750b mappedMem=273678336b (storeSize=0b)
2013-12-03 16:24:23.006+0000 INFO  [o.n.k.i.n.s.StoreFactory]: [/home/nordine/workspace/java/neo4j-community-1.9.5/data/graph.db/neostore.relationshipstore.db] brickCount=0 brickSize=3355440b mappedMem=335544320b (storeSize=0b)
2013-12-03 16:24:23.006+0000 INFO  [o.n.k.i.n.s.StoreFactory]: [/home/nordine/workspace/java/neo4j-community-1.9.5/data/graph.db/neostore.nodestore.db] brickCount=0 brickSize=75492b mappedMem=75497472b (storeSize=9b)
2013-12-03 16:24:23.007+0000 INFO  [o.n.k.i.n.s.StoreFactory]: [/home/nordine/workspace/java/neo4j-community-1.9.5/data/graph.db/neostore] brickCount=0 brickSize=0b mappedMem=0b (storeSize=0b)
2013-12-03 16:24:23.042+0000 INFO  [o.n.k.i.n.s.StoreFactory]: /home/nordine/workspace/java/neo4j-community-1.9.5/data/graph.db/neostore.relationshiptypestore.db.names hit=0 miss=0 switches=0 ooe=0
2013-12-03 16:24:23.099+0000 INFO  [o.n.k.i.n.s.StoreFactory]: /home/nordine/workspace/java/neo4j-community-1.9.5/data/graph.db/neostore.relationshiptypestore.db hit=0 miss=0 switches=0 ooe=0
2013-12-03 16:24:23.165+0000 INFO  [o.n.k.i.n.s.StoreFactory]: /home/nordine/workspace/java/neo4j-community-1.9.5/data/graph.db/neostore.propertystore.db.strings hit=0 miss=0 switches=0 ooe=0
2013-12-03 16:24:23.233+0000 INFO  [o.n.k.i.n.s.StoreFactory]: /home/nordine/workspace/java/neo4j-community-1.9.5/data/graph.db/neostore.propertystore.db.index.keys hit=0 miss=0 switches=0 ooe=0
2013-12-03 16:24:23.289+0000 INFO  [o.n.k.i.n.s.StoreFactory]: /home/nordine/workspace/java/neo4j-community-1.9.5/data/graph.db/neostore.propertystore.db.index hit=0 miss=0 switches=0 ooe=0
2013-12-03 16:24:23.366+0000 INFO  [o.n.k.i.n.s.StoreFactory]: /home/nordine/workspace/java/neo4j-community-1.9.5/data/graph.db/neostore.propertystore.db.arrays hit=0 miss=0 switches=0 ooe=0
2013-12-03 16:24:23.423+0000 INFO  [o.n.k.i.n.s.StoreFactory]: /home/nordine/workspace/java/neo4j-community-1.9.5/data/graph.db/neostore.propertystore.db hit=0 miss=0 switches=0 ooe=0
2013-12-03 16:24:23.479+0000 INFO  [o.n.k.i.n.s.StoreFactory]: /home/nordine/workspace/java/neo4j-community-1.9.5/data/graph.db/neostore.relationshipstore.db hit=0 miss=0 switches=0 ooe=0
2013-12-03 16:24:23.544+0000 INFO  [o.n.k.i.n.s.StoreFactory]: /home/nordine/workspace/java/neo4j-community-1.9.5/data/graph.db/neostore.nodestore.db hit=0 miss=0 switches=0 ooe=0
2013-12-03 16:24:23.649+0000 INFO  [o.n.k.i.n.s.StoreFactory]: /home/nordine/workspace/java/neo4j-community-1.9.5/data/graph.db/neostore hit=0 miss=8 switches=0 ooe=0
2013-12-03 16:24:23.713+0000 INFO  [o.n.k.i.n.s.StoreFactory]: [/home/nordine/workspace/java/neo4j-community-1.9.5/data/graph.db/neostore.relationshiptypestore.db.names] brickCount=0 brickSize=0b mappedMem=0b (storeSize=38b)
2013-12-03 16:24:23.714+0000 INFO  [o.n.k.i.n.s.StoreFactory]: [/home/nordine/workspace/java/neo4j-community-1.9.5/data/graph.db/neostore.relationshiptypestore.db] brickCount=0 brickSize=0b mappedMem=0b (storeSize=0b)
2013-12-03 16:24:23.715+0000 INFO  [o.n.k.i.n.s.StoreFactory]: [/home/nordine/workspace/java/neo4j-community-1.9.5/data/graph.db/neostore.propertystore.db.strings] brickCount=0 brickSize=232704b mappedMem=232783872b (storeSize=128b)
2013-12-03 16:24:23.716+0000 INFO  [o.n.k.i.n.s.StoreFactory]: [/home/nordine/workspace/java/neo4j-community-1.9.5/data/graph.db/neostore.propertystore.db.index.keys] brickCount=0 brickSize=0b mappedMem=0b (storeSize=38b)
2013-12-03 16:24:23.717+0000 INFO  [o.n.k.i.n.s.StoreFactory]: [/home/nordine/workspace/java/neo4j-community-1.9.5/data/graph.db/neostore.propertystore.db.index] brickCount=0 brickSize=0b mappedMem=0b (storeSize=0b)
2013-12-03 16:24:23.718+0000 INFO  [o.n.k.i.n.s.StoreFactory]: [/home/nordine/workspace/java/neo4j-community-1.9.5/data/graph.db/neostore.propertystore.db.arrays] brickCount=0 brickSize=264192b mappedMem=264241152b (storeSize=128b)
2013-12-03 16:24:23.720+0000 INFO  [o.n.k.i.n.s.StoreFactory]: [/home/nordine/workspace/java/neo4j-community-1.9.5/data/graph.db/neostore.propertystore.db] brickCount=0 brickSize=2736750b mappedMem=273678336b (storeSize=0b)
2013-12-03 16:24:23.721+0000 INFO  [o.n.k.i.n.s.StoreFactory]: [/home/nordine/workspace/java/neo4j-community-1.9.5/data/graph.db/neostore.relationshipstore.db] brickCount=0 brickSize=3355440b mappedMem=335544320b (storeSize=0b)
2013-12-03 16:24:23.722+0000 INFO  [o.n.k.i.n.s.StoreFactory]: [/home/nordine/workspace/java/neo4j-community-1.9.5/data/graph.db/neostore.nodestore.db] brickCount=0 brickSize=75492b mappedMem=75497472b (storeSize=9b)
2013-12-03 16:24:23.722+0000 INFO  [o.n.k.i.n.s.StoreFactory]: [/home/nordine/workspace/java/neo4j-community-1.9.5/data/graph.db/neostore] brickCount=0 brickSize=0b mappedMem=0b (storeSize=54b)
2013-12-03 16:24:23.739+0000 INFO  [o.n.k.i.t.x.XaLogicalLog]: Opened logical log [data/graph.db/nioneo_logical.log.1] version=0, lastTxId=1 (clean)
2013-12-03 16:24:23.788+0000 INFO  [o.n.k.i.t.TxManager]: TM new log: tm_tx_log.1
2013-12-03 16:24:24.073+0000 INFO  [o.n.k.i.t.x.XaLogicalLog]: Opened logical log [data/graph.db/index/lucene.log.1] version=0, lastTxId=1 (clean)
2013-12-03 16:24:24.112+0000 INFO  [o.n.k.i.DiagnosticsManager]: --- STARTED diagnostics for KernelDiagnostics:Versions START ---
2013-12-03 16:24:24.112+0000 INFO  [o.n.k.i.DiagnosticsManager]: Graph Database: org.neo4j.kernel.EmbeddedGraphDatabase StoreId[time:1386087861835, id:-8472276114879772162, store version: 13561656364791302]
2013-12-03 16:24:24.112+0000 INFO  [o.n.k.i.DiagnosticsManager]: Kernel version: Neo4j - Graph Database Kernel 1.9.5
2013-12-03 16:24:24.112+0000 INFO  [o.n.k.i.DiagnosticsManager]: Neo4j component versions:
2013-12-03 16:24:24.114+0000 INFO  [o.n.k.i.DiagnosticsManager]:   Neo4j - Graph Database Kernel 1.9.5
2013-12-03 16:24:24.114+0000 INFO  [o.n.k.i.DiagnosticsManager]: --- STARTED diagnostics for KernelDiagnostics:Versions END ---
2013-12-03 16:24:24.116+0000 INFO  [o.n.k.i.DiagnosticsManager]: --- STARTED diagnostics for NEO_STORE_VERSIONS START ---
2013-12-03 16:24:24.117+0000 INFO  [o.n.k.i.DiagnosticsManager]: Store versions:
2013-12-03 16:24:24.117+0000 INFO  [o.n.k.i.DiagnosticsManager]: Store versions:
2013-12-03 16:24:24.117+0000 INFO  [o.n.k.i.DiagnosticsManager]:   NeoStore v0.A.0
2013-12-03 16:24:24.117+0000 INFO  [o.n.k.i.DiagnosticsManager]:   NodeStore v0.A.0
2013-12-03 16:24:24.117+0000 INFO  [o.n.k.i.DiagnosticsManager]:   RelationshipStore v0.A.0
2013-12-03 16:24:24.118+0000 INFO  [o.n.k.i.DiagnosticsManager]:   RelationshipTypeStore v0.A.0
2013-12-03 16:24:24.118+0000 INFO  [o.n.k.i.DiagnosticsManager]:   PropertyStore v0.A.0
2013-12-03 16:24:24.118+0000 INFO  [o.n.k.i.DiagnosticsManager]:   PropertyIndexStore v0.A.0
2013-12-03 16:24:24.118+0000 INFO  [o.n.k.i.DiagnosticsManager]:   StringPropertyStore v0.A.0
2013-12-03 16:24:24.118+0000 INFO  [o.n.k.i.DiagnosticsManager]:   ArrayPropertyStore v0.A.0
2013-12-03 16:24:24.118+0000 INFO  [o.n.k.i.DiagnosticsManager]: --- STARTED diagnostics for NEO_STORE_VERSIONS END ---
2013-12-03 16:24:24.118+0000 INFO  [o.n.k.i.DiagnosticsManager]: --- STARTED diagnostics for NEO_STORE_ID_USAGE START ---
2013-12-03 16:24:24.118+0000 INFO  [o.n.k.i.DiagnosticsManager]: Id usage:
2013-12-03 16:24:24.118+0000 INFO  [o.n.k.i.DiagnosticsManager]: Id usage:
2013-12-03 16:24:24.118+0000 INFO  [o.n.k.i.DiagnosticsManager]:   NodeStore: used=1 high=0
2013-12-03 16:24:24.119+0000 INFO  [o.n.k.i.DiagnosticsManager]:   RelationshipStore: used=0 high=-1
2013-12-03 16:24:24.119+0000 INFO  [o.n.k.i.DiagnosticsManager]:   RelationshipTypeStore: used=0 high=-1
2013-12-03 16:24:24.119+0000 INFO  [o.n.k.i.DiagnosticsManager]:   PropertyStore: used=0 high=-1
2013-12-03 16:24:24.119+0000 INFO  [o.n.k.i.DiagnosticsManager]:   PropertyIndexStore: used=0 high=-1
2013-12-03 16:24:24.119+0000 INFO  [o.n.k.i.DiagnosticsManager]:   StringPropertyStore: used=1 high=0
2013-12-03 16:24:24.119+0000 INFO  [o.n.k.i.DiagnosticsManager]:   ArrayPropertyStore: used=1 high=0
2013-12-03 16:24:24.120+0000 INFO  [o.n.k.i.DiagnosticsManager]: --- STARTED diagnostics for NEO_STORE_ID_USAGE END ---
2013-12-03 16:24:24.120+0000 INFO  [o.n.k.i.DiagnosticsManager]: --- STARTED diagnostics for PERSISTENCE_WINDOW_POOL_STATS START ---
2013-12-03 16:24:24.120+0000 INFO  [o.n.k.i.DiagnosticsManager]: --- STARTED diagnostics for PERSISTENCE_WINDOW_POOL_STATS END ---
2013-12-03 16:24:24.120+0000 INFO  [o.n.k.i.DiagnosticsManager]: --- STARTED diagnostics for KernelDiagnostics:StoreFiles START ---
2013-12-03 16:24:24.121+0000 INFO  [o.n.k.i.DiagnosticsManager]: Disk space on partition (Total / Free / Free %): 16435298304 / 913014784 / 5
Storage files: (filename : modification date - size)
2013-12-03 16:24:24.121+0000 INFO  [o.n.k.i.DiagnosticsManager]:   tm_tx_log.1: 2013-12-03T17:24:23+0100 - 0,00 B
2013-12-03 16:24:24.122+0000 INFO  [o.n.k.i.DiagnosticsManager]:   neostore.propertystore.db.arrays: 2013-12-03T17:24:23+0100 - 128,00 B
2013-12-03 16:24:24.122+0000 INFO  [o.n.k.i.DiagnosticsManager]:   neostore.propertystore.db.index.keys: 2013-12-03T17:24:23+0100 - 38,00 B
2013-12-03 16:24:24.123+0000 INFO  [o.n.k.i.DiagnosticsManager]:   neostore.relationshiptypestore.db: 2013-12-03T17:24:23+0100 - 0,00 B
2013-12-03 16:24:24.123+0000 INFO  [o.n.k.i.DiagnosticsManager]:   neostore.nodestore.db.id: 2013-12-03T17:24:23+0100 - 9,00 B
2013-12-03 16:24:24.123+0000 INFO  [o.n.k.i.DiagnosticsManager]:   neostore.propertystore.db.strings: 2013-12-03T17:24:23+0100 - 128,00 B
2013-12-03 16:24:24.124+0000 INFO  [o.n.k.i.DiagnosticsManager]:   neostore.relationshipstore.db.id: 2013-12-03T17:24:23+0100 - 9,00 B
2013-12-03 16:24:24.124+0000 INFO  [o.n.k.i.DiagnosticsManager]:   neostore.propertystore.db.index: 2013-12-03T17:24:23+0100 - 0,00 B
2013-12-03 16:24:24.124+0000 INFO  [o.n.k.i.DiagnosticsManager]:   store_lock: 2013-12-03T17:24:21+0100 - 0,00 B
2013-12-03 16:24:24.125+0000 INFO  [o.n.k.i.DiagnosticsManager]:   neostore.relationshiptypestore.db.names: 2013-12-03T17:24:23+0100 - 38,00 B
2013-12-03 16:24:24.125+0000 INFO  [o.n.k.i.DiagnosticsManager]:   neostore.relationshipstore.db: 2013-12-03T17:24:23+0100 - 0,00 B
2013-12-03 16:24:24.125+0000 INFO  [o.n.k.i.DiagnosticsManager]:   nioneo_logical.log.active: 2013-12-03T17:24:23+0100 - 4,00 B
2013-12-03 16:24:24.126+0000 INFO  [o.n.k.i.DiagnosticsManager]:   neostore.propertystore.db.strings.id: 2013-12-03T17:24:23+0100 - 9,00 B
2013-12-03 16:24:24.126+0000 INFO  [o.n.k.i.DiagnosticsManager]:   neostore.propertystore.db.arrays.id: 2013-12-03T17:24:23+0100 - 9,00 B
2013-12-03 16:24:24.126+0000 INFO  [o.n.k.i.DiagnosticsManager]:   index:
2013-12-03 16:24:24.127+0000 INFO  [o.n.k.i.DiagnosticsManager]:     lucene-store.db: 2013-12-03T17:24:24+0100 - 40,00 B
2013-12-03 16:24:24.127+0000 INFO  [o.n.k.i.DiagnosticsManager]:     lucene.log.1: 2013-12-03T17:24:24+0100 - 16,00 B
2013-12-03 16:24:24.127+0000 INFO  [o.n.k.i.DiagnosticsManager]:     lucene.log.active: 2013-12-03T17:24:24+0100 - 4,00 B
2013-12-03 16:24:24.128+0000 INFO  [o.n.k.i.DiagnosticsManager]:   - Total: 2013-12-03T17:24:24+0100 - 60,00 B
2013-12-03 16:24:24.128+0000 INFO  [o.n.k.i.DiagnosticsManager]:   neostore.id: 2013-12-03T17:24:23+0100 - 9,00 B
2013-12-03 16:24:24.128+0000 INFO  [o.n.k.i.DiagnosticsManager]:   neostore.propertystore.db.index.keys.id: 2013-12-03T17:24:23+0100 - 9,00 B
2013-12-03 16:24:24.129+0000 INFO  [o.n.k.i.DiagnosticsManager]:   active_tx_log: 2013-12-03T17:24:23+0100 - 11,00 B
2013-12-03 16:24:24.129+0000 INFO  [o.n.k.i.DiagnosticsManager]:   neostore.propertystore.db: 2013-12-03T17:24:23+0100 - 0,00 B
2013-12-03 16:24:24.130+0000 INFO  [o.n.k.i.DiagnosticsManager]:   lock: 2013-12-03T17:24:23+0100 - 0,00 B
2013-12-03 16:24:24.130+0000 INFO  [o.n.k.i.DiagnosticsManager]:   neostore.propertystore.db.index.id: 2013-12-03T17:24:23+0100 - 9,00 B
2013-12-03 16:24:24.130+0000 INFO  [o.n.k.i.DiagnosticsManager]:   neostore.propertystore.db.id: 2013-12-03T17:24:23+0100 - 9,00 B
2013-12-03 16:24:24.131+0000 INFO  [o.n.k.i.DiagnosticsManager]:   neostore: 2013-12-03T17:24:23+0100 - 54,00 B
2013-12-03 16:24:24.131+0000 INFO  [o.n.k.i.DiagnosticsManager]:   nioneo_logical.log.1: 2013-12-03T17:24:23+0100 - 16,00 B
2013-12-03 16:24:24.131+0000 INFO  [o.n.k.i.DiagnosticsManager]:   neostore.relationshiptypestore.db.names.id: 2013-12-03T17:24:23+0100 - 9,00 B
2013-12-03 16:24:24.132+0000 INFO  [o.n.k.i.DiagnosticsManager]:   messages.log: 2013-12-03T17:24:24+0100 - 40,32 kB
2013-12-03 16:24:24.132+0000 INFO  [o.n.k.i.DiagnosticsManager]:   neostore.nodestore.db: 2013-12-03T17:24:23+0100 - 9,00 B
2013-12-03 16:24:24.132+0000 INFO  [o.n.k.i.DiagnosticsManager]:   neostore.relationshiptypestore.db.id: 2013-12-03T17:24:23+0100 - 9,00 B
2013-12-03 16:24:24.132+0000 INFO  [o.n.k.i.DiagnosticsManager]: --- STARTED diagnostics for KernelDiagnostics:StoreFiles END ---
2013-12-03 16:24:24.135+0000 INFO  [o.n.k.EmbeddedGraphDatabase]: GC Monitor started. 
2013-12-03 16:24:24.137+0000 INFO  [o.n.k.EmbeddedGraphDatabase]: Database is now ready
2013-12-03 16:24:25.644+0000 INFO  [o.n.k.i.DiagnosticsManager]: --- SERVER STARTED START ---
2013-12-03 16:24:25.645+0000 INFO  [o.n.k.i.DiagnosticsManager]: --- STARTED diagnostics for org.neo4j.server.configuration.Configurator START ---
2013-12-03 16:24:25.647+0000 INFO  [o.n.k.i.DiagnosticsManager]: Server configuration:
2013-12-03 16:24:25.647+0000 INFO  [o.n.k.i.DiagnosticsManager]: org.neo4j.server.database.location = data/graph.db
2013-12-03 16:24:25.648+0000 INFO  [o.n.k.i.DiagnosticsManager]: org.neo4j.server.webserver.port = 7474
2013-12-03 16:24:25.648+0000 INFO  [o.n.k.i.DiagnosticsManager]: org.neo4j.server.webserver.https.enabled = true
2013-12-03 16:24:25.648+0000 INFO  [o.n.k.i.DiagnosticsManager]: org.neo4j.server.webserver.https.port = 7473
2013-12-03 16:24:25.648+0000 INFO  [o.n.k.i.DiagnosticsManager]: org.neo4j.server.webserver.https.cert.location = conf/ssl/snakeoil.cert
2013-12-03 16:24:25.648+0000 INFO  [o.n.k.i.DiagnosticsManager]: org.neo4j.server.webserver.https.key.location = conf/ssl/snakeoil.key
2013-12-03 16:24:25.648+0000 INFO  [o.n.k.i.DiagnosticsManager]: org.neo4j.server.webserver.https.keystore.location = data/keystore
2013-12-03 16:24:25.648+0000 INFO  [o.n.k.i.DiagnosticsManager]: org.neo4j.server.webadmin.rrdb.location = data/rrd
2013-12-03 16:24:25.648+0000 INFO  [o.n.k.i.DiagnosticsManager]: org.neo4j.server.db.tuning.properties = conf/neo4j.properties
2013-12-03 16:24:25.648+0000 INFO  [o.n.k.i.DiagnosticsManager]: org.neo4j.server.manage.console_engines = [gremlin, shell]
2013-12-03 16:24:25.648+0000 INFO  [o.n.k.i.DiagnosticsManager]: org.neo4j.server.http.log.enabled = false
2013-12-03 16:24:25.648+0000 INFO  [o.n.k.i.DiagnosticsManager]: org.neo4j.server.http.log.config = conf/neo4j-http-logging.xml
2013-12-03 16:24:25.648+0000 INFO  [o.n.k.i.DiagnosticsManager]: org.neo4j.server.webadmin.management.uri = /db/manage/
2013-12-03 16:24:25.648+0000 INFO  [o.n.k.i.DiagnosticsManager]: org.neo4j.server.webadmin.data.uri = /db/data/
2013-12-03 16:24:25.648+0000 INFO  [o.n.k.i.DiagnosticsManager]: --- STARTED diagnostics for org.neo4j.server.configuration.Configurator END ---
2013-12-03 16:24:25.653+0000 INFO  [o.n.k.i.DiagnosticsManager]: Mounted discovery module (org.neo4j.server.rest.discovery) at: /
2013-12-03 16:24:25.713+0000 INFO  [o.n.k.i.DiagnosticsManager]: Loaded server plugin "CypherPlugin" (org.neo4j.server.plugin.cypher.CypherPlugin)
2013-12-03 16:24:25.716+0000 INFO  [o.n.k.i.DiagnosticsManager]:   GraphDatabaseService.execute_query: execute a query
2013-12-03 16:24:25.716+0000 INFO  [o.n.k.i.DiagnosticsManager]: Loaded server plugin "GremlinPlugin" (org.neo4j.server.plugin.gremlin.GremlinPlugin)
2013-12-03 16:24:25.717+0000 INFO  [o.n.k.i.DiagnosticsManager]:   GraphDatabaseService.execute_script: execute a Gremlin script with 'g' set to the Neo4jGraph and 'results' containing the results. Only results of one object type is supported.
2013-12-03 16:24:25.717+0000 INFO  [o.n.k.i.DiagnosticsManager]: Mounted REST API at: /db/data/
2013-12-03 16:24:25.720+0000 INFO  [o.n.k.i.DiagnosticsManager]: Mounted management API at: /db/manage/
2013-12-03 16:24:25.808+0000 INFO  [o.n.k.i.DiagnosticsManager]: Mounted webadmin at: /webadmin
2013-12-03 16:24:27.743+0000 INFO  [o.n.k.i.DiagnosticsManager]: Server started on: http://localhost:7474/
2013-12-03 16:24:27.744+0000 INFO  [o.n.k.i.DiagnosticsManager]: --- SERVER STARTED END ---
2013-12-03 17:07:56.659+0000 INFO  [o.n.k.EmbeddedGraphDatabase]: Shutdown started
2013-12-03 17:07:56.660+0000 INFO  [o.n.k.EmbeddedGraphDatabase]: Database is no longer ready
2013-12-03 17:07:56.662+0000 INFO  [o.n.k.EmbeddedGraphDatabase]: GC Monitor stopped. 
2013-12-03 17:07:56.679+0000 INFO  [o.n.k.i.t.x.XaLogicalLog]: Closed log data/graph.db/index/lucene.log
2013-12-03 17:07:56.680+0000 INFO  [o.n.k.i.t.TxManager]: TM shutting down
2013-12-03 17:07:56.699+0000 INFO  [o.n.k.i.t.x.XaLogicalLog]: Closed log data/graph.db/nioneo_logical.log
2013-12-03 17:07:56.762+0000 INFO  [o.n.k.i.n.s.StoreFactory]: /home/nordine/workspace/java/neo4j-community-1.9.5/data/graph.db/neostore.relationshiptypestore.db.names hit=0 miss=0 switches=0 ooe=0
2013-12-03 17:07:56.828+0000 INFO  [o.n.k.i.n.s.StoreFactory]: /home/nordine/workspace/java/neo4j-community-1.9.5/data/graph.db/neostore.relationshiptypestore.db hit=0 miss=0 switches=0 ooe=0
2013-12-03 17:07:56.896+0000 INFO  [o.n.k.i.n.s.StoreFactory]: /home/nordine/workspace/java/neo4j-community-1.9.5/data/graph.db/neostore.propertystore.db.strings hit=0 miss=0 switches=0 ooe=0
2013-12-03 17:07:56.952+0000 INFO  [o.n.k.i.n.s.StoreFactory]: /home/nordine/workspace/java/neo4j-community-1.9.5/data/graph.db/neostore.propertystore.db.index.keys hit=0 miss=0 switches=0 ooe=0
2013-12-03 17:07:57.008+0000 INFO  [o.n.k.i.n.s.StoreFactory]: /home/nordine/workspace/java/neo4j-community-1.9.5/data/graph.db/neostore.propertystore.db.index hit=0 miss=0 switches=0 ooe=0
2013-12-03 17:07:57.064+0000 INFO  [o.n.k.i.n.s.StoreFactory]: /home/nordine/workspace/java/neo4j-community-1.9.5/data/graph.db/neostore.propertystore.db.arrays hit=0 miss=0 switches=0 ooe=0
2013-12-03 17:07:57.120+0000 INFO  [o.n.k.i.n.s.StoreFactory]: /home/nordine/workspace/java/neo4j-community-1.9.5/data/graph.db/neostore.propertystore.db hit=0 miss=0 switches=0 ooe=0
2013-12-03 17:07:57.176+0000 INFO  [o.n.k.i.n.s.StoreFactory]: /home/nordine/workspace/java/neo4j-community-1.9.5/data/graph.db/neostore.relationshipstore.db hit=0 miss=0 switches=0 ooe=0
2013-12-03 17:07:57.232+0000 INFO  [o.n.k.i.n.s.StoreFactory]: /home/nordine/workspace/java/neo4j-community-1.9.5/data/graph.db/neostore.nodestore.db hit=2 miss=0 switches=0 ooe=0
2013-12-03 17:07:57.310+0000 INFO  [o.n.k.i.n.s.StoreFactory]: /home/nordine/workspace/java/neo4j-community-1.9.5/data/graph.db/neostore hit=0 miss=16 switches=0 ooe=0
2013-12-03 17:07:57.377+0000 INFO  [o.n.k.i.n.x.NeoStoreXaDataSource]: NeoStore closed
2013-12-03 17:07:57.377+0000 INFO  [o.n.k.i.DiagnosticsManager]: --- STOPPING diagnostics START ---
2013-12-03 17:07:57.378+0000 INFO  [o.n.k.i.DiagnosticsManager]: --- STOPPING diagnostics END ---
2014-01-17 14:16:23.488+0000 INFO  [o.n.k.i.DiagnosticsManager]: --- INITIALIZED diagnostics START ---
2014-01-17 14:16:23.494+0000 INFO  [o.n.k.i.DiagnosticsManager]: Neo4j Kernel properties:
2014-01-17 14:16:23.501+0000 INFO  [o.n.k.i.DiagnosticsManager]: neostore.propertystore.db.mapped_memory=237M
2014-01-17 14:16:23.501+0000 INFO  [o.n.k.i.DiagnosticsManager]: neostore.nodestore.db.mapped_memory=65M
2014-01-17 14:16:23.501+0000 INFO  [o.n.k.i.DiagnosticsManager]: neostore.propertystore.db.strings.mapped_memory=201M
2014-01-17 14:16:23.501+0000 INFO  [o.n.k.i.DiagnosticsManager]: neo4j.ext.udc.source=server
2014-01-17 14:16:23.501+0000 INFO  [o.n.k.i.DiagnosticsManager]: store_dir=data/graph.db
2014-01-17 14:16:23.501+0000 INFO  [o.n.k.i.DiagnosticsManager]: neostore.relationshipstore.db.mapped_memory=290M
2014-01-17 14:16:23.501+0000 INFO  [o.n.k.i.DiagnosticsManager]: keep_logical_logs=true
2014-01-17 14:16:23.501+0000 INFO  [o.n.k.i.DiagnosticsManager]: neostore.propertystore.db.arrays.mapped_memory=229M
2014-01-17 14:16:23.501+0000 INFO  [o.n.k.i.DiagnosticsManager]: remote_shell_enabled=true
2014-01-17 14:16:23.501+0000 INFO  [o.n.k.i.DiagnosticsManager]: ephemeral=false
2014-01-17 14:16:23.503+0000 INFO  [o.n.k.i.DiagnosticsManager]: Diagnostics providers:
2014-01-17 14:16:23.504+0000 INFO  [o.n.k.i.DiagnosticsManager]: org.neo4j.kernel.configuration.Config
2014-01-17 14:16:23.504+0000 INFO  [o.n.k.i.DiagnosticsManager]: org.neo4j.kernel.info.DiagnosticsManager
2014-01-17 14:16:23.504+0000 INFO  [o.n.k.i.DiagnosticsManager]: SYSTEM_MEMORY
2014-01-17 14:16:23.504+0000 INFO  [o.n.k.i.DiagnosticsManager]: JAVA_MEMORY
2014-01-17 14:16:23.504+0000 INFO  [o.n.k.i.DiagnosticsManager]: OPERATING_SYSTEM
2014-01-17 14:16:23.504+0000 INFO  [o.n.k.i.DiagnosticsManager]: JAVA_VIRTUAL_MACHINE
2014-01-17 14:16:23.504+0000 INFO  [o.n.k.i.DiagnosticsManager]: CLASSPATH
2014-01-17 14:16:23.504+0000 INFO  [o.n.k.i.DiagnosticsManager]: LIBRARY_PATH
2014-01-17 14:16:23.504+0000 INFO  [o.n.k.i.DiagnosticsManager]: SYSTEM_PROPERTIES
2014-01-17 14:16:23.504+0000 INFO  [o.n.k.i.DiagnosticsManager]: LINUX_SCHEDULERS
2014-01-17 14:16:23.504+0000 INFO  [o.n.k.i.DiagnosticsManager]: NETWORK
2014-01-17 14:16:23.505+0000 INFO  [o.n.k.i.DiagnosticsManager]: System memory information:
2014-01-17 14:16:23.508+0000 INFO  [o.n.k.i.DiagnosticsManager]: Total Physical memory: 2,95 GB
2014-01-17 14:16:23.508+0000 INFO  [o.n.k.i.DiagnosticsManager]: Free Physical memory: 277,38 MB
2014-01-17 14:16:23.508+0000 INFO  [o.n.k.i.DiagnosticsManager]: Committed virtual memory: 937,83 MB
2014-01-17 14:16:23.509+0000 INFO  [o.n.k.i.DiagnosticsManager]: Total swap space: 3,00 GB
2014-01-17 14:16:23.509+0000 INFO  [o.n.k.i.DiagnosticsManager]: Free swap space: 3,00 GB
2014-01-17 14:16:23.510+0000 INFO  [o.n.k.i.DiagnosticsManager]: JVM memory information:
2014-01-17 14:16:23.510+0000 INFO  [o.n.k.i.DiagnosticsManager]: Free  memory: 30,92 MB
2014-01-17 14:16:23.510+0000 INFO  [o.n.k.i.DiagnosticsManager]: Total memory: 45,69 MB
2014-01-17 14:16:23.510+0000 INFO  [o.n.k.i.DiagnosticsManager]: Max   memory: 743,25 MB
2014-01-17 14:16:23.513+0000 INFO  [o.n.k.i.DiagnosticsManager]: Garbage Collector: ParNew: [Par Eden Space, Par Survivor Space]
2014-01-17 14:16:23.513+0000 INFO  [o.n.k.i.DiagnosticsManager]: Garbage Collector: ConcurrentMarkSweep: [Par Eden Space, Par Survivor Space, CMS Old Gen, CMS Perm Gen]
2014-01-17 14:16:23.514+0000 INFO  [o.n.k.i.DiagnosticsManager]: Memory Pool: Code Cache (Non-heap memory): committed=2,25 MB, used=510,94 kB, max=48,00 MB, threshold=0,00 B
2014-01-17 14:16:23.517+0000 INFO  [o.n.k.i.DiagnosticsManager]: Memory Pool: Par Eden Space (Heap memory): committed=12,63 MB, used=10,07 MB, max=102,50 MB, threshold=?
2014-01-17 14:16:23.517+0000 INFO  [o.n.k.i.DiagnosticsManager]: Memory Pool: Par Survivor Space (Heap memory): committed=1,56 MB, used=1,56 MB, max=12,75 MB, threshold=?
2014-01-17 14:16:23.518+0000 INFO  [o.n.k.i.DiagnosticsManager]: Memory Pool: CMS Old Gen (Heap memory): committed=31,50 MB, used=3,13 MB, max=628,00 MB, threshold=0,00 B
2014-01-17 14:16:23.519+0000 INFO  [o.n.k.i.DiagnosticsManager]: Memory Pool: CMS Perm Gen (Non-heap memory): committed=16,00 MB, used=7,87 MB, max=64,00 MB, threshold=0,00 B
2014-01-17 14:16:23.519+0000 INFO  [o.n.k.i.DiagnosticsManager]: Operating system information:
2014-01-17 14:16:23.520+0000 INFO  [o.n.k.i.DiagnosticsManager]: Operating System: Linux; version: 3.2.0-38-generic; arch: i386; cpus: 2
2014-01-17 14:16:23.520+0000 INFO  [o.n.k.i.DiagnosticsManager]: Max number of file descriptors: 4096
2014-01-17 14:16:23.521+0000 INFO  [o.n.k.i.DiagnosticsManager]: Number of open file descriptors: 74
2014-01-17 14:16:23.521+0000 INFO  [o.n.k.i.DiagnosticsManager]: Process id: 4583@nordine
2014-01-17 14:16:23.521+0000 INFO  [o.n.k.i.DiagnosticsManager]: Byte order: LITTLE_ENDIAN
2014-01-17 14:16:23.521+0000 INFO  [o.n.k.i.DiagnosticsManager]: Local timezone: Europe/Paris
2014-01-17 14:16:23.521+0000 INFO  [o.n.k.i.DiagnosticsManager]: JVM information:
2014-01-17 14:16:23.522+0000 INFO  [o.n.k.i.DiagnosticsManager]: VM Name: Java HotSpot(TM) Server VM
2014-01-17 14:16:23.522+0000 INFO  [o.n.k.i.DiagnosticsManager]: VM Vendor: Oracle Corporation
2014-01-17 14:16:23.522+0000 INFO  [o.n.k.i.DiagnosticsManager]: VM Version: 24.51-b03
2014-01-17 14:16:23.522+0000 INFO  [o.n.k.i.DiagnosticsManager]: JIT compiler: HotSpot Tiered Compilers
2014-01-17 14:16:23.523+0000 INFO  [o.n.k.i.DiagnosticsManager]: VM Arguments: [-XX:+DisableExplicitGC, -Dorg.neo4j.server.properties=conf/neo4j-server.properties, -Djava.util.logging.config.file=conf/logging.properties, -Dlog4j.configuration=file:conf/log4j.properties, -XX:+UseConcMarkSweepGC, -XX:+CMSClassUnloadingEnabled, -Dneo4j.home=/home/nordine/workspace/java/neo4j-community-1.9.5, -Dneo4j.instance=/home/nordine/workspace/java/neo4j-community-1.9.5, -Dfile.encoding=UTF-8]
2014-01-17 14:16:23.523+0000 INFO  [o.n.k.i.DiagnosticsManager]: Java classpath:
2014-01-17 14:16:23.526+0000 INFO  [o.n.k.i.DiagnosticsManager]:  [loader.1] file:/usr/lib/jvm/java-7-oracle/jre/lib/ext/sunjce_provider.jar
2014-01-17 14:16:23.526+0000 INFO  [o.n.k.i.DiagnosticsManager]:  [bootstrap] /usr/lib/jvm/java-7-oracle/jre/classes
2014-01-17 14:16:23.526+0000 INFO  [o.n.k.i.DiagnosticsManager]:  [classpath + loader.0] file:/home/nordine/workspace/java/neo4j-community-1.9.5/plugins/gremlin1.5/asm-tree-3.2.jar
2014-01-17 14:16:23.526+0000 INFO  [o.n.k.i.DiagnosticsManager]:  [classpath + loader.0] file:/home/nordine/workspace/java/neo4j-community-1.9.5/lib/neo4j-shell-1.9.5.jar
2014-01-17 14:16:23.526+0000 INFO  [o.n.k.i.DiagnosticsManager]:  [classpath + loader.0] file:/home/nordine/workspace/java/neo4j-community-1.9.5/system/lib/jersey-multipart-1.9.jar
2014-01-17 14:16:23.526+0000 INFO  [o.n.k.i.DiagnosticsManager]:  [classpath + loader.0] file:/home/nordine/workspace/java/neo4j-community-1.9.5/system/lib/asm-3.1.jar
2014-01-17 14:16:23.526+0000 INFO  [o.n.k.i.DiagnosticsManager]:  [classpath + loader.0] file:/home/nordine/workspace/java/neo4j-community-1.9.5/system/lib/servlet-api-2.5-20081211.jar
2014-01-17 14:16:23.526+0000 INFO  [o.n.k.i.DiagnosticsManager]:  [classpath + loader.0] file:/home/nordine/workspace/java/neo4j-community-1.9.5/system/lib/bcprov-jdk16-140.jar
2014-01-17 14:16:23.526+0000 INFO  [o.n.k.i.DiagnosticsManager]:  [classpath + loader.0] file:/home/nordine/workspace/java/neo4j-community-1.9.5/system/lib/neo4j-server-1.9.5.jar
2014-01-17 14:16:23.526+0000 INFO  [o.n.k.i.DiagnosticsManager]:  [classpath + loader.0] file:/home/nordine/workspace/java/neo4j-community-1.9.5/plugins/gremlin1.5/jansi-1.5.jar
2014-01-17 14:16:23.526+0000 INFO  [o.n.k.i.DiagnosticsManager]:  [classpath + loader.0] file:/home/nordine/workspace/java/neo4j-community-1.9.5/system/lib/commons-beanutils-core-1.8.0.jar
2014-01-17 14:16:23.526+0000 INFO  [o.n.k.i.DiagnosticsManager]:  [classpath + loader.0] file:/home/nordine/workspace/java/neo4j-community-1.9.5/lib/concurrentlinkedhashmap-lru-1.3.1.jar
2014-01-17 14:16:23.526+0000 INFO  [o.n.k.i.DiagnosticsManager]:  [classpath + loader.0] file:/home/nordine/workspace/java/neo4j-community-1.9.5/system/lib/slf4j-api-1.6.2.jar
2014-01-17 14:16:23.527+0000 INFO  [o.n.k.i.DiagnosticsManager]:  [classpath + loader.0] file:/home/nordine/workspace/java/neo4j-community-1.9.5/system/lib/commons-lang-2.4.jar
2014-01-17 14:16:23.527+0000 INFO  [o.n.k.i.DiagnosticsManager]:  [classpath + loader.0] file:/home/nordine/workspace/java/neo4j-community-1.9.5/plugins/gremlin1.5/blueprints-neo4j-graph-1.2.jar
2014-01-17 14:16:23.527+0000 INFO  [o.n.k.i.DiagnosticsManager]:  [classpath + loader.0] file:/home/nordine/workspace/java/neo4j-community-1.9.5/lib/neo4j-jmx-1.9.5.jar
2014-01-17 14:16:23.527+0000 INFO  [o.n.k.i.DiagnosticsManager]:  [bootstrap] /usr/lib/jvm/java-7-oracle/jre/lib/jce.jar
2014-01-17 14:16:23.527+0000 INFO  [o.n.k.i.DiagnosticsManager]:  [classpath + loader.0] file:/home/nordine/workspace/java/neo4j-community-1.9.5/plugins/gremlin1.5/antlr-2.7.7.jar
2014-01-17 14:16:23.527+0000 INFO  [o.n.k.i.DiagnosticsManager]:  [classpath + loader.0] file:/home/nordine/workspace/java/neo4j-community-1.9.5/system/lib/rhino-1.7R3.jar
2014-01-17 14:16:23.527+0000 INFO  [o.n.k.i.DiagnosticsManager]:  [classpath + loader.0] file:/home/nordine/workspace/java/neo4j-community-1.9.5/plugins/gremlin1.5/asm-commons-3.2.jar
2014-01-17 14:16:23.527+0000 INFO  [o.n.k.i.DiagnosticsManager]:  [classpath + loader.0] file:/home/nordine/workspace/java/neo4j-community-1.9.5/system/lib/commons-collections-3.2.1.jar
2014-01-17 14:16:23.527+0000 INFO  [o.n.k.i.DiagnosticsManager]:  [classpath + loader.0] file:/home/nordine/workspace/java/neo4j-community-1.9.5/system/lib/logback-classic-0.9.30.jar
2014-01-17 14:16:23.527+0000 INFO  [o.n.k.i.DiagnosticsManager]:  [classpath + loader.0] file:/home/nordine/workspace/java/neo4j-community-1.9.5/system/lib/logback-access-0.9.30.jar
2014-01-17 14:16:23.527+0000 INFO  [o.n.k.i.DiagnosticsManager]:  [classpath + loader.0] file:/home/nordine/workspace/java/neo4j-community-1.9.5/system/lib/jackson-core-asl-1.9.7.jar
2014-01-17 14:16:23.527+0000 INFO  [o.n.k.i.DiagnosticsManager]:  [classpath + loader.0] file:/home/nordine/workspace/java/neo4j-community-1.9.5/system/lib/jackson-mapper-asl-1.9.7.jar
2014-01-17 14:16:23.527+0000 INFO  [o.n.k.i.DiagnosticsManager]:  [classpath + loader.0] file:/home/nordine/workspace/java/neo4j-community-1.9.5/system/lib/jetty-6.1.25.jar
2014-01-17 14:16:23.527+0000 INFO  [o.n.k.i.DiagnosticsManager]:  [classpath + loader.0] file:/home/nordine/workspace/java/neo4j-community-1.9.5/system/lib/jersey-core-1.9.jar
2014-01-17 14:16:23.527+0000 INFO  [o.n.k.i.DiagnosticsManager]:  [classpath + loader.0] file:/home/nordine/workspace/java/neo4j-community-1.9.5/lib/neo4j-graph-matching-1.9.5.jar
2014-01-17 14:16:23.527+0000 INFO  [o.n.k.i.DiagnosticsManager]:  [classpath + loader.0] file:/home/nordine/workspace/java/neo4j-community-1.9.5/system/lib/jersey-server-1.9.jar
2014-01-17 14:16:23.527+0000 INFO  [o.n.k.i.DiagnosticsManager]:  [bootstrap] /usr/lib/jvm/java-7-oracle/jre/lib/jfr.jar
2014-01-17 14:16:23.528+0000 INFO  [o.n.k.i.DiagnosticsManager]:  [classpath + loader.0] file:/home/nordine/workspace/java/neo4j-community-1.9.5/plugins/gremlin1.5/stax-api-1.0.1.jar
2014-01-17 14:16:23.528+0000 INFO  [o.n.k.i.DiagnosticsManager]:  [bootstrap] /usr/lib/jvm/java-7-oracle/jre/lib/sunrsasign.jar
2014-01-17 14:16:23.528+0000 INFO  [o.n.k.i.DiagnosticsManager]:  [classpath + loader.0] file:/home/nordine/workspace/java/neo4j-community-1.9.5/system/lib/jsr311-api-1.1.2.r612.jar
2014-01-17 14:16:23.528+0000 INFO  [o.n.k.i.DiagnosticsManager]:  [classpath + loader.0] file:/home/nordine/workspace/java/neo4j-community-1.9.5/system/lib/janino-2.5.10.jar
2014-01-17 14:16:23.528+0000 INFO  [o.n.k.i.DiagnosticsManager]:  [classpath + loader.0] file:/home/nordine/workspace/java/neo4j-community-1.9.5/system/lib/jackson-jaxrs-1.9.7.jar
2014-01-17 14:16:23.528+0000 INFO  [o.n.k.i.DiagnosticsManager]:  [classpath + loader.0] file:/home/nordine/workspace/java/neo4j-community-1.9.5/system/lib/commons-io-1.4.jar
2014-01-17 14:16:23.528+0000 INFO  [o.n.k.i.DiagnosticsManager]:  [classpath + loader.0] file:/home/nordine/workspace/java/neo4j-community-1.9.5/system/lib/jcl-over-slf4j-1.6.1.jar
2014-01-17 14:16:23.528+0000 INFO  [o.n.k.i.DiagnosticsManager]:  [classpath + loader.0] file:/home/nordine/workspace/java/neo4j-community-1.9.5/lib/neo4j-kernel-1.9.5.jar
2014-01-17 14:16:23.528+0000 INFO  [o.n.k.i.DiagnosticsManager]:  [classpath + loader.0] file:/home/nordine/workspace/java/neo4j-community-1.9.5/plugins/gremlin1.5/jettison-1.3.jar
2014-01-17 14:16:23.528+0000 INFO  [o.n.k.i.DiagnosticsManager]:  [classpath + loader.0] file:/home/nordine/workspace/java/neo4j-community-1.9.5/conf/
2014-01-17 14:16:23.528+0000 INFO  [o.n.k.i.DiagnosticsManager]:  [classpath + loader.0] file:/home/nordine/workspace/java/neo4j-community-1.9.5/lib/neo4j-cypher-1.9.5.jar
2014-01-17 14:16:23.528+0000 INFO  [o.n.k.i.DiagnosticsManager]:  [classpath + loader.0] file:/home/nordine/workspace/java/neo4j-community-1.9.5/system/lib/logback-core-0.9.30.jar
2014-01-17 14:16:23.528+0000 INFO  [o.n.k.i.DiagnosticsManager]:  [classpath + loader.0] file:/home/nordine/workspace/java/neo4j-community-1.9.5/system/lib/commons-logging-1.1.1.jar
2014-01-17 14:16:23.528+0000 INFO  [o.n.k.i.DiagnosticsManager]:  [classpath + loader.0] file:/home/nordine/workspace/java/neo4j-community-1.9.5/lib/lucene-core-3.6.2.jar
2014-01-17 14:16:23.528+0000 INFO  [o.n.k.i.DiagnosticsManager]:  [classpath + loader.0] file:/home/nordine/workspace/java/neo4j-community-1.9.5/plugins/gremlin1.5/neo4j-gremlin-plugin-1.9.5.jar
2014-01-17 14:16:23.528+0000 INFO  [o.n.k.i.DiagnosticsManager]:  [classpath + loader.0] file:/home/nordine/workspace/java/neo4j-community-1.9.5/lib/scala-library-2.10.0.jar
2014-01-17 14:16:23.528+0000 INFO  [o.n.k.i.DiagnosticsManager]:  [classpath + loader.0] file:/home/nordine/workspace/java/neo4j-community-1.9.5/system/lib/neo4j-cypher-plugin-1.9.5.jar
2014-01-17 14:16:23.529+0000 INFO  [o.n.k.i.DiagnosticsManager]:  [classpath + loader.0] file:/home/nordine/workspace/java/neo4j-community-1.9.5/system/lib/commons-digester-1.8.1.jar
2014-01-17 14:16:23.529+0000 INFO  [o.n.k.i.DiagnosticsManager]:  [classpath + loader.0] file:/home/nordine/workspace/java/neo4j-community-1.9.5/lib/neo4j-graph-algo-1.9.5.jar
2014-01-17 14:16:23.529+0000 INFO  [o.n.k.i.DiagnosticsManager]:  [classpath + loader.0] file:/home/nordine/workspace/java/neo4j-community-1.9.5/system/lib/rrd4j-2.0.7.jar
2014-01-17 14:16:23.529+0000 INFO  [o.n.k.i.DiagnosticsManager]:  [classpath + loader.0] file:/home/nordine/workspace/java/neo4j-community-1.9.5/plugins/gremlin1.5/gremlin-groovy-1.5.jar
2014-01-17 14:16:23.529+0000 INFO  [o.n.k.i.DiagnosticsManager]:  [bootstrap] /usr/lib/jvm/java-7-oracle/jre/lib/jsse.jar
2014-01-17 14:16:23.529+0000 INFO  [o.n.k.i.DiagnosticsManager]:  [loader.1] file:/usr/lib/jvm/java-7-oracle/jre/lib/ext/localedata.jar
2014-01-17 14:16:23.529+0000 INFO  [o.n.k.i.DiagnosticsManager]:  [classpath + loader.0] file:/home/nordine/workspace/java/neo4j-community-1.9.5/plugins/gremlin1.5/blueprints-core-1.2.jar
2014-01-17 14:16:23.529+0000 INFO  [o.n.k.i.DiagnosticsManager]:  [loader.1] file:/usr/lib/jvm/java-7-oracle/jre/lib/ext/sunpkcs11.jar
2014-01-17 14:16:23.529+0000 INFO  [o.n.k.i.DiagnosticsManager]:  [classpath + loader.0] file:/home/nordine/workspace/java/neo4j-community-1.9.5/system/lib/neo4j-server-1.9.5-static-web.jar
2014-01-17 14:16:23.529+0000 INFO  [o.n.k.i.DiagnosticsManager]:  [classpath + loader.0] file:/home/nordine/workspace/java/neo4j-community-1.9.5/lib/org.apache.servicemix.bundles.jline-0.9.94_1.jar
2014-01-17 14:16:23.529+0000 INFO  [o.n.k.i.DiagnosticsManager]:  [loader.1] file:/usr/lib/jvm/java-7-oracle/jre/lib/ext/dnsns.jar
2014-01-17 14:16:23.529+0000 INFO  [o.n.k.i.DiagnosticsManager]:  [classpath + loader.0] file:/home/nordine/workspace/java/neo4j-community-1.9.5/plugins/gremlin1.5/asm-util-3.2.jar
2014-01-17 14:16:23.529+0000 INFO  [o.n.k.i.DiagnosticsManager]:  [classpath + loader.0] file:/home/nordine/workspace/java/neo4j-community-1.9.5/plugins/gremlin1.5/pipes-1.0.jar
2014-01-17 14:16:23.529+0000 INFO  [o.n.k.i.DiagnosticsManager]:  [classpath + loader.0] file:/home/nordine/workspace/java/neo4j-community-1.9.5/plugins/gremlin1.5/gremlin-java-1.5.jar
2014-01-17 14:16:23.529+0000 INFO  [o.n.k.i.DiagnosticsManager]:  [classpath + loader.0] file:/home/nordine/workspace/java/neo4j-community-1.9.5/system/lib/commons-configuration-1.6.jar
2014-01-17 14:16:23.529+0000 INFO  [o.n.k.i.DiagnosticsManager]:  [classpath + loader.0] file:/home/nordine/workspace/java/neo4j-community-1.9.5/system/lib/commons-beanutils-1.8.0.jar
2014-01-17 14:16:23.529+0000 INFO  [o.n.k.i.DiagnosticsManager]:  [classpath + loader.0] file:/home/nordine/workspace/java/neo4j-community-1.9.5/lib/server-api-1.9.5.jar
2014-01-17 14:16:23.530+0000 INFO  [o.n.k.i.DiagnosticsManager]:  [classpath + loader.0] file:/home/nordine/workspace/java/neo4j-community-1.9.5/plugins/gremlin1.5/groovy-1.8.5.jar
2014-01-17 14:16:23.530+0000 INFO  [o.n.k.i.DiagnosticsManager]:  [bootstrap] /usr/lib/jvm/java-7-oracle/jre/lib/resources.jar
2014-01-17 14:16:23.530+0000 INFO  [o.n.k.i.DiagnosticsManager]:  [loader.1] file:/usr/lib/jvm/java-7-oracle/jre/lib/ext/zipfs.jar
2014-01-17 14:16:23.530+0000 INFO  [o.n.k.i.DiagnosticsManager]:  [classpath + loader.0] file:/home/nordine/workspace/java/neo4j-community-1.9.5/lib/neo4j-lucene-index-1.9.5.jar
2014-01-17 14:16:23.530+0000 INFO  [o.n.k.i.DiagnosticsManager]:  [classpath + loader.0] file:/home/nordine/workspace/java/neo4j-community-1.9.5/system/lib/jetty-util-6.1.25.jar
2014-01-17 14:16:23.530+0000 INFO  [o.n.k.i.DiagnosticsManager]:  [bootstrap] /usr/lib/jvm/java-7-oracle/jre/lib/rt.jar
2014-01-17 14:16:23.530+0000 INFO  [o.n.k.i.DiagnosticsManager]:  [loader.1] file:/usr/lib/jvm/java-7-oracle/jre/lib/ext/sunec.jar
2014-01-17 14:16:23.530+0000 INFO  [o.n.k.i.DiagnosticsManager]:  [classpath + loader.0] file:/home/nordine/workspace/java/neo4j-community-1.9.5/system/lib/mimepull-1.6.jar
2014-01-17 14:16:23.530+0000 INFO  [o.n.k.i.DiagnosticsManager]:  [classpath + loader.0] file:/home/nordine/workspace/java/neo4j-community-1.9.5/lib/neo4j-udc-1.9.5.jar
2014-01-17 14:16:23.530+0000 INFO  [o.n.k.i.DiagnosticsManager]:  [classpath + loader.0] file:/home/nordine/workspace/java/neo4j-community-1.9.5/lib/geronimo-jta_1.1_spec-1.1.1.jar
2014-01-17 14:16:23.530+0000 INFO  [o.n.k.i.DiagnosticsManager]:  [bootstrap] /usr/lib/jvm/java-7-oracle/jre/lib/charsets.jar
2014-01-17 14:16:23.530+0000 INFO  [o.n.k.i.DiagnosticsManager]:  [classpath + loader.0] file:/home/nordine/workspace/java/neo4j-community-1.9.5/plugins/gremlin1.5/asm-analysis-3.2.jar
2014-01-17 14:16:23.530+0000 INFO  [o.n.k.i.DiagnosticsManager]: Library path:
2014-01-17 14:16:23.530+0000 INFO  [o.n.k.i.DiagnosticsManager]: /usr/java/packages/lib/i386
2014-01-17 14:16:23.531+0000 INFO  [o.n.k.i.DiagnosticsManager]: /lib
2014-01-17 14:16:23.531+0000 INFO  [o.n.k.i.DiagnosticsManager]: /usr/lib
2014-01-17 14:16:23.531+0000 INFO  [o.n.k.i.DiagnosticsManager]: System.properties:
2014-01-17 14:16:23.531+0000 INFO  [o.n.k.i.DiagnosticsManager]: sun.boot.library.path = /usr/lib/jvm/java-7-oracle/jre/lib/i386
2014-01-17 14:16:23.531+0000 INFO  [o.n.k.i.DiagnosticsManager]: org.neo4j.server.properties = conf/neo4j-server.properties
2014-01-17 14:16:23.531+0000 INFO  [o.n.k.i.DiagnosticsManager]: path.separator = :
2014-01-17 14:16:23.531+0000 INFO  [o.n.k.i.DiagnosticsManager]: file.encoding.pkg = sun.io
2014-01-17 14:16:23.531+0000 INFO  [o.n.k.i.DiagnosticsManager]: user.country = FR
2014-01-17 14:16:23.531+0000 INFO  [o.n.k.i.DiagnosticsManager]: sun.java.launcher = SUN_STANDARD
2014-01-17 14:16:23.531+0000 INFO  [o.n.k.i.DiagnosticsManager]: sun.os.patch.level = unknown
2014-01-17 14:16:23.532+0000 INFO  [o.n.k.i.DiagnosticsManager]: user.dir = /home/nordine/workspace/java/neo4j-community-1.9.5
2014-01-17 14:16:23.532+0000 INFO  [o.n.k.i.DiagnosticsManager]: log4j.configuration = file:conf/log4j.properties
2014-01-17 14:16:23.532+0000 INFO  [o.n.k.i.DiagnosticsManager]: sun.jnu.encoding = UTF-8
2014-01-17 14:16:23.532+0000 INFO  [o.n.k.i.DiagnosticsManager]: sun.management.compiler = HotSpot Tiered Compilers
2014-01-17 14:16:23.532+0000 INFO  [o.n.k.i.DiagnosticsManager]: user.home = /root
2014-01-17 14:16:23.532+0000 INFO  [o.n.k.i.DiagnosticsManager]: user.timezone = Europe/Paris
2014-01-17 14:16:23.532+0000 INFO  [o.n.k.i.DiagnosticsManager]: file.encoding = UTF-8
2014-01-17 14:16:23.532+0000 INFO  [o.n.k.i.DiagnosticsManager]: user.name = root
2014-01-17 14:16:23.532+0000 INFO  [o.n.k.i.DiagnosticsManager]: sun.java.command = org.neo4j.server.Bootstrapper
2014-01-17 14:16:23.532+0000 INFO  [o.n.k.i.DiagnosticsManager]: sun.arch.data.model = 32
2014-01-17 14:16:23.532+0000 INFO  [o.n.k.i.DiagnosticsManager]: user.language = fr
2014-01-17 14:16:23.532+0000 INFO  [o.n.k.i.DiagnosticsManager]: awt.toolkit = sun.awt.X11.XToolkit
2014-01-17 14:16:23.532+0000 INFO  [o.n.k.i.DiagnosticsManager]: file.separator = /
2014-01-17 14:16:23.532+0000 INFO  [o.n.k.i.DiagnosticsManager]: sun.io.unicode.encoding = UnicodeLittle
2014-01-17 14:16:23.532+0000 INFO  [o.n.k.i.DiagnosticsManager]: sun.cpu.endian = little
2014-01-17 14:16:23.532+0000 INFO  [o.n.k.i.DiagnosticsManager]: neo4j.instance = /home/nordine/workspace/java/neo4j-community-1.9.5
2014-01-17 14:16:23.533+0000 INFO  [o.n.k.i.DiagnosticsManager]: neo4j.home = /home/nordine/workspace/java/neo4j-community-1.9.5
2014-01-17 14:16:23.533+0000 INFO  [o.n.k.i.DiagnosticsManager]: sun.cpu.isalist = 
2014-01-17 14:16:23.533+0000 INFO  [o.n.k.i.DiagnosticsManager]: Linux scheduler information:
2014-01-17 14:16:23.534+0000 INFO  [o.n.k.i.DiagnosticsManager]: none
2014-01-17 14:16:23.535+0000 INFO  [o.n.k.i.DiagnosticsManager]: none
2014-01-17 14:16:23.535+0000 INFO  [o.n.k.i.DiagnosticsManager]: none
2014-01-17 14:16:23.535+0000 INFO  [o.n.k.i.DiagnosticsManager]: none
2014-01-17 14:16:23.535+0000 INFO  [o.n.k.i.DiagnosticsManager]: none
2014-01-17 14:16:23.535+0000 INFO  [o.n.k.i.DiagnosticsManager]: none
2014-01-17 14:16:23.535+0000 INFO  [o.n.k.i.DiagnosticsManager]: none
2014-01-17 14:16:23.536+0000 INFO  [o.n.k.i.DiagnosticsManager]: none
2014-01-17 14:16:23.536+0000 INFO  [o.n.k.i.DiagnosticsManager]: none
2014-01-17 14:16:23.536+0000 INFO  [o.n.k.i.DiagnosticsManager]: none
2014-01-17 14:16:23.536+0000 INFO  [o.n.k.i.DiagnosticsManager]: none
2014-01-17 14:16:23.536+0000 INFO  [o.n.k.i.DiagnosticsManager]: none
2014-01-17 14:16:23.536+0000 INFO  [o.n.k.i.DiagnosticsManager]: none
2014-01-17 14:16:23.537+0000 INFO  [o.n.k.i.DiagnosticsManager]: none
2014-01-17 14:16:23.537+0000 INFO  [o.n.k.i.DiagnosticsManager]: none
2014-01-17 14:16:23.537+0000 INFO  [o.n.k.i.DiagnosticsManager]: none
2014-01-17 14:16:23.537+0000 INFO  [o.n.k.i.DiagnosticsManager]: none
2014-01-17 14:16:23.537+0000 INFO  [o.n.k.i.DiagnosticsManager]: none
2014-01-17 14:16:23.537+0000 INFO  [o.n.k.i.DiagnosticsManager]: none
2014-01-17 14:16:23.538+0000 INFO  [o.n.k.i.DiagnosticsManager]: none
2014-01-17 14:16:23.538+0000 INFO  [o.n.k.i.DiagnosticsManager]: none
2014-01-17 14:16:23.538+0000 INFO  [o.n.k.i.DiagnosticsManager]: none
2014-01-17 14:16:23.538+0000 INFO  [o.n.k.i.DiagnosticsManager]: none
2014-01-17 14:16:23.538+0000 INFO  [o.n.k.i.DiagnosticsManager]: none
2014-01-17 14:16:23.539+0000 INFO  [o.n.k.i.DiagnosticsManager]: noop deadline [cfq] 
2014-01-17 14:16:23.539+0000 INFO  [o.n.k.i.DiagnosticsManager]: noop deadline [cfq] 
2014-01-17 14:16:23.539+0000 INFO  [o.n.k.i.DiagnosticsManager]: Network information:
2014-01-17 14:16:23.540+0000 INFO  [o.n.k.i.DiagnosticsManager]: Interface eth1:
2014-01-17 14:16:23.541+0000 INFO  [o.n.k.i.DiagnosticsManager]:     address: fe80:0:0:0:221:ff:fe62:a173%3
2014-01-17 14:16:23.541+0000 INFO  [o.n.k.i.DiagnosticsManager]:     address: 162.38.27.52
2014-01-17 14:16:23.541+0000 INFO  [o.n.k.i.DiagnosticsManager]: Interface lo:
2014-01-17 14:16:23.541+0000 INFO  [o.n.k.i.DiagnosticsManager]:     address: 0:0:0:0:0:0:0:1%1
2014-01-17 14:16:23.541+0000 INFO  [o.n.k.i.DiagnosticsManager]:     address: 127.0.0.1
2014-01-17 14:16:23.541+0000 INFO  [o.n.k.i.DiagnosticsManager]: --- INITIALIZED diagnostics END ---
2014-01-17 14:16:23.714+0000 INFO  [o.n.k.i.n.s.StoreFactory]: [data/graph.db/neostore.relationshiptypestore.db.names] brickCount=0 brickSize=0b mappedMem=0b (storeSize=38b)
2014-01-17 14:16:23.719+0000 INFO  [o.n.k.i.n.s.StoreFactory]: [data/graph.db/neostore.relationshiptypestore.db] brickCount=0 brickSize=0b mappedMem=0b (storeSize=0b)
2014-01-17 14:16:23.719+0000 INFO  [o.n.k.i.n.s.StoreFactory]: [data/graph.db/neostore.propertystore.db.strings] brickCount=0 brickSize=210688b mappedMem=210763776b (storeSize=128b)
2014-01-17 14:16:23.740+0000 INFO  [o.n.k.i.n.s.StoreFactory]: [data/graph.db/neostore.propertystore.db.index.keys] brickCount=0 brickSize=0b mappedMem=0b (storeSize=38b)
2014-01-17 14:16:23.742+0000 INFO  [o.n.k.i.n.s.StoreFactory]: [data/graph.db/neostore.propertystore.db.index] brickCount=0 brickSize=0b mappedMem=0b (storeSize=0b)
2014-01-17 14:16:23.744+0000 INFO  [o.n.k.i.n.s.StoreFactory]: [data/graph.db/neostore.propertystore.db.arrays] brickCount=0 brickSize=240000b mappedMem=240123904b (storeSize=128b)
2014-01-17 14:16:23.748+0000 INFO  [o.n.k.i.n.s.StoreFactory]: [data/graph.db/neostore.propertystore.db] brickCount=0 brickSize=2485092b mappedMem=248512512b (storeSize=0b)
2014-01-17 14:16:23.752+0000 INFO  [o.n.k.i.n.s.StoreFactory]: [data/graph.db/neostore.relationshipstore.db] brickCount=0 brickSize=3040851b mappedMem=304087040b (storeSize=0b)
2014-01-17 14:16:23.754+0000 INFO  [o.n.k.i.n.s.StoreFactory]: [data/graph.db/neostore.nodestore.db] brickCount=0 brickSize=68157b mappedMem=68157440b (storeSize=9b)
2014-01-17 14:16:23.756+0000 INFO  [o.n.k.i.n.s.StoreFactory]: [data/graph.db/neostore] brickCount=0 brickSize=0b mappedMem=0b (storeSize=54b)
2014-01-17 14:16:23.782+0000 INFO  [o.n.k.i.t.x.XaLogicalLog]: Opened logical log [data/graph.db/nioneo_logical.log.1] version=1, lastTxId=1 (clean)
2014-01-17 14:16:23.798+0000 INFO  [o.n.k.i.t.TxManager]: TM opening log: data/graph.db/tm_tx_log.1
2014-01-17 14:16:24.049+0000 INFO  [o.n.k.i.t.x.XaLogicalLog]: Opened logical log [data/graph.db/index/lucene.log.1] version=1, lastTxId=1 (clean)
2014-01-17 14:16:24.062+0000 INFO  [o.n.k.i.DiagnosticsManager]: --- STARTED diagnostics for KernelDiagnostics:Versions START ---
2014-01-17 14:16:24.062+0000 INFO  [o.n.k.i.DiagnosticsManager]: Graph Database: org.neo4j.kernel.EmbeddedGraphDatabase StoreId[time:1386087861835, id:-8472276114879772162, store version: 13561656364791302]
2014-01-17 14:16:24.062+0000 INFO  [o.n.k.i.DiagnosticsManager]: Kernel version: Neo4j - Graph Database Kernel 1.9.5
2014-01-17 14:16:24.062+0000 INFO  [o.n.k.i.DiagnosticsManager]: Neo4j component versions:
2014-01-17 14:16:24.063+0000 INFO  [o.n.k.i.DiagnosticsManager]:   Neo4j - Graph Database Kernel 1.9.5
2014-01-17 14:16:24.063+0000 INFO  [o.n.k.i.DiagnosticsManager]: --- STARTED diagnostics for KernelDiagnostics:Versions END ---
2014-01-17 14:16:24.067+0000 INFO  [o.n.k.i.DiagnosticsManager]: --- STARTED diagnostics for NEO_STORE_VERSIONS START ---
2014-01-17 14:16:24.073+0000 INFO  [o.n.k.i.DiagnosticsManager]: Store versions:
2014-01-17 14:16:24.073+0000 INFO  [o.n.k.i.DiagnosticsManager]: Store versions:
2014-01-17 14:16:24.073+0000 INFO  [o.n.k.i.DiagnosticsManager]:   NeoStore v0.A.0
2014-01-17 14:16:24.073+0000 INFO  [o.n.k.i.DiagnosticsManager]:   NodeStore v0.A.0
2014-01-17 14:16:24.073+0000 INFO  [o.n.k.i.DiagnosticsManager]:   RelationshipStore v0.A.0
2014-01-17 14:16:24.073+0000 INFO  [o.n.k.i.DiagnosticsManager]:   RelationshipTypeStore v0.A.0
2014-01-17 14:16:24.073+0000 INFO  [o.n.k.i.DiagnosticsManager]:   PropertyStore v0.A.0
2014-01-17 14:16:24.073+0000 INFO  [o.n.k.i.DiagnosticsManager]:   PropertyIndexStore v0.A.0
2014-01-17 14:16:24.073+0000 INFO  [o.n.k.i.DiagnosticsManager]:   StringPropertyStore v0.A.0
2014-01-17 14:16:24.073+0000 INFO  [o.n.k.i.DiagnosticsManager]:   ArrayPropertyStore v0.A.0
2014-01-17 14:16:24.074+0000 INFO  [o.n.k.i.DiagnosticsManager]: --- STARTED diagnostics for NEO_STORE_VERSIONS END ---
2014-01-17 14:16:24.074+0000 INFO  [o.n.k.i.DiagnosticsManager]: --- STARTED diagnostics for NEO_STORE_ID_USAGE START ---
2014-01-17 14:16:24.074+0000 INFO  [o.n.k.i.DiagnosticsManager]: Id usage:
2014-01-17 14:16:24.074+0000 INFO  [o.n.k.i.DiagnosticsManager]: Id usage:
2014-01-17 14:16:24.074+0000 INFO  [o.n.k.i.DiagnosticsManager]:   NodeStore: used=1 high=0
2014-01-17 14:16:24.074+0000 INFO  [o.n.k.i.DiagnosticsManager]:   RelationshipStore: used=0 high=-1
2014-01-17 14:16:24.074+0000 INFO  [o.n.k.i.DiagnosticsManager]:   RelationshipTypeStore: used=0 high=-1
2014-01-17 14:16:24.075+0000 INFO  [o.n.k.i.DiagnosticsManager]:   PropertyStore: used=0 high=-1
2014-01-17 14:16:24.075+0000 INFO  [o.n.k.i.DiagnosticsManager]:   PropertyIndexStore: used=0 high=-1
2014-01-17 14:16:24.075+0000 INFO  [o.n.k.i.DiagnosticsManager]:   StringPropertyStore: used=1 high=0
2014-01-17 14:16:24.075+0000 INFO  [o.n.k.i.DiagnosticsManager]:   ArrayPropertyStore: used=1 high=0
2014-01-17 14:16:24.075+0000 INFO  [o.n.k.i.DiagnosticsManager]: --- STARTED diagnostics for NEO_STORE_ID_USAGE END ---
2014-01-17 14:16:24.075+0000 INFO  [o.n.k.i.DiagnosticsManager]: --- STARTED diagnostics for PERSISTENCE_WINDOW_POOL_STATS START ---
2014-01-17 14:16:24.075+0000 INFO  [o.n.k.i.DiagnosticsManager]: --- STARTED diagnostics for PERSISTENCE_WINDOW_POOL_STATS END ---
2014-01-17 14:16:24.076+0000 INFO  [o.n.k.i.DiagnosticsManager]: --- STARTED diagnostics for KernelDiagnostics:StoreFiles START ---
2014-01-17 14:16:24.076+0000 INFO  [o.n.k.i.DiagnosticsManager]: Disk space on partition (Total / Free / Free %): 16435298304 / 1395167232 / 8
Storage files: (filename : modification date - size)
2014-01-17 14:16:24.077+0000 INFO  [o.n.k.i.DiagnosticsManager]:   tm_tx_log.1: 2014-01-17T15:16:23+0100 - 0,00 B
2014-01-17 14:16:24.077+0000 INFO  [o.n.k.i.DiagnosticsManager]:   neostore.propertystore.db.arrays: 2014-01-17T15:16:23+0100 - 128,00 B
2014-01-17 14:16:24.078+0000 INFO  [o.n.k.i.DiagnosticsManager]:   neostore.propertystore.db.index.keys: 2014-01-17T15:16:23+0100 - 38,00 B
2014-01-17 14:16:24.078+0000 INFO  [o.n.k.i.DiagnosticsManager]:   neostore.relationshiptypestore.db: 2014-01-17T15:16:23+0100 - 0,00 B
2014-01-17 14:16:24.078+0000 INFO  [o.n.k.i.DiagnosticsManager]:   neostore.nodestore.db.id: 2014-01-17T15:16:23+0100 - 9,00 B
2014-01-17 14:16:24.079+0000 INFO  [o.n.k.i.DiagnosticsManager]:   neostore.propertystore.db.strings: 2014-01-17T15:16:23+0100 - 128,00 B
2014-01-17 14:16:24.079+0000 INFO  [o.n.k.i.DiagnosticsManager]:   neostore.relationshipstore.db.id: 2014-01-17T15:16:23+0100 - 9,00 B
2014-01-17 14:16:24.080+0000 INFO  [o.n.k.i.DiagnosticsManager]:   neostore.propertystore.db.index: 2014-01-17T15:16:23+0100 - 0,00 B
2014-01-17 14:16:24.080+0000 INFO  [o.n.k.i.DiagnosticsManager]:   store_lock: 2013-12-03T17:24:21+0100 - 0,00 B
2014-01-17 14:16:24.080+0000 INFO  [o.n.k.i.DiagnosticsManager]:   nioneo_logical.log.v0: 2013-12-03T18:07:56+0100 - 16,00 B
2014-01-17 14:16:24.081+0000 INFO  [o.n.k.i.DiagnosticsManager]:   neostore.relationshiptypestore.db.names: 2014-01-17T15:16:23+0100 - 38,00 B
2014-01-17 14:16:24.081+0000 INFO  [o.n.k.i.DiagnosticsManager]:   neostore.relationshipstore.db: 2014-01-17T15:16:23+0100 - 0,00 B
2014-01-17 14:16:24.081+0000 INFO  [o.n.k.i.DiagnosticsManager]:   nioneo_logical.log.active: 2014-01-17T15:16:23+0100 - 4,00 B
2014-01-17 14:16:24.082+0000 INFO  [o.n.k.i.DiagnosticsManager]:   neostore.propertystore.db.strings.id: 2014-01-17T15:16:23+0100 - 9,00 B
2014-01-17 14:16:24.082+0000 INFO  [o.n.k.i.DiagnosticsManager]:   neostore.propertystore.db.arrays.id: 2014-01-17T15:16:23+0100 - 9,00 B
2014-01-17 14:16:24.082+0000 INFO  [o.n.k.i.DiagnosticsManager]:   index:
2014-01-17 14:16:24.083+0000 INFO  [o.n.k.i.DiagnosticsManager]:     lucene.log.v0: 2013-12-03T18:07:56+0100 - 16,00 B
2014-01-17 14:16:24.083+0000 INFO  [o.n.k.i.DiagnosticsManager]:     lucene-store.db: 2013-12-03T18:07:56+0100 - 40,00 B
2014-01-17 14:16:24.083+0000 INFO  [o.n.k.i.DiagnosticsManager]:     lucene.log.1: 2014-01-17T15:16:24+0100 - 16,00 B
2014-01-17 14:16:24.084+0000 INFO  [o.n.k.i.DiagnosticsManager]:     lucene.log.active: 2014-01-17T15:16:24+0100 - 4,00 B
2014-01-17 14:16:24.084+0000 INFO  [o.n.k.i.DiagnosticsManager]:   - Total: 2014-01-17T15:16:24+0100 - 76,00 B
2014-01-17 14:16:24.085+0000 INFO  [o.n.k.i.DiagnosticsManager]:   neostore.id: 2014-01-17T15:16:23+0100 - 9,00 B
2014-01-17 14:16:24.085+0000 INFO  [o.n.k.i.DiagnosticsManager]:   neostore.propertystore.db.index.keys.id: 2014-01-17T15:16:23+0100 - 9,00 B
2014-01-17 14:16:24.086+0000 INFO  [o.n.k.i.DiagnosticsManager]:   active_tx_log: 2013-12-03T17:24:23+0100 - 11,00 B
2014-01-17 14:16:24.086+0000 INFO  [o.n.k.i.DiagnosticsManager]:   neostore.propertystore.db: 2014-01-17T15:16:23+0100 - 0,00 B
2014-01-17 14:16:24.087+0000 INFO  [o.n.k.i.DiagnosticsManager]:   lock: 2014-01-17T15:16:23+0100 - 0,00 B
2014-01-17 14:16:24.087+0000 INFO  [o.n.k.i.DiagnosticsManager]:   neostore.propertystore.db.index.id: 2014-01-17T15:16:23+0100 - 9,00 B
2014-01-17 14:16:24.087+0000 INFO  [o.n.k.i.DiagnosticsManager]:   neostore.propertystore.db.id: 2014-01-17T15:16:23+0100 - 9,00 B
2014-01-17 14:16:24.088+0000 INFO  [o.n.k.i.DiagnosticsManager]:   neostore: 2014-01-17T15:16:23+0100 - 54,00 B
2014-01-17 14:16:24.088+0000 INFO  [o.n.k.i.DiagnosticsManager]:   nioneo_logical.log.1: 2014-01-17T15:16:23+0100 - 16,00 B
2014-01-17 14:16:24.088+0000 INFO  [o.n.k.i.DiagnosticsManager]:   neostore.relationshiptypestore.db.names.id: 2014-01-17T15:16:23+0100 - 9,00 B
2014-01-17 14:16:24.089+0000 INFO  [o.n.k.i.DiagnosticsManager]:   messages.log: 2014-01-17T15:16:24+0100 - 80,33 kB
2014-01-17 14:16:24.089+0000 INFO  [o.n.k.i.DiagnosticsManager]:   neostore.nodestore.db: 2014-01-17T15:16:23+0100 - 9,00 B
2014-01-17 14:16:24.089+0000 INFO  [o.n.k.i.DiagnosticsManager]:   neostore.relationshiptypestore.db.id: 2014-01-17T15:16:23+0100 - 9,00 B
2014-01-17 14:16:24.089+0000 INFO  [o.n.k.i.DiagnosticsManager]: --- STARTED diagnostics for KernelDiagnostics:StoreFiles END ---
2014-01-17 14:16:24.093+0000 INFO  [o.n.k.EmbeddedGraphDatabase]: GC Monitor started. 
2014-01-17 14:16:24.096+0000 INFO  [o.n.k.EmbeddedGraphDatabase]: Database is now ready
2014-01-17 14:16:26.168+0000 INFO  [o.n.k.i.DiagnosticsManager]: --- SERVER STARTED START ---
2014-01-17 14:16:26.168+0000 INFO  [o.n.k.i.DiagnosticsManager]: --- STARTED diagnostics for org.neo4j.server.configuration.Configurator START ---
2014-01-17 14:16:26.171+0000 INFO  [o.n.k.i.DiagnosticsManager]: Server configuration:
2014-01-17 14:16:26.171+0000 INFO  [o.n.k.i.DiagnosticsManager]: org.neo4j.server.database.location = data/graph.db
2014-01-17 14:16:26.171+0000 INFO  [o.n.k.i.DiagnosticsManager]: org.neo4j.server.webserver.port = 7474
2014-01-17 14:16:26.171+0000 INFO  [o.n.k.i.DiagnosticsManager]: org.neo4j.server.webserver.https.enabled = true
2014-01-17 14:16:26.171+0000 INFO  [o.n.k.i.DiagnosticsManager]: org.neo4j.server.webserver.https.port = 7473
2014-01-17 14:16:26.171+0000 INFO  [o.n.k.i.DiagnosticsManager]: org.neo4j.server.webserver.https.cert.location = conf/ssl/snakeoil.cert
2014-01-17 14:16:26.171+0000 INFO  [o.n.k.i.DiagnosticsManager]: org.neo4j.server.webserver.https.key.location = conf/ssl/snakeoil.key
2014-01-17 14:16:26.171+0000 INFO  [o.n.k.i.DiagnosticsManager]: org.neo4j.server.webserver.https.keystore.location = data/keystore
2014-01-17 14:16:26.172+0000 INFO  [o.n.k.i.DiagnosticsManager]: org.neo4j.server.webadmin.rrdb.location = data/rrd
2014-01-17 14:16:26.172+0000 INFO  [o.n.k.i.DiagnosticsManager]: org.neo4j.server.db.tuning.properties = conf/neo4j.properties
2014-01-17 14:16:26.172+0000 INFO  [o.n.k.i.DiagnosticsManager]: org.neo4j.server.manage.console_engines = [gremlin, shell]
2014-01-17 14:16:26.172+0000 INFO  [o.n.k.i.DiagnosticsManager]: org.neo4j.server.http.log.enabled = false
2014-01-17 14:16:26.172+0000 INFO  [o.n.k.i.DiagnosticsManager]: org.neo4j.server.http.log.config = conf/neo4j-http-logging.xml
2014-01-17 14:16:26.172+0000 INFO  [o.n.k.i.DiagnosticsManager]: org.neo4j.server.webadmin.management.uri = /db/manage/
2014-01-17 14:16:26.172+0000 INFO  [o.n.k.i.DiagnosticsManager]: org.neo4j.server.webadmin.data.uri = /db/data/
2014-01-17 14:16:26.172+0000 INFO  [o.n.k.i.DiagnosticsManager]: --- STARTED diagnostics for org.neo4j.server.configuration.Configurator END ---
2014-01-17 14:16:26.178+0000 INFO  [o.n.k.i.DiagnosticsManager]: Mounted discovery module (org.neo4j.server.rest.discovery) at: /
2014-01-17 14:16:26.248+0000 INFO  [o.n.k.i.DiagnosticsManager]: Loaded server plugin "CypherPlugin" (org.neo4j.server.plugin.cypher.CypherPlugin)
2014-01-17 14:16:26.250+0000 INFO  [o.n.k.i.DiagnosticsManager]:   GraphDatabaseService.execute_query: execute a query
2014-01-17 14:16:26.252+0000 INFO  [o.n.k.i.DiagnosticsManager]: Loaded server plugin "GremlinPlugin" (org.neo4j.server.plugin.gremlin.GremlinPlugin)
2014-01-17 14:16:26.252+0000 INFO  [o.n.k.i.DiagnosticsManager]:   GraphDatabaseService.execute_script: execute a Gremlin script with 'g' set to the Neo4jGraph and 'results' containing the results. Only results of one object type is supported.
2014-01-17 14:16:26.253+0000 INFO  [o.n.k.i.DiagnosticsManager]: Mounted REST API at: /db/data/
2014-01-17 14:16:26.257+0000 INFO  [o.n.k.i.DiagnosticsManager]: Mounted management API at: /db/manage/
2014-01-17 14:16:26.464+0000 INFO  [o.n.k.i.DiagnosticsManager]: Mounted webadmin at: /webadmin
2014-01-17 14:16:29.218+0000 INFO  [o.n.k.i.DiagnosticsManager]: Server started on: http://localhost:7474/
2014-01-17 14:16:29.220+0000 INFO  [o.n.k.i.DiagnosticsManager]: --- SERVER STARTED END ---
2014-01-17 14:37:13.346+0000 INFO  [o.n.k.EmbeddedGraphDatabase]: Shutdown started
2014-01-17 14:37:13.347+0000 INFO  [o.n.k.EmbeddedGraphDatabase]: Database is no longer ready
2014-01-17 14:37:13.351+0000 INFO  [o.n.k.EmbeddedGraphDatabase]: GC Monitor stopped. 
2014-01-17 14:37:13.372+0000 INFO  [o.n.k.i.t.x.XaLogicalLog]: Closed log data/graph.db/index/lucene.log
2014-01-17 14:37:13.379+0000 INFO  [o.n.k.i.t.TxManager]: TM shutting down
2014-01-17 14:37:13.394+0000 INFO  [o.n.k.i.t.x.XaLogicalLog]: Closed log data/graph.db/nioneo_logical.log
2014-01-17 14:37:13.404+0000 INFO  [o.n.k.i.n.s.StoreFactory]: data/graph.db/neostore.relationshiptypestore.db.names hit=0 miss=0 switches=0 ooe=0
2014-01-17 14:37:13.498+0000 INFO  [o.n.k.i.n.s.StoreFactory]: data/graph.db/neostore.relationshiptypestore.db hit=0 miss=0 switches=0 ooe=0
2014-01-17 14:37:13.563+0000 INFO  [o.n.k.i.n.s.StoreFactory]: data/graph.db/neostore.propertystore.db.strings hit=0 miss=0 switches=0 ooe=0
2014-01-17 14:37:13.619+0000 INFO  [o.n.k.i.n.s.StoreFactory]: data/graph.db/neostore.propertystore.db.index.keys hit=0 miss=0 switches=0 ooe=0
2014-01-17 14:37:13.686+0000 INFO  [o.n.k.i.n.s.StoreFactory]: data/graph.db/neostore.propertystore.db.index hit=0 miss=0 switches=0 ooe=0
2014-01-17 14:37:13.765+0000 INFO  [o.n.k.i.n.s.StoreFactory]: data/graph.db/neostore.propertystore.db.arrays hit=0 miss=0 switches=0 ooe=0
2014-01-17 14:37:13.831+0000 INFO  [o.n.k.i.n.s.StoreFactory]: data/graph.db/neostore.propertystore.db hit=0 miss=0 switches=0 ooe=0
2014-01-17 14:37:13.899+0000 INFO  [o.n.k.i.n.s.StoreFactory]: data/graph.db/neostore.relationshipstore.db hit=0 miss=0 switches=0 ooe=0
2014-01-17 14:37:13.966+0000 INFO  [o.n.k.i.n.s.StoreFactory]: data/graph.db/neostore.nodestore.db hit=2 miss=0 switches=0 ooe=0
2014-01-17 14:37:14.033+0000 INFO  [o.n.k.i.n.s.StoreFactory]: data/graph.db/neostore hit=0 miss=16 switches=0 ooe=0
2014-01-17 14:37:14.100+0000 INFO  [o.n.k.i.n.x.NeoStoreXaDataSource]: NeoStore closed
2014-01-17 14:37:14.101+0000 INFO  [o.n.k.i.DiagnosticsManager]: --- STOPPING diagnostics START ---
2014-01-17 14:37:14.101+0000 INFO  [o.n.k.i.DiagnosticsManager]: --- STOPPING diagnostics END ---
