
SQL*Loader: Release 10.2.0.1.0 - Production on Sat Nov 16 17:28:01 2013

Copyright (c) 1982, 2005, Oracle.  All rights reserved.

Control File:   region_ctl.txt
Character Set UTF8 specified for all input.

Data File:      region.csv
  Bad File:     region.bad
  Discard File:  none specified
 
 (Allow all discards)

Number to load: ALL
Number to skip: 0
Errors allowed: 50
Bind array:     64 rows, maximum of 256000 bytes
Continuation:    none specified
Path used:      Conventional

Table REGION, loaded from every logical record.
Insert option in effect for this table: APPEND

   Column Name                  Position   Len  Term Encl Datatype
------------------------------ ---------- ----- ---- ---- ---------------------
REGION                              FIRST     *  WHT      CHARACTER            
    SQL string for column : "to_char(:region)"
CHEFLIEU                             NEXT     *  WHT      CHARACTER            
    SQL string for column : "to_char(:cheflieu)"
TNCC                                 NEXT     *  WHT      CHARACTER            
    SQL string for column : "to_char(:tncc)"
NCC                                  NEXT     *  WHT      CHARACTER            
    SQL string for column : "to_char(:ncc)"
NCCENR                               NEXT     *  WHT      CHARACTER            
    SQL string for column : "to_char(:nccenr)"

Record 1: Rejected - Error on table REGION, column REGION.
ORA-12899: value too large for column "NORDINE"."REGION"."REGION" (actual: 6, maximum: 5)

Record 2: Rejected - Error on table REGION.
ORA-00001: unique constraint (NORDINE.REGION_PK) violated

Record 3: Rejected - Error on table REGION.
ORA-00001: unique constraint (NORDINE.REGION_PK) violated

Record 4: Rejected - Error on table REGION.
ORA-00001: unique constraint (NORDINE.REGION_PK) violated

Record 5: Rejected - Error on table REGION.
ORA-00001: unique constraint (NORDINE.REGION_PK) violated

Record 6: Rejected - Error on table REGION.
ORA-00001: unique constraint (NORDINE.REGION_PK) violated

Record 7: Rejected - Error on table REGION.
ORA-00001: unique constraint (NORDINE.REGION_PK) violated

Record 8: Rejected - Error on table REGION.
ORA-00001: unique constraint (NORDINE.REGION_PK) violated

Record 9: Rejected - Error on table REGION.
ORA-00001: unique constraint (NORDINE.REGION_PK) violated

Record 10: Rejected - Error on table REGION.
ORA-00001: unique constraint (NORDINE.REGION_PK) violated

Record 11: Rejected - Error on table REGION.
ORA-00001: unique constraint (NORDINE.REGION_PK) violated

Record 12: Rejected - Error on table REGION.
ORA-00001: unique constraint (NORDINE.REGION_PK) violated

Record 13: Rejected - Error on table REGION.
ORA-00001: unique constraint (NORDINE.REGION_PK) violated

Record 14: Rejected - Error on table REGION.
ORA-00001: unique constraint (NORDINE.REGION_PK) violated

Record 15: Rejected - Error on table REGION.
ORA-00001: unique constraint (NORDINE.REGION_PK) violated

Record 16: Rejected - Error on table REGION.
ORA-00001: unique constraint (NORDINE.REGION_PK) violated

Record 17: Rejected - Error on table REGION.
ORA-00001: unique constraint (NORDINE.REGION_PK) violated

Record 18: Rejected - Error on table REGION.
ORA-00001: unique constraint (NORDINE.REGION_PK) violated

Record 19: Rejected - Error on table REGION.
ORA-00001: unique constraint (NORDINE.REGION_PK) violated

Record 20: Rejected - Error on table REGION.
ORA-00001: unique constraint (NORDINE.REGION_PK) violated

Record 21: Rejected - Error on table REGION.
ORA-00001: unique constraint (NORDINE.REGION_PK) violated

Record 22: Rejected - Error on table REGION.
ORA-00001: unique constraint (NORDINE.REGION_PK) violated

Record 23: Rejected - Error on table REGION.
ORA-00001: unique constraint (NORDINE.REGION_PK) violated

Record 24: Rejected - Error on table REGION.
ORA-00001: unique constraint (NORDINE.REGION_PK) violated

Record 25: Rejected - Error on table REGION.
ORA-00001: unique constraint (NORDINE.REGION_PK) violated

Record 26: Rejected - Error on table REGION.
ORA-00001: unique constraint (NORDINE.REGION_PK) violated

Record 27: Rejected - Error on table REGION.
ORA-00001: unique constraint (NORDINE.REGION_PK) violated

Record 28: Rejected - Error on table REGION.
ORA-00001: unique constraint (NORDINE.REGION_PK) violated


Table REGION:
  0 Rows successfully loaded.
  28 Rows not loaded due to data errors.
  0 Rows not loaded because all WHEN clauses were failed.
  0 Rows not loaded because all fields were null.


Space allocated for bind array:                  82560 bytes(64 rows)
Read   buffer bytes: 1048576

Total logical records skipped:          0
Total logical records read:            28
Total logical records rejected:        28
Total logical records discarded:        0

Run began on Sat Nov 16 17:28:01 2013
Run ended on Sat Nov 16 17:28:01 2013

Elapsed time was:     00:00:00.17
CPU time was:         00:00:00.01
