2013-12-03 16:24:20.695+0000 DEBUG [API] You are using an unsupported Java runtime. Please use Oracle(R) Java(TM) Runtime Environment 7.
2013-12-03 16:24:20.855+0000 INFO  [API] Setting startup timeout to: 120000ms based on -1
17:24:21.003 [main] WARN  o.neo4j.kernel.EmbeddedGraphDatabase - You are using an unsupported Java runtime. Please use Oracle(R) Java(TM) Runtime Environment 7.
2013-12-03 16:24:24.138+0000 INFO  [API] Successfully started database
2013-12-03 16:24:24.161+0000 INFO  [API] Starting HTTP on port :7474 with 20 threads available
2013-12-03 16:24:24.435+0000 INFO  [API] Enabling HTTPS on port :7473
2013-12-03 16:24:24.435+0000 INFO  [API] No SSL certificate found, generating a self-signed certificate..
2013-12-03 16:24:25.653+0000 INFO  [API] Mounted discovery module at [/]
2013-12-03 16:24:25.713+0000 INFO  [API] Loaded server plugin "CypherPlugin"
2013-12-03 16:24:25.716+0000 INFO  [API] Loaded server plugin "GremlinPlugin"
2013-12-03 16:24:25.717+0000 INFO  [API] Mounted REST API at [/db/data/]
2013-12-03 16:24:25.720+0000 INFO  [API] Mounted management API at [/db/manage/]
2013-12-03 16:24:25.808+0000 INFO  [API] Mounted webadmin at [/webadmin]
2013-12-03 16:24:25.871+0000 INFO  [API] Mounting static content at [/webadmin] from [webadmin-html]
2013-12-03 16:24:27.744+0000 INFO  [API] Remote interface ready and available at [http://localhost:7474/]
2013-12-03 16:25:05.202+0000 INFO  [API] Available console sessions: SHELL: class org.neo4j.server.webadmin.console.ShellSessionCreator
CYPHER: class org.neo4j.server.webadmin.console.CypherSessionCreator
GREMLIN: class org.neo4j.server.webadmin.console.GremlinSessionCreator

2013-12-03 17:07:56.622+0000 INFO  [API] Neo4j Server shutdown initiated by request
2013-12-03 17:07:56.659+0000 INFO  [API] Successfully shutdown Neo4j Server.
2014-01-17 14:16:22.586+0000 INFO  [API] Setting startup timeout to: 120000ms based on -1
2014-01-17 14:16:24.097+0000 INFO  [API] Successfully started database
2014-01-17 14:16:24.170+0000 INFO  [API] Starting HTTP on port :7474 with 20 threads available
2014-01-17 14:16:24.591+0000 INFO  [API] Enabling HTTPS on port :7473
2014-01-17 14:16:26.178+0000 INFO  [API] Mounted discovery module at [/]
2014-01-17 14:16:26.248+0000 INFO  [API] Loaded server plugin "CypherPlugin"
2014-01-17 14:16:26.251+0000 INFO  [API] Loaded server plugin "GremlinPlugin"
2014-01-17 14:16:26.253+0000 INFO  [API] Mounted REST API at [/db/data/]
2014-01-17 14:16:26.257+0000 INFO  [API] Mounted management API at [/db/manage/]
2014-01-17 14:16:26.464+0000 INFO  [API] Mounted webadmin at [/webadmin]
2014-01-17 14:16:26.634+0000 INFO  [API] Mounting static content at [/webadmin] from [webadmin-html]
2014-01-17 14:16:29.220+0000 INFO  [API] Remote interface ready and available at [http://localhost:7474/]
2014-01-17 14:16:42.533+0000 INFO  [API] Available console sessions: SHELL: class org.neo4j.server.webadmin.console.ShellSessionCreator
CYPHER: class org.neo4j.server.webadmin.console.CypherSessionCreator
GREMLIN: class org.neo4j.server.webadmin.console.GremlinSessionCreator

