3 déc. 2013 17:24:20 org.neo4j.server.logging.Logger log
ATTENTION: You are using an unsupported Java runtime. Please use Oracle(R) Java(TM) Runtime Environment 7.
3 déc. 2013 17:24:20 org.neo4j.server.logging.Logger log
INFO: Setting startup timeout to: 120000ms based on -1
3 déc. 2013 17:24:24 org.neo4j.server.logging.Logger log
INFO: Successfully started database
3 déc. 2013 17:24:24 org.neo4j.server.logging.Logger log
INFO: Starting HTTP on port :7474 with 20 threads available
3 déc. 2013 17:24:24 org.neo4j.server.logging.Logger log
INFO: Enabling HTTPS on port :7473
3 déc. 2013 17:24:24 org.neo4j.server.logging.Logger log
INFO: No SSL certificate found, generating a self-signed certificate..
3 déc. 2013 17:24:25 org.neo4j.server.logging.Logger log
INFO: Mounted discovery module at [/]
3 déc. 2013 17:24:25 org.neo4j.server.logging.Logger log
INFO: Loaded server plugin "CypherPlugin"
3 déc. 2013 17:24:25 org.neo4j.server.logging.Logger log
INFO: Loaded server plugin "GremlinPlugin"
3 déc. 2013 17:24:25 org.neo4j.server.logging.Logger log
INFO: Mounted REST API at [/db/data/]
3 déc. 2013 17:24:25 org.neo4j.server.logging.Logger log
INFO: Mounted management API at [/db/manage/]
3 déc. 2013 17:24:25 org.neo4j.server.logging.Logger log
INFO: Mounted webadmin at [/webadmin]
3 déc. 2013 17:24:25 org.neo4j.server.logging.Logger log
INFO: Logging to {} via {}
3 déc. 2013 17:24:25 org.neo4j.server.logging.Logger log
INFO: Mounting static content at [/webadmin] from [webadmin-html]
3 déc. 2013 17:24:25 org.neo4j.server.logging.Logger log
INFO: jetty-6.1.25
3 déc. 2013 17:24:26 org.neo4j.server.logging.Logger log
INFO: NO JSP Support for {}, did not find {}
3 déc. 2013 17:24:26 com.sun.jersey.server.impl.application.WebApplicationImpl _initiate
INFO: Initiating Jersey application, version 'Jersey: 1.9 09/02/2011 11:17 AM'
3 déc. 2013 17:24:27 com.sun.jersey.server.impl.application.WebApplicationImpl _initiate
INFO: Initiating Jersey application, version 'Jersey: 1.9 09/02/2011 11:17 AM'
3 déc. 2013 17:24:27 com.sun.jersey.server.impl.application.WebApplicationImpl _initiate
INFO: Initiating Jersey application, version 'Jersey: 1.9 09/02/2011 11:17 AM'
3 déc. 2013 17:24:27 org.neo4j.server.logging.Logger log
INFO: Started {}
3 déc. 2013 17:24:27 org.neo4j.server.logging.Logger log
INFO: Started {}
3 déc. 2013 17:24:27 org.neo4j.server.logging.Logger log
INFO: Remote interface ready and available at [http://localhost:7474/]
3 déc. 2013 17:25:05 org.neo4j.server.logging.Logger log
INFO: Available console sessions: SHELL: class org.neo4j.server.webadmin.console.ShellSessionCreator
CYPHER: class org.neo4j.server.webadmin.console.CypherSessionCreator
GREMLIN: class org.neo4j.server.webadmin.console.GremlinSessionCreator

3 déc. 2013 17:25:27 org.neo4j.server.logging.Logger log
INFO: org.mortbay.io.nio.SelectorManager$SelectSet@d46b95 JVM BUG(s) - canceled keys 3 times
3 déc. 2013 18:07:56 org.neo4j.server.logging.Logger log
INFO: Neo4j Server shutdown initiated by request
3 déc. 2013 18:07:56 org.neo4j.server.logging.Logger log
INFO: Stopped {}
3 déc. 2013 18:07:56 org.neo4j.server.logging.Logger log
INFO: Stopped {}
3 déc. 2013 18:07:56 org.neo4j.server.logging.Logger log
INFO: Successfully shutdown Neo4j Server.
janv. 17, 2014 3:16:22 PM org.neo4j.server.logging.Logger log
Infos: Setting startup timeout to: 120000ms based on -1
janv. 17, 2014 3:16:24 PM org.neo4j.server.logging.Logger log
Infos: Successfully started database
janv. 17, 2014 3:16:24 PM org.neo4j.server.logging.Logger log
Infos: Starting HTTP on port :7474 with 20 threads available
janv. 17, 2014 3:16:24 PM org.neo4j.server.logging.Logger log
Infos: Enabling HTTPS on port :7473
janv. 17, 2014 3:16:26 PM org.neo4j.server.logging.Logger log
Infos: Mounted discovery module at [/]
janv. 17, 2014 3:16:26 PM org.neo4j.server.logging.Logger log
Infos: Loaded server plugin "CypherPlugin"
janv. 17, 2014 3:16:26 PM org.neo4j.server.logging.Logger log
Infos: Loaded server plugin "GremlinPlugin"
janv. 17, 2014 3:16:26 PM org.neo4j.server.logging.Logger log
Infos: Mounted REST API at [/db/data/]
janv. 17, 2014 3:16:26 PM org.neo4j.server.logging.Logger log
Infos: Mounted management API at [/db/manage/]
janv. 17, 2014 3:16:26 PM org.neo4j.server.logging.Logger log
Infos: Mounted webadmin at [/webadmin]
janv. 17, 2014 3:16:26 PM org.neo4j.server.logging.Logger log
Infos: Logging to {} via {}
janv. 17, 2014 3:16:26 PM org.neo4j.server.logging.Logger log
Infos: Mounting static content at [/webadmin] from [webadmin-html]
janv. 17, 2014 3:16:26 PM org.neo4j.server.logging.Logger log
Infos: jetty-6.1.25
janv. 17, 2014 3:16:26 PM org.neo4j.server.logging.Logger log
Infos: NO JSP Support for {}, did not find {}
janv. 17, 2014 3:16:27 PM com.sun.jersey.server.impl.application.WebApplicationImpl _initiate
Infos: Initiating Jersey application, version 'Jersey: 1.9 09/02/2011 11:17 AM'
janv. 17, 2014 3:16:27 PM com.sun.jersey.server.impl.application.WebApplicationImpl _initiate
Infos: Initiating Jersey application, version 'Jersey: 1.9 09/02/2011 11:17 AM'
janv. 17, 2014 3:16:28 PM com.sun.jersey.server.impl.application.WebApplicationImpl _initiate
Infos: Initiating Jersey application, version 'Jersey: 1.9 09/02/2011 11:17 AM'
janv. 17, 2014 3:16:28 PM org.neo4j.server.logging.Logger log
Infos: Started {}
janv. 17, 2014 3:16:29 PM org.neo4j.server.logging.Logger log
Infos: Started {}
janv. 17, 2014 3:16:29 PM org.neo4j.server.logging.Logger log
Infos: Remote interface ready and available at [http://localhost:7474/]
janv. 17, 2014 3:16:42 PM org.neo4j.server.logging.Logger log
Infos: Available console sessions: SHELL: class org.neo4j.server.webadmin.console.ShellSessionCreator
CYPHER: class org.neo4j.server.webadmin.console.CypherSessionCreator
GREMLIN: class org.neo4j.server.webadmin.console.GremlinSessionCreator

janv. 17, 2014 3:16:43 PM java.util.prefs.FileSystemPreferences$1 run
Infos: Created user preferences directory.
janv. 17, 2014 3:17:28 PM org.neo4j.server.logging.Logger log
Infos: org.mortbay.io.nio.SelectorManager$SelectSet@1cc6d29 JVM BUG(s) - canceled keys 2 times
