2014-01-18 21:06:50.041+0000 INFO  [org.neo4j]: --- INITIALIZED diagnostics START ---
2014-01-18 21:06:50.063+0000 INFO  [org.neo4j]: Neo4j Kernel properties:
    neostore.propertystore.db.mapped_memory=244M
    neostore.nodestore.db.mapped_memory=67M
    neostore.relationshipstore.db.mapped_memory=299M
    neostore.propertystore.db.strings.mapped_memory=208M
    store_dir=db/neo4j
    neostore.propertystore.db.arrays.mapped_memory=236M
2014-01-18 21:06:50.069+0000 INFO  [org.neo4j]: Diagnostics providers:
    org.neo4j.kernel.configuration.Config
    org.neo4j.kernel.info.DiagnosticsManager
    SYSTEM_MEMORY
    JAVA_MEMORY
    OPERATING_SYSTEM
    JAVA_VIRTUAL_MACHINE
    CLASSPATH
    LIBRARY_PATH
    SYSTEM_PROPERTIES
    LINUX_SCHEDULERS
    NETWORK
2014-01-18 21:06:50.070+0000 INFO  [org.neo4j]: System memory information:
    Total Physical memory: 2,95 GB
    Free Physical memory: 280,93 MB
    Committed virtual memory: 932,43 MB
    Total swap space: 3,00 GB
    Free swap space: 3,00 GB
2014-01-18 21:06:50.076+0000 INFO  [org.neo4j]: JVM memory information:
    Free  memory: 35,35 MB
    Total memory: 45,50 MB
    Max   memory: 672,00 MB
    Garbage Collector: PS Scavenge: [PS Eden Space, PS Survivor Space]
    Garbage Collector: PS MarkSweep: [PS Eden Space, PS Survivor Space, PS Old Gen, PS Perm Gen]
    Memory Pool: Code Cache (Non-heap memory): committed=2,25 MB, used=330,50 kB, max=48,00 MB, threshold=0,00 B
    Memory Pool: PS Eden Space (Heap memory): committed=12,25 MB, used=10,15 MB, max=248,50 MB, threshold=?
    Memory Pool: PS Survivor Space (Heap memory): committed=1,75 MB, used=0,00 B, max=1,75 MB, threshold=?
    Memory Pool: PS Old Gen (Heap memory): committed=31,50 MB, used=0,00 B, max=504,00 MB, threshold=0,00 B
    Memory Pool: PS Perm Gen (Non-heap memory): committed=16,00 MB, used=3,83 MB, max=64,00 MB, threshold=0,00 B
2014-01-18 21:06:50.083+0000 INFO  [org.neo4j]: Operating system information:
    Operating System: Linux; version: 3.2.0-38-generic; arch: i386; cpus: 2
    Max number of file descriptors: 4096
    Number of open file descriptors: 19
    Process id: 6306@nordine
    Byte order: LITTLE_ENDIAN
    Local timezone: Europe/Paris
2014-01-18 21:06:50.093+0000 INFO  [org.neo4j]: JVM information:
    VM Name: Java HotSpot(TM) Server VM
    VM Vendor: Oracle Corporation
    VM Version: 24.51-b03
    JIT compiler: HotSpot Tiered Compilers
    VM Arguments: [-Dfile.encoding=UTF-8]
2014-01-18 21:06:50.094+0000 INFO  [org.neo4j]: Java classpath:
     [loader.1] file:/usr/lib/jvm/java-7-oracle/jre/lib/ext/sunjce_provider.jar
     [bootstrap] /usr/lib/jvm/java-7-oracle/jre/classes
     [classpath + loader.0] file:/home/nordine/neo4j-community-1.9.5/lib/org.apache.servicemix.bundles.jline-0.9.94_1.jar
     [classpath + loader.0] file:/home/nordine/neo4j-community-1.9.5/lib/server-api-1.9.5.jar
     [bootstrap] /usr/lib/jvm/java-7-oracle/jre/lib/jsse.jar
     [classpath + loader.0] file:/home/nordine/neo4j-community-1.9.5/lib/neo4j-cypher-1.9.5.jar
     [loader.1] file:/usr/lib/jvm/java-7-oracle/jre/lib/ext/localedata.jar
     [classpath + loader.0] file:/home/nordine/neo4j-community-1.9.5/lib/neo4j-udc-1.9.5.jar
     [loader.1] file:/usr/lib/jvm/java-7-oracle/jre/lib/ext/sunpkcs11.jar
     [classpath + loader.0] file:/home/nordine/neo4j-community-1.9.5/lib/scala-library-2.10.0.jar
     [classpath + loader.0] file:/home/nordine/neo4j-community-1.9.5/lib/neo4j-graph-algo-1.9.5.jar
     [loader.1] file:/usr/lib/jvm/java-7-oracle/jre/lib/ext/dnsns.jar
     [bootstrap] /usr/lib/jvm/java-7-oracle/jre/lib/jce.jar
     [classpath + loader.0] file:/home/nordine/neo4j-community-1.9.5/lib/neo4j-shell-1.9.5.jar
     [classpath + loader.0] file:/home/nordine/neo4j-community-1.9.5/lib/lucene-core-3.6.2.jar
     [classpath + loader.0] file:/home/nordine/workspace/java/Neo4j-projet/bin/
     [classpath + loader.0] file:/home/nordine/neo4j-community-1.9.5/lib/neo4j-jmx-1.9.5.jar
     [classpath + loader.0] file:/home/nordine/neo4j-community-1.9.5/lib/neo4j-kernel-1.9.5.jar
     [bootstrap] /usr/lib/jvm/java-7-oracle/jre/lib/jfr.jar
     [classpath + loader.0] file:/home/nordine/neo4j-community-1.9.5/lib/neo4j-lucene-index-1.9.5.jar
     [bootstrap] /usr/lib/jvm/java-7-oracle/jre/lib/resources.jar
     [loader.1] file:/usr/lib/jvm/java-7-oracle/jre/lib/ext/zipfs.jar
     [bootstrap] /usr/lib/jvm/java-7-oracle/jre/lib/sunrsasign.jar
     [classpath + loader.0] file:/home/nordine/neo4j-community-1.9.5/lib/neo4j-graph-matching-1.9.5.jar
     [bootstrap] /usr/lib/jvm/java-7-oracle/jre/lib/rt.jar
     [classpath + loader.0] file:/home/nordine/neo4j-community-1.9.5/lib/concurrentlinkedhashmap-lru-1.3.1.jar
     [loader.1] file:/usr/lib/jvm/java-7-oracle/jre/lib/ext/sunec.jar
     [classpath + loader.0] file:/home/nordine/neo4j-community-1.9.5/lib/geronimo-jta_1.1_spec-1.1.1.jar
     [bootstrap] /usr/lib/jvm/java-7-oracle/jre/lib/charsets.jar
2014-01-18 21:06:50.097+0000 INFO  [org.neo4j]: Library path:
    /usr/lib/jvm/java-7-oracle/jre/lib/i386/server
    /usr/lib/jvm/java-7-oracle/jre/lib/i386
    /usr/lib/jvm/java-7-oracle/lib/i386
    /usr/lib/jvm/java-7-oracle/jre/lib/i386/client
    /usr/lib/jvm/java-7-oracle/jre/lib/i386
    /home/nordine/workspace/java/Neo4j-projet
    /usr/java/packages/lib/i386
    /lib
    /usr/lib
2014-01-18 21:06:50.098+0000 INFO  [org.neo4j]: System.properties:
    sun.boot.library.path = /usr/lib/jvm/java-7-oracle/jre/lib/i386
    path.separator = :
    file.encoding.pkg = sun.io
    user.country = FR
    sun.java.launcher = SUN_STANDARD
    sun.os.patch.level = unknown
    user.dir = /home/nordine/workspace/java/Neo4j-projet
    sun.jnu.encoding = UTF-8
    sun.management.compiler = HotSpot Tiered Compilers
    user.home = /home/nordine
    user.timezone = Europe/Paris
    file.encoding = UTF-8
    user.name = nordine
    sun.java.command = com.nordine.neo4jexample.Main
    sun.arch.data.model = 32
    user.language = fr
    awt.toolkit = sun.awt.X11.XToolkit
    file.separator = /
    sun.io.unicode.encoding = UnicodeLittle
    sun.cpu.endian = little
    sun.desktop = gnome
    sun.cpu.isalist = 
2014-01-18 21:06:50.099+0000 INFO  [org.neo4j]: Linux scheduler information:
    none
    none
    none
    none
    none
    none
    none
    none
    none
    none
    none
    none
    none
    none
    none
    none
    none
    none
    none
    none
    none
    none
    none
    none
    noop deadline [cfq] 
    noop deadline [cfq] 
2014-01-18 21:06:50.105+0000 INFO  [org.neo4j]: Network information:
    Interface eth1:
        address: fe80:0:0:0:221:ff:fe62:a173%3
        address: 192.168.1.21
    Interface lo:
        address: 0:0:0:0:0:0:0:1%1
        address: 127.0.0.1
2014-01-18 21:06:50.107+0000 INFO  [org.neo4j]: --- INITIALIZED diagnostics END ---
2014-01-18 21:06:50.288+0000 INFO  [org.neo4j]: Creating new db @ db/neo4j/neostore
2014-01-18 21:06:50.470+0000 INFO  [org.neo4j]: [db/neo4j/neostore.nodestore.db] brickCount=0 brickSize=702540b mappedMem=70254592b (storeSize=0b)
2014-01-18 21:06:50.512+0000 INFO  [org.neo4j]: db/neo4j/neostore.nodestore.db hit=1 miss=0 switches=0 ooe=0
2014-01-18 21:06:51.194+0000 INFO  [org.neo4j]: [db/neo4j/neostore.relationshiptypestore.db.names] brickCount=0 brickSize=0b mappedMem=0b (storeSize=38b)
2014-01-18 21:06:51.200+0000 INFO  [org.neo4j]: [db/neo4j/neostore.relationshiptypestore.db] brickCount=0 brickSize=0b mappedMem=0b (storeSize=0b)
2014-01-18 21:06:51.227+0000 INFO  [org.neo4j]: db/neo4j/neostore.relationshiptypestore.db.names hit=0 miss=0 switches=0 ooe=0
2014-01-18 21:06:51.273+0000 INFO  [org.neo4j]: db/neo4j/neostore.relationshiptypestore.db hit=0 miss=0 switches=0 ooe=0
2014-01-18 21:06:51.329+0000 INFO  [org.neo4j]: [db/neo4j/neostore.relationshiptypestore.db.names] brickCount=0 brickSize=0b mappedMem=0b (storeSize=38b)
2014-01-18 21:06:51.329+0000 INFO  [org.neo4j]: [db/neo4j/neostore.relationshiptypestore.db] brickCount=0 brickSize=0b mappedMem=0b (storeSize=0b)
2014-01-18 21:06:51.330+0000 INFO  [org.neo4j]: [db/neo4j/neostore.propertystore.db.strings] brickCount=0 brickSize=217984b mappedMem=218103808b (storeSize=128b)
2014-01-18 21:06:51.330+0000 INFO  [org.neo4j]: [db/neo4j/neostore.propertystore.db.index.keys] brickCount=0 brickSize=0b mappedMem=0b (storeSize=38b)
2014-01-18 21:06:51.332+0000 INFO  [org.neo4j]: [db/neo4j/neostore.propertystore.db.index] brickCount=0 brickSize=0b mappedMem=0b (storeSize=0b)
2014-01-18 21:06:51.334+0000 INFO  [org.neo4j]: [db/neo4j/neostore.propertystore.db.arrays] brickCount=0 brickSize=247424b mappedMem=247463936b (storeSize=128b)
2014-01-18 21:06:51.338+0000 INFO  [org.neo4j]: [db/neo4j/neostore.propertystore.db] brickCount=0 brickSize=2558523b mappedMem=255852544b (storeSize=0b)
2014-01-18 21:06:51.341+0000 INFO  [org.neo4j]: [db/neo4j/neostore.relationshipstore.db] brickCount=0 brickSize=3135231b mappedMem=313524224b (storeSize=0b)
2014-01-18 21:06:51.341+0000 INFO  [org.neo4j]: [db/neo4j/neostore.nodestore.db] brickCount=0 brickSize=70254b mappedMem=70254592b (storeSize=9b)
2014-01-18 21:06:51.342+0000 INFO  [org.neo4j]: [db/neo4j/neostore] brickCount=0 brickSize=0b mappedMem=0b (storeSize=0b)
2014-01-18 21:06:51.374+0000 INFO  [org.neo4j]: db/neo4j/neostore.relationshiptypestore.db.names hit=0 miss=0 switches=0 ooe=0
2014-01-18 21:06:51.419+0000 INFO  [org.neo4j]: db/neo4j/neostore.relationshiptypestore.db hit=0 miss=0 switches=0 ooe=0
2014-01-18 21:06:51.470+0000 INFO  [org.neo4j]: db/neo4j/neostore.propertystore.db.strings hit=0 miss=0 switches=0 ooe=0
2014-01-18 21:06:51.525+0000 INFO  [org.neo4j]: db/neo4j/neostore.propertystore.db.index.keys hit=0 miss=0 switches=0 ooe=0
2014-01-18 21:06:51.575+0000 INFO  [org.neo4j]: db/neo4j/neostore.propertystore.db.index hit=0 miss=0 switches=0 ooe=0
2014-01-18 21:06:51.656+0000 INFO  [org.neo4j]: db/neo4j/neostore.propertystore.db.arrays hit=0 miss=0 switches=0 ooe=0
2014-01-18 21:06:51.709+0000 INFO  [org.neo4j]: db/neo4j/neostore.propertystore.db hit=0 miss=0 switches=0 ooe=0
2014-01-18 21:06:51.766+0000 INFO  [org.neo4j]: db/neo4j/neostore.relationshipstore.db hit=0 miss=0 switches=0 ooe=0
2014-01-18 21:06:51.832+0000 INFO  [org.neo4j]: db/neo4j/neostore.nodestore.db hit=0 miss=0 switches=0 ooe=0
2014-01-18 21:06:51.922+0000 INFO  [org.neo4j]: db/neo4j/neostore hit=0 miss=8 switches=0 ooe=0
2014-01-18 21:06:51.982+0000 INFO  [org.neo4j]: [db/neo4j/neostore.relationshiptypestore.db.names] brickCount=0 brickSize=0b mappedMem=0b (storeSize=38b)
2014-01-18 21:06:51.982+0000 INFO  [org.neo4j]: [db/neo4j/neostore.relationshiptypestore.db] brickCount=0 brickSize=0b mappedMem=0b (storeSize=0b)
2014-01-18 21:06:51.983+0000 INFO  [org.neo4j]: [db/neo4j/neostore.propertystore.db.strings] brickCount=0 brickSize=217984b mappedMem=218103808b (storeSize=128b)
2014-01-18 21:06:51.983+0000 INFO  [org.neo4j]: [db/neo4j/neostore.propertystore.db.index.keys] brickCount=0 brickSize=0b mappedMem=0b (storeSize=38b)
2014-01-18 21:06:51.983+0000 INFO  [org.neo4j]: [db/neo4j/neostore.propertystore.db.index] brickCount=0 brickSize=0b mappedMem=0b (storeSize=0b)
2014-01-18 21:06:51.984+0000 INFO  [org.neo4j]: [db/neo4j/neostore.propertystore.db.arrays] brickCount=0 brickSize=247424b mappedMem=247463936b (storeSize=128b)
2014-01-18 21:06:51.984+0000 INFO  [org.neo4j]: [db/neo4j/neostore.propertystore.db] brickCount=0 brickSize=2558523b mappedMem=255852544b (storeSize=0b)
2014-01-18 21:06:51.984+0000 INFO  [org.neo4j]: [db/neo4j/neostore.relationshipstore.db] brickCount=0 brickSize=3135231b mappedMem=313524224b (storeSize=0b)
2014-01-18 21:06:51.985+0000 INFO  [org.neo4j]: [db/neo4j/neostore.nodestore.db] brickCount=0 brickSize=70254b mappedMem=70254592b (storeSize=9b)
2014-01-18 21:06:51.985+0000 INFO  [org.neo4j]: [db/neo4j/neostore] brickCount=0 brickSize=0b mappedMem=0b (storeSize=54b)
2014-01-18 21:06:52.010+0000 INFO  [org.neo4j]: Opened logical log [db/neo4j/nioneo_logical.log.1] version=0, lastTxId=1 (clean)
2014-01-18 21:06:52.053+0000 INFO  [org.neo4j]: TM new log: tm_tx_log.1
2014-01-18 21:06:52.152+0000 INFO  [org.neo4j]: Opened logical log [db/neo4j/index/lucene.log.1] version=0, lastTxId=1 (clean)
2014-01-18 21:06:52.200+0000 INFO  [org.neo4j]: --- STARTED diagnostics for KernelDiagnostics:Versions START ---
2014-01-18 21:06:52.201+0000 INFO  [org.neo4j]: Graph Database: org.neo4j.kernel.EmbeddedGraphDatabase StoreId[time:1390079210289, id:-1932822226558073111, store version: 13561656364791302]
2014-01-18 21:06:52.201+0000 INFO  [org.neo4j]: Kernel version: Neo4j - Graph Database Kernel 1.9.5
2014-01-18 21:06:52.201+0000 INFO  [org.neo4j]: Neo4j component versions:
2014-01-18 21:06:52.202+0000 INFO  [org.neo4j]:   Neo4j - Graph Database Kernel 1.9.5
2014-01-18 21:06:52.202+0000 INFO  [org.neo4j]: --- STARTED diagnostics for KernelDiagnostics:Versions END ---
2014-01-18 21:06:52.207+0000 INFO  [org.neo4j]: --- STARTED diagnostics for NEO_STORE_VERSIONS START ---
2014-01-18 21:06:52.208+0000 INFO  [org.neo4j]: Store versions:
    Store versions:
      NeoStore v0.A.0
      NodeStore v0.A.0
      RelationshipStore v0.A.0
      RelationshipTypeStore v0.A.0
      PropertyStore v0.A.0
      PropertyIndexStore v0.A.0
      StringPropertyStore v0.A.0
      ArrayPropertyStore v0.A.0
2014-01-18 21:06:52.208+0000 INFO  [org.neo4j]: --- STARTED diagnostics for NEO_STORE_VERSIONS END ---
2014-01-18 21:06:52.208+0000 INFO  [org.neo4j]: --- STARTED diagnostics for NEO_STORE_ID_USAGE START ---
2014-01-18 21:06:52.208+0000 INFO  [org.neo4j]: Id usage:
    Id usage:
      NodeStore: used=1 high=0
      RelationshipStore: used=0 high=-1
      RelationshipTypeStore: used=0 high=-1
      PropertyStore: used=0 high=-1
      PropertyIndexStore: used=0 high=-1
      StringPropertyStore: used=1 high=0
      ArrayPropertyStore: used=1 high=0
2014-01-18 21:06:52.209+0000 INFO  [org.neo4j]: --- STARTED diagnostics for NEO_STORE_ID_USAGE END ---
2014-01-18 21:06:52.210+0000 INFO  [org.neo4j]: --- STARTED diagnostics for PERSISTENCE_WINDOW_POOL_STATS START ---
2014-01-18 21:06:52.210+0000 INFO  [org.neo4j]: --- STARTED diagnostics for PERSISTENCE_WINDOW_POOL_STATS END ---
2014-01-18 21:06:52.210+0000 INFO  [org.neo4j]: --- STARTED diagnostics for KernelDiagnostics:StoreFiles START ---
2014-01-18 21:06:52.211+0000 INFO  [org.neo4j]: Disk space on partition (Total / Free / Free %): 16435298304 / 1101733888 / 6
Storage files: (filename : modification date - size)
      tm_tx_log.1: 2014-01-18T22:06:52+0100 - 0,00 B
      neostore.propertystore.db.arrays: 2014-01-18T22:06:51+0100 - 128,00 B
      neostore.propertystore.db.index.keys: 2014-01-18T22:06:51+0100 - 38,00 B
      neostore.relationshiptypestore.db: 2014-01-18T22:06:51+0100 - 0,00 B
      neostore.nodestore.db.id: 2014-01-18T22:06:51+0100 - 9,00 B
      neostore.propertystore.db.strings: 2014-01-18T22:06:51+0100 - 128,00 B
      neostore.relationshipstore.db.id: 2014-01-18T22:06:51+0100 - 9,00 B
      neostore.propertystore.db.index: 2014-01-18T22:06:51+0100 - 0,00 B
      store_lock: 2014-01-18T22:06:50+0100 - 0,00 B
      neostore.relationshiptypestore.db.names: 2014-01-18T22:06:51+0100 - 38,00 B
      neostore.relationshipstore.db: 2014-01-18T22:06:51+0100 - 0,00 B
      nioneo_logical.log.active: 2014-01-18T22:06:52+0100 - 4,00 B
      neostore.propertystore.db.strings.id: 2014-01-18T22:06:51+0100 - 9,00 B
      neostore.propertystore.db.arrays.id: 2014-01-18T22:06:51+0100 - 9,00 B
      index:
        lucene-store.db: 2014-01-18T22:06:52+0100 - 40,00 B
        lucene.log.1: 2014-01-18T22:06:52+0100 - 16,00 B
        lucene.log.active: 2014-01-18T22:06:52+0100 - 4,00 B
      - Total: 2014-01-18T22:06:52+0100 - 60,00 B
      neostore.id: 2014-01-18T22:06:51+0100 - 9,00 B
      neostore.propertystore.db.index.keys.id: 2014-01-18T22:06:51+0100 - 9,00 B
      active_tx_log: 2014-01-18T22:06:52+0100 - 11,00 B
      neostore.propertystore.db: 2014-01-18T22:06:51+0100 - 0,00 B
      lock: 2014-01-18T22:06:51+0100 - 0,00 B
      neostore.propertystore.db.index.id: 2014-01-18T22:06:51+0100 - 9,00 B
      neostore.propertystore.db.id: 2014-01-18T22:06:51+0100 - 9,00 B
      neostore: 2014-01-18T22:06:51+0100 - 54,00 B
      nioneo_logical.log.1: 2014-01-18T22:06:52+0100 - 16,00 B
      neostore.relationshiptypestore.db.names.id: 2014-01-18T22:06:51+0100 - 9,00 B
      messages.log: 2014-01-18T22:06:52+0100 - 13,53 kB
      neostore.nodestore.db: 2014-01-18T22:06:51+0100 - 9,00 B
      neostore.relationshiptypestore.db.id: 2014-01-18T22:06:51+0100 - 9,00 B
2014-01-18 21:06:52.233+0000 INFO  [org.neo4j]: --- STARTED diagnostics for KernelDiagnostics:StoreFiles END ---
2014-01-18 21:06:52.243+0000 INFO  [org.neo4j]: GC Monitor started. 
2014-01-18 21:06:52.243+0000 INFO  [org.neo4j]: Database is now ready
2014-01-18 21:06:53.143+0000 INFO  [org.neo4j]: Shutdown started
2014-01-18 21:06:53.144+0000 INFO  [org.neo4j]: Database is no longer ready
2014-01-18 21:06:53.144+0000 INFO  [org.neo4j]: GC Monitor stopped. 
2014-01-18 21:06:53.511+0000 INFO  [org.neo4j]: Closed log db/neo4j/index/lucene.log
2014-01-18 21:06:53.554+0000 INFO  [org.neo4j]: TM shutting down
2014-01-18 21:06:53.766+0000 INFO  [org.neo4j]: Closed log db/neo4j/nioneo_logical.log
2014-01-18 21:06:53.782+0000 INFO  [org.neo4j]: db/neo4j/neostore.relationshiptypestore.db.names hit=0 miss=1 switches=0 ooe=0
2014-01-18 21:06:53.835+0000 INFO  [org.neo4j]: db/neo4j/neostore.relationshiptypestore.db hit=0 miss=1 switches=0 ooe=0
2014-01-18 21:06:53.891+0000 INFO  [org.neo4j]: db/neo4j/neostore.propertystore.db.strings hit=0 miss=0 switches=0 ooe=0
2014-01-18 21:06:53.947+0000 INFO  [org.neo4j]: db/neo4j/neostore.propertystore.db.index.keys hit=0 miss=1 switches=0 ooe=0
2014-01-18 21:06:54.003+0000 INFO  [org.neo4j]: db/neo4j/neostore.propertystore.db.index hit=0 miss=1 switches=0 ooe=0
2014-01-18 21:06:54.059+0000 INFO  [org.neo4j]: db/neo4j/neostore.propertystore.db.arrays hit=0 miss=0 switches=0 ooe=0
2014-01-18 21:06:54.114+0000 INFO  [org.neo4j]: db/neo4j/neostore.propertystore.db hit=6 miss=0 switches=0 ooe=0
2014-01-18 21:06:54.159+0000 INFO  [org.neo4j]: db/neo4j/neostore.relationshipstore.db hit=11 miss=0 switches=0 ooe=0
2014-01-18 21:06:54.215+0000 INFO  [org.neo4j]: db/neo4j/neostore.nodestore.db hit=6 miss=0 switches=0 ooe=0
2014-01-18 21:06:54.260+0000 INFO  [org.neo4j]: db/neo4j/neostore hit=0 miss=18 switches=0 ooe=0
2014-01-18 21:06:54.316+0000 INFO  [org.neo4j]: NeoStore closed
2014-01-18 21:06:54.316+0000 INFO  [org.neo4j]: --- STOPPING diagnostics START ---
2014-01-18 21:06:54.316+0000 INFO  [org.neo4j]: --- STOPPING diagnostics END ---
2014-01-18 21:07:42.970+0000: Opened [/home/nordine/workspace/java/Neo4j-projet/db/neo4j/nioneo_logical.log.1] clean empty log, version=1, lastTxId=3
2014-01-18 21:07:42.978+0000: TM opening log: /home/nordine/workspace/java/Neo4j-projet/db/neo4j/tm_tx_log.1
2014-01-18 21:07:42.979+0000: Opened [/home/nordine/workspace/java/Neo4j-projet/db/neo4j/index/lucene.log.1] clean empty log, version=1, lastTxId=3
2014-01-18 21:07:42.989+0000: --- STARTUP diagnostics START ---
2014-01-18 21:07:42.989+0000: Neo4j Kernel properties:
    store_dir=/home/nordine/workspace/java/Neo4j-projet/db/neo4j
    remote_logging_host=127.0.0.1
    read_only=false
    neo4j.ext.udc.host=udc.neo4j.org
    logical_log=/home/nordine/workspace/java/Neo4j-projet/db/neo4j/nioneo_logical.log
    remote_logging_port=4560
    gc_monitor_threshold=200ms
    load_kernel_extensions=true
    array_block_size=120
    intercept_committing_transactions=false
    node_auto_indexing=false
    neostore.relationshipstore.db.mapped_memory=353M
    dump_configuration=false
    gc_monitor_wait_time=100ms
    cache_type=soft
    intercept_deserialized_transactions=false
    neostore.nodestore.db.mapped_memory=80M
    neo4j.ext.udc.first_delay=600000
    neo4j.ext.udc.reg=unreg
    lucene_searcher_cache_size=2147483647
    neo4j.ext.udc.interval=86400000
    use_memory_mapped_buffers=true
    rebuild_idgenerators_fast=true
    neostore.propertystore.db.index.keys.mapped_memory=1M
    neostore.propertystore.db.strings.mapped_memory=245M
    neostore.propertystore.db.arrays.mapped_memory=278M
    neo_store=/home/nordine/workspace/java/Neo4j-projet/db/neo4j/neostore
    neostore.propertystore.db.index.mapped_memory=1M
    backup_slave=false
    neostore.propertystore.db.mapped_memory=288M
    gcr_cache_min_log_interval=60s
    relationship_auto_indexing=false
    relationship_grab_size=100
    string_block_size=120
    lucene_writer_cache_size=2147483647
    grab_file_lock=true
    node_cache_array_fraction=1.0
    remote_logging_enabled=false
    allow_store_upgrade=true
    execution_guard_enabled=false
    neo4j.ext.udc.enabled=true
    relationship_cache_array_fraction=1.0
2014-01-18 21:07:42.989+0000: Diagnostics providers:
    org.neo4j.kernel.configuration.Config
    org.neo4j.kernel.info.DiagnosticsManager
    SYSTEM_MEMORY
    JAVA_MEMORY
    OPERATING_SYSTEM
    JAVA_VIRTUAL_MACHINE
    CLASSPATH
    LIBRARY_PATH
    SYSTEM_PROPERTIES
    LINUX_SCHEDULERS
2014-01-18 21:07:42.989+0000: System memory information:
    Total Physical memory: 2,95 GB
    Free Physical memory: 326,83 MB
    Committed virtual memory: 596,34 MB
    Total swap space: 3,00 GB
    Free swap space: 3,00 GB
2014-01-18 21:07:42.991+0000: JVM memory information:
    Free  memory: 5,87 MB
    Total memory: 27,48 MB
    Max   memory: 247,50 MB
    Garbage Collector: Copy: [Eden Space, Survivor Space]
    Garbage Collector: MarkSweepCompact: [Eden Space, Survivor Space, Tenured Gen, Perm Gen]
    Memory Pool: Code Cache (Non-heap memory): committed=5,41 MB, used=5,30 MB, max=32,00 MB, threshold=0,00 B
    Memory Pool: Eden Space (Heap memory): committed=7,63 MB, used=6,89 MB, max=68,31 MB, threshold=?
    Memory Pool: Survivor Space (Heap memory): committed=960,00 kB, used=384,33 kB, max=8,50 MB, threshold=?
    Memory Pool: Tenured Gen (Heap memory): committed=18,92 MB, used=14,39 MB, max=170,69 MB, threshold=0,00 B
    Memory Pool: Perm Gen (Non-heap memory): committed=27,25 MB, used=27,13 MB, max=64,00 MB, threshold=0,00 B
2014-01-18 21:07:42.991+0000: Operating system information:
    Operating System: Linux; version: 3.2.0-38-generic; arch: i386; cpus: 2
    Max number of file descriptors: 4096
    Number of open file descriptors: 166
    Process id: 5832@nordine
    Byte order: LITTLE_ENDIAN
2014-01-18 21:07:42.992+0000: JVM information:
    VM Name: Java HotSpot(TM) Client VM
    VM Vendor: Oracle Corporation
    VM Version: 24.51-b03
    JIT compiler: HotSpot Client Compiler
    VM Arguments: []
2014-01-18 21:07:42.992+0000: Java classpath:
     [bootstrap] /usr/lib/jvm/java-7-oracle/jre/lib/jsse.jar
     [bootstrap] /usr/lib/jvm/java-7-oracle/jre/classes
     [bootstrap] /usr/lib/jvm/java-7-oracle/jre/lib/rt.jar
     [classpath] /home/nordine/neoclipse1.7-linux.gtk.x86/neoclipse1.7/plugins/org.eclipse.equinox.launcher_1.2.0.v20110502.jar
     [bootstrap] /usr/lib/jvm/java-7-oracle/jre/lib/jfr.jar
     [bootstrap] /usr/lib/jvm/java-7-oracle/jre/lib/jce.jar
     [bootstrap] /usr/lib/jvm/java-7-oracle/jre/lib/resources.jar
     [bootstrap] /usr/lib/jvm/java-7-oracle/jre/lib/charsets.jar
     [bootstrap] /usr/lib/jvm/java-7-oracle/jre/lib/sunrsasign.jar
2014-01-18 21:07:42.993+0000: Library path:
    /usr/lib/jvm/java-7-oracle/jre/lib/i386/client
    /usr/lib/jvm/java-7-oracle/jre/lib/i386
    /home/nordine/neoclipse1.7-linux.gtk.x86/neoclipse1.7
    /usr/java/packages/lib/i386
    /lib
    /usr/lib
2014-01-18 21:07:42.993+0000: System.properties:
    osgi.bundles.defaultStartLevel = 4
    org.osgi.supports.framework.extension = true
    sun.management.compiler = HotSpot Client Compiler
    eclipse.p2.profile = profile
    osgi.ws = gtk
    sun.desktop = gnome
    osgi.instance.area = file:/home/nordine/neoclipse1.7-linux.gtk.x86/neoclipse1.7/neoclipse-workspace/
    org.osgi.framework.uuid = 3086bf1a-8280-0013-1023-ed274d259664
    user.name = nordine
    osgi.framework.extensions = 
    org.osgi.framework.system.packages = javax.accessibility,javax.activation,javax.activity,javax.annotation,javax.annotation.processing,javax.crypto,javax.crypto.interfaces,javax.crypto.spec,javax.imageio,javax.imageio.event,javax.imageio.metadata,javax.imageio.plugins.bmp,javax.imageio.plugins.jpeg,javax.imageio.spi,javax.imageio.stream,javax.jws,javax.jws.soap,javax.lang.model,javax.lang.model.element,javax.lang.model.type,javax.lang.model.util,javax.management,javax.management.event,javax.management.loading,javax.management.modelmbean,javax.management.monitor,javax.management.namespace,javax.management.openmbean,javax.management.relation,javax.management.remote,javax.management.remote.rmi,javax.management.timer,javax.naming,javax.naming.directory,javax.naming.event,javax.naming.ldap,javax.naming.spi,javax.net,javax.net.ssl,javax.print,javax.print.attribute,javax.print.attribute.standard,javax.print.event,javax.rmi,javax.rmi.CORBA,javax.rmi.ssl,javax.script,javax.security.auth,javax.security.auth.callback,javax.security.auth.kerberos,javax.security.auth.login,javax.security.auth.spi,javax.security.auth.x500,javax.security.cert,javax.security.sasl,javax.sound.midi,javax.sound.midi.spi,javax.sound.sampled,javax.sound.sampled.spi,javax.sql,javax.sql.rowset,javax.sql.rowset.serial,javax.sql.rowset.spi,javax.swing,javax.swing.border,javax.swing.colorchooser,javax.swing.event,javax.swing.filechooser,javax.swing.plaf,javax.swing.plaf.basic,javax.swing.plaf.metal,javax.swing.plaf.multi,javax.swing.plaf.nimbus,javax.swing.plaf.synth,javax.swing.table,javax.swing.text,javax.swing.text.html,javax.swing.text.html.parser,javax.swing.text.rtf,javax.swing.tree,javax.swing.undo,javax.tools,javax.transaction,javax.transaction.xa,javax.xml,javax.xml.bind,javax.xml.bind.annotation,javax.xml.bind.annotation.adapters,javax.xml.bind.attachment,javax.xml.bind.helpers,javax.xml.bind.util,javax.xml.crypto,javax.xml.crypto.dom,javax.xml.crypto.dsig,javax.xml.crypto.dsig.dom,javax.xml.crypto.dsig.keyinfo,javax.xml.crypto.dsig.spec,javax.xml.datatype,javax.xml.namespace,javax.xml.parsers,javax.xml.soap,javax.xml.stream,javax.xml.stream.events,javax.xml.stream.util,javax.xml.transform,javax.xml.transform.dom,javax.xml.transform.sax,javax.xml.transform.stax,javax.xml.transform.stream,javax.xml.validation,javax.xml.ws,javax.xml.ws.handler,javax.xml.ws.handler.soap,javax.xml.ws.http,javax.xml.ws.soap,javax.xml.ws.spi,javax.xml.ws.spi.http,javax.xml.ws.wsaddressing,javax.xml.xpath,org.ietf.jgss,org.omg.CORBA,org.omg.CORBA_2_3,org.omg.CORBA_2_3.portable,org.omg.CORBA.DynAnyPackage,org.omg.CORBA.ORBPackage,org.omg.CORBA.portable,org.omg.CORBA.TypeCodePackage,org.omg.CosNaming,org.omg.CosNaming.NamingContextExtPackage,org.omg.CosNaming.NamingContextPackage,org.omg.Dynamic,org.omg.DynamicAny,org.omg.DynamicAny.DynAnyFactoryPackage,org.omg.DynamicAny.DynAnyPackage,org.omg.IOP,org.omg.IOP.CodecFactoryPackage,org.omg.IOP.CodecPackage,org.omg.Messaging,org.omg.PortableInterceptor,org.omg.PortableInterceptor.ORBInitInfoPackage,org.omg.PortableServer,org.omg.PortableServer.CurrentPackage,org.omg.PortableServer.POAManagerPackage,org.omg.PortableServer.POAPackage,org.omg.PortableServer.portable,org.omg.PortableServer.ServantLocatorPackage,org.omg.SendingContext,org.omg.stub.java.rmi,org.w3c.dom,org.w3c.dom.bootstrap,org.w3c.dom.css,org.w3c.dom.events,org.w3c.dom.html,org.w3c.dom.ls,org.w3c.dom.ranges,org.w3c.dom.stylesheets,org.w3c.dom.traversal,org.w3c.dom.views,org.w3c.dom.xpath,org.xml.sax,org.xml.sax.ext,org.xml.sax.helpers
    eclipse.launcher = /home/nordine/neoclipse1.7-linux.gtk.x86/neoclipse1.7/neoclipse
    eclipse.launcher.name = Neoclipse
    org.osgi.framework.language = fr
    user.language = fr
    org.osgi.framework.processor = x86
    osgi.syspath = /home/nordine/neoclipse1.7-linux.gtk.x86/neoclipse1.7/plugins
    sun.boot.library.path = /usr/lib/jvm/java-7-oracle/jre/lib/i386
    org.osgi.framework.system.capabilities = osgi.ee; osgi.ee="OSGi/Minimum"; version:List<Version>="1.0, 1.1, 1.2",osgi.ee; osgi.ee="JavaSE"; version:List<Version>="1.0, 1.1, 1.2, 1.3, 1.4, 1.5, 1.6, 1.7"
    osgi.manifest.cache = /home/nordine/neoclipse1.7-linux.gtk.x86/neoclipse1.7/configuration/org.eclipse.osgi/manifests
    org.osgi.framework.os.name = Linux
    user.timezone = Europe/Paris
    sun.arch.data.model = 32
    osgi.bundles = reference:file:com.ibm.icu_4.4.2.v20110208.jar@4,reference:file:javax.activation_1.1.0.v201108011116.jar@4,reference:file:javax.servlet_2.5.0.v201103041518.jar@4,reference:file:javax.servlet.jsp_2.0.0.v201101211617.jar@4,reference:file:javax.xml_1.3.4.v201005080400.jar@4,reference:file:org.apache.ant_1.8.2.v20110505-1300/@4,reference:file:org.apache.commons.el_1.0.0.v201101211617.jar@4,reference:file:org.apache.commons.logging_1.0.4.v201101211617.jar@4,reference:file:org.apache.jasper_5.5.17.v201101211617.jar@4,reference:file:org.apache.lucene_2.9.1.v201101211721.jar@4,reference:file:org.apache.lucene.analysis_2.9.1.v201101211721.jar@4,reference:file:org.apache.lucene.core_2.9.1.v201101211721.jar@4,reference:file:org.apache.lucene.highlighter_2.9.1.v20100421-0704.jar@4,reference:file:org.apache.lucene.memory_2.9.1.v20100421-0704.jar@4,reference:file:org.apache.lucene.misc_2.9.1.v20100421-0704.jar@4,reference:file:org.apache.lucene.queries_2.9.1.v20100421-0704.jar@4,reference:file:org.apache.lucene.snowball_2.9.1.v20100421-0704.jar@4,reference:file:org.apache.lucene.spellchecker_2.9.1.v20100421-0704.jar@4,reference:file:org.apache.xerces_2.9.0.v201101211617.jar@4,reference:file:org.apache.xml.resolver_1.2.0.v201005080400.jar@4,reference:file:org.apache.xml.serializer_2.7.1.v201005080400.jar@4,reference:file:org.eclipse.ant.core_3.2.300.v20110511.jar@4,reference:file:org.eclipse.compare_3.5.201.R37x_v20110817-0800.jar@4,reference:file:org.eclipse.compare.core_3.5.200.I20110208-0800.jar@4,reference:file:org.eclipse.core.commands_3.6.0.I20110111-0800.jar@4,reference:file:org.eclipse.core.contenttype_3.4.100.v20110423-0524.jar@4,reference:file:org.eclipse.core.databinding_1.4.0.I20110111-0800.jar@4,reference:file:org.eclipse.core.databinding.observable_1.4.0.I20110222-0800.jar@4,reference:file:org.eclipse.core.databinding.property_1.4.0.I20110222-0800.jar@4,reference:file:org.eclipse.core.expressions_3.4.300.v20110228.jar@4,reference:file:org.eclipse.core.filebuffers_3.5.200.v20110505-0800.jar@4,reference:file:org.eclipse.core.filesystem_1.3.100.v20110423-0524.jar@4,reference:file:org.eclipse.core.filesystem.linux.x86_1.4.0.v20110423-0524.jar@4,reference:file:org.eclipse.core.jobs_3.5.100.v20110404.jar@4,reference:file:org.eclipse.core.net_1.2.100.I20110511-0800.jar@4,reference:file:org.eclipse.core.net.linux.x86_1.1.200.I20110419-0800.jar@4,reference:file:org.eclipse.core.resources_3.7.100.v20110510-0712.jar@4,reference:file:org.eclipse.core.runtime_3.7.0.v20110110.jar@4:start,reference:file:org.eclipse.core.runtime.compatibility_3.2.100.v20100505.jar@4,reference:file:org.eclipse.core.runtime.compatibility.auth_3.2.200.v20110110.jar@4,reference:file:org.eclipse.core.runtime.compatibility.registry_3.5.0.v20110505/@4,reference:file:org.eclipse.core.variables_3.2.500.v20110511.jar@4,reference:file:org.eclipse.draw2d_3.7.1.v20110830-1143.jar@4,reference:file:org.eclipse.emf.common_2.7.0.v20110912-0920.jar@4,reference:file:org.eclipse.emf.ecore_2.7.0.v20110912-0920.jar@4,reference:file:org.eclipse.emf.ecore.change_2.7.1.v20110829-1916.jar@4,reference:file:org.eclipse.emf.ecore.edit_2.7.0.v20110913-1156.jar@4,reference:file:org.eclipse.emf.ecore.xmi_2.7.0.v20110520-1406.jar@4,reference:file:org.eclipse.emf.edit_2.7.1.v20110913-1526.jar@4,reference:file:org.eclipse.equinox.app_1.3.100.v20110321.jar@4,reference:file:org.eclipse.equinox.common_3.6.0.v20110523.jar@2:start,reference:file:org.eclipse.equinox.http.jetty_2.0.100.v20110502.jar@4,reference:file:org.eclipse.equinox.http.registry_1.1.100.v20110502.jar@4,reference:file:org.eclipse.equinox.http.servlet_1.1.200.v20110502.jar@4,reference:file:org.eclipse.equinox.jsp.jasper_1.0.300.v20110502.jar@4,reference:file:org.eclipse.equinox.jsp.jasper.registry_1.0.200.v20100503.jar@4,reference:file:org.eclipse.equinox.launcher_1.2.0.v20110502.jar@4,reference:file:org.eclipse.equinox.launcher.gtk.linux.x86_1.1.100.v20110505/@4,reference:file:org.eclipse.equinox.p2.core_2.1.0.v20110502-1955.jar@4,reference:file:org.eclipse.equinox.p2.engine_2.1.0.v20110511.jar@4,reference:file:org.eclipse.equinox.p2.metadata_2.1.0.v20110510.jar@4,reference:file:org.eclipse.equinox.p2.metadata.repository_1.2.0.v20110511-1359.jar@4,reference:file:org.eclipse.equinox.p2.repository_2.1.0.v20110601.jar@4,reference:file:org.eclipse.equinox.preferences_3.4.1.R37x_v20110725.jar@4,reference:file:org.eclipse.equinox.registry_3.5.101.R37x_v20110810-1611.jar@4,reference:file:org.eclipse.equinox.security_1.1.1.R37x_v20110822-1018.jar@4,reference:file:org.eclipse.gef_3.7.1.v20110830-1143.jar@4,reference:file:org.eclipse.help_3.5.100.v20110426.jar@4,reference:file:org.eclipse.help.appserver_3.1.400.v20110425.jar@4,reference:file:org.eclipse.help.base_3.6.1.v201109091335.jar@4,reference:file:org.eclipse.help.ui_3.5.101.r37_20110819.jar@4,reference:file:org.eclipse.help.webapp_3.6.0.v20110518.jar@4,reference:file:org.eclipse.jem.util_2.1.100.v201103021400.jar@4,reference:file:org.eclipse.jface_3.7.0.I20110522-1430.jar@4,reference:file:org.eclipse.jface.databinding_1.5.0.I20100907-0800.jar@4,reference:file:org.eclipse.jface.text_3.7.1.r371_v20110825-0800.jar@4,reference:file:org.eclipse.ltk.core.refactoring_3.5.201.r371_v20110824-0800.jar@4,reference:file:org.eclipse.ltk.ui.refactoring_3.6.0.v20110505-0800.jar@4,reference:file:org.eclipse.osgi.services_3.3.0.v20110513.jar@4,reference:file:org.eclipse.osgi.util_3.2.200.v20110110.jar@4,reference:file:org.eclipse.platform_3.7.1.v201109091335/@4,reference:file:org.eclipse.search_3.7.0.v20110505-0800.jar@4,reference:file:org.eclipse.swt_3.7.1.v3738a.jar@4,reference:file:org.eclipse.swt.gtk.linux.x86_3.7.1.v3738a.jar@4,reference:file:org.eclipse.team.core_3.6.0.I20110525-0800.jar@4,reference:file:org.eclipse.team.ui_3.6.100.I20110525-0800.jar@4,reference:file:org.eclipse.text_3.5.101.r371_v20110810-0800.jar@4,reference:file:org.eclipse.ui_3.7.0.I20110602-0100.jar@4,reference:file:org.eclipse.ui.cheatsheets_3.4.100.v20110425.jar@4,reference:file:org.eclipse.ui.console_3.5.100.v20110511.jar@4,reference:file:org.eclipse.ui.editors_3.7.0.v20110517-0800.jar@4,reference:file:org.eclipse.ui.forms_3.5.100.v20110425.jar@4,reference:file:org.eclipse.ui.ide_3.7.0.v20110809-1737.jar@4,reference:file:org.eclipse.ui.ide.application_1.0.300.I20110306-2000.jar@4,reference:file:org.eclipse.ui.intro_3.4.100.v20110425.jar@4,reference:file:org.eclipse.ui.intro.universal_3.2.500.v20110510/@4,reference:file:org.eclipse.ui.navigator_3.5.100.v20110809-2227.jar@4,reference:file:org.eclipse.ui.navigator.resources_3.4.300.I20110421-1800.jar@4,reference:file:org.eclipse.ui.views_3.6.0.I20110412-0800.jar@4,reference:file:org.eclipse.ui.views.properties.tabbed_3.5.200.I20110201-0800.jar@4,reference:file:org.eclipse.ui.workbench_3.7.0.I20110519-0100.jar@4,reference:file:org.eclipse.ui.workbench.texteditor_3.7.0.v20110505-0800.jar@4,reference:file:org.eclipse.update.configurator_3.3.100.v20100512.jar@4,reference:file:org.eclipse.update.core_3.2.500.v20110330.jar@4,reference:file:org.eclipse.update.core.linux_3.2.200.v20100512.jar@4,reference:file:org.eclipse.update.ui_3.2.300.v20100512.jar@4,reference:file:org.eclipse.wst.common.core_1.2.0.v200908252030.jar@4,reference:file:org.eclipse.wst.common.emf_1.2.100.v201101101900.jar@4,reference:file:org.eclipse.wst.common.emfworkbench.integration_1.2.101.v201107140600.jar@4,reference:file:org.eclipse.wst.common.environment_1.0.400.v200912181832.jar@4,reference:file:org.eclipse.wst.common.frameworks_1.2.101.v201107192200.jar@4,reference:file:org.eclipse.wst.common.project.facet.core_1.4.200.v201103170332.jar@4,reference:file:org.eclipse.wst.common.uriresolver_1.1.401.v201004280700.jar@4,reference:file:org.eclipse.wst.sse.core_1.1.601.v201108151912.jar@4,reference:file:org.eclipse.wst.validation_1.2.302.v201107140600.jar@4,reference:file:org.eclipse.wst.xml.core_1.1.601.v201108302147.jar@4,reference:file:org.eclipse.wst.xsd.core_1.1.600.v201104070312.jar@4,reference:file:org.eclipse.xsd_2.7.0.v20110606-0949.jar@4,reference:file:org.eclipse.zest.core_1.3.0.v20110221-2050.jar@4,reference:file:org.eclipse.zest.layouts_1.1.0.v20110425-2050.jar@4,reference:file:org.hamcrest.core_1.1.0.v20090501071000.jar@4,reference:file:org.junit_4.8.2.v4_8_2_v20110321-1705/@4,reference:file:org.junit4_4.8.1.v20100525/@4,reference:file:org.mortbay.jetty.server_6.1.23.v201012071420.jar@4,reference:file:org.mortbay.jetty.util_6.1.23.v201012071420.jar@4,reference:file:org.neo4j.neoclipse_1.6.0.jar@4,reference:file:org.neo4j.neoclipse.doc_1.6.0.jar@4
    osgi.tracefile = /home/nordine/neoclipse1.7-linux.gtk.x86/neoclipse1.7/neoclipse-workspace/.metadata/trace.log
    sun.cpu.isalist = 
    sun.jnu.encoding = UTF-8
    eclipse.application = org.neo4j.neoclipse.application
    file.encoding.pkg = sun.io
    org.osgi.framework.vendor = Eclipse
    file.separator = /
    user.country = FR
    org.eclipse.equinox.launcher.splash.location = /home/nordine/neoclipse1.7-linux.gtk.x86/neoclipse1.7/configuration/org.eclipse.equinox.launcher/org.neo4j.neoclipse_1.6.0/splash.bmp
    osgi.os = linux
    eclipse.commands = -os
linux
-ws
gtk
-arch
x86
-showsplash
-launcher
/home/nordine/neoclipse1.7-linux.gtk.x86/neoclipse1.7/neoclipse
-name
Neoclipse
--launcher.library
/home/nordine/neoclipse1.7-linux.gtk.x86/neoclipse1.7//plugins/org.eclipse.equinox.launcher.gtk.linux.x86_1.1.100.v20110505/eclipse_1407.so
-startup
/home/nordine/neoclipse1.7-linux.gtk.x86/neoclipse1.7//plugins/org.eclipse.equinox.launcher_1.2.0.v20110502.jar
--launcher.overrideVmargs
-data
@noDefault
-vm
/usr/lib/jvm/java-7-oracle/jre/bin/../lib/i386/client/libjvm.so

    osgi.splashLocation = /home/nordine/neoclipse1.7-linux.gtk.x86/neoclipse1.7/configuration/org.eclipse.equinox.launcher/org.neo4j.neoclipse_1.6.0/splash.bmp
    osgi.arch = x86
    path.separator = :
    org.osgi.supports.framework.fragment = true
    osgi.framework.shape = jar
    sun.io.unicode.encoding = UnicodeLittle
    org.osgi.framework.version = 1.6.0
    awt.toolkit = sun.awt.X11.XToolkit
    osgi.install.area = file:/home/nordine/neoclipse1.7-linux.gtk.x86/neoclipse1.7/
    osgi.framework = file:/home/nordine/neoclipse1.7-linux.gtk.x86/neoclipse1.7/plugins/org.eclipse.osgi_3.7.1.R37x_v20110808-1106.jar
    user.home = /home/nordine
    osgi.bundlestore = /home/nordine/neoclipse1.7-linux.gtk.x86/neoclipse1.7/configuration/org.eclipse.osgi/bundles
    osgi.splashPath = platform:/base/plugins/org.neo4j.neoclipse
    osgi.nl = fr_FR
    org.osgi.framework.os.version = 3.2.0
    eclipse.startTime = 1390078202976
    eclipse.p2.data.area = @config.dir/../p2
    org.eclipse.update.reconcile = false
    eclipse.vm = /usr/lib/jvm/java-7-oracle/jre/bin/../lib/i386/client/libjvm.so
    sun.cpu.endian = little
    sun.os.patch.level = unknown
    eclipse.product = org.neo4j.neoclipse.neoclipseProduct
    eclipse.home.location = file:/home/nordine/neoclipse1.7-linux.gtk.x86/neoclipse1.7/
    user.dir = /home/nordine/neoclipse1.7-linux.gtk.x86/neoclipse1.7
    org.osgi.supports.framework.requirebundle = true
    file.encoding = UTF-8
    osgi.framework.version = 3.7.1.R37x_v20110808-1106
    eclipse.vmargs = -Djava.class.path=/home/nordine/neoclipse1.7-linux.gtk.x86/neoclipse1.7//plugins/org.eclipse.equinox.launcher_1.2.0.v20110502.jar

    org.osgi.framework.executionenvironment = OSGi/Minimum-1.0,OSGi/Minimum-1.1,OSGi/Minimum-1.2,JRE-1.1,J2SE-1.2,J2SE-1.3,J2SE-1.4,J2SE-1.5,JavaSE-1.6,JavaSE-1.7
    osgi.logfile = /home/nordine/neoclipse1.7-linux.gtk.x86/neoclipse1.7/neoclipse-workspace/.metadata/.log
    osgi.configuration.area = file:/home/nordine/neoclipse1.7-linux.gtk.x86/neoclipse1.7/configuration/
2014-01-18 21:07:42.994+0000: Linux scheduler information:
    none
    none
    none
    none
    none
    none
    none
    none
    none
    none
    none
    none
    none
    none
    none
    none
    none
    none
    none
    none
    none
    none
    none
    none
    noop deadline [cfq] 
    noop deadline [cfq] 
2014-01-18 21:07:43.000+0000: --- STARTUP diagnostics END ---
2014-01-18 21:07:43.005+0000: Extension org.neo4j.kernel.KernelExtension[kernel jmx] loaded ok
2014-01-18 21:07:43.006+0000: Extension org.neo4j.kernel.KernelExtension[kernel udc] loaded ok
2014-01-18 21:07:43.006+0000: --- STARTUP diagnostics for KernelDiagnostics:Versions START ---
2014-01-18 21:07:43.006+0000: Graph Database: org.neo4j.kernel.EmbeddedGraphDatabase StoreId[time:1390079210289, id:-1932822226558073111, store version: 13561656364791302]
2014-01-18 21:07:43.006+0000: Kernel version: Neo4j - Graph Database Kernel 1.7
2014-01-18 21:07:43.006+0000: Neo4j component versions:
2014-01-18 21:07:43.007+0000:   Neo4j - Graph Database Kernel 1.7
2014-01-18 21:07:43.007+0000: --- STARTUP diagnostics for KernelDiagnostics:Versions END ---
2014-01-18 21:07:43.007+0000: --- STARTUP diagnostics for NEO_STORE_VERSIONS START ---
2014-01-18 21:07:43.007+0000: Store versions:
    Store versions:
      NeoStore v0.A.0
      NodeStore v0.A.0
      RelationshipStore v0.A.0
      RelationshipTypeStore v0.A.0
      PropertyStore v0.A.0
      PropertyIndexStore v0.A.0
      StringPropertyStore v0.A.0
      ArrayPropertyStore v0.A.0
2014-01-18 21:07:43.007+0000: --- STARTUP diagnostics for NEO_STORE_VERSIONS END ---
2014-01-18 21:07:43.007+0000: --- STARTUP diagnostics for NEO_STORE_ID_USAGE START ---
2014-01-18 21:07:43.007+0000: Id usage:
    Id usage:
      NodeStore: used=7 high=6
      RelationshipStore: used=11 high=10
      RelationshipTypeStore: used=1 high=0
      PropertyStore: used=6 high=5
      PropertyIndexStore: used=1 high=0
      StringPropertyStore: used=1 high=0
      ArrayPropertyStore: used=1 high=0
2014-01-18 21:07:43.007+0000: --- STARTUP diagnostics for NEO_STORE_ID_USAGE END ---
2014-01-18 21:07:43.007+0000: --- STARTUP diagnostics for KernelDiagnostics:StoreFiles START ---
2014-01-18 21:07:43.007+0000: Storage files:
    tm_tx_log.1: 0,00 B
    neostore.propertystore.db.arrays: 128,00 B
    neostore.propertystore.db.index.keys: 1,00 kB
    neostore.relationshiptypestore.db: 5,00 B
    neostore.nodestore.db.id: 9,00 B
    neostore.propertystore.db.strings: 128,00 B
    neostore.relationshipstore.db.id: 9,00 B
    neostore.propertystore.db.index: 1,02 kB
    store_lock: 0,00 B
    index.db: 103,00 B
    nioneo_logical.log.v0: 1,65 kB
    neostore.relationshiptypestore.db.names: 76,00 B
    neostore.relationshipstore.db: 363,00 B
    nioneo_logical.log.active: 4,00 B
    neostore.propertystore.db.strings.id: 9,00 B
    neostore.propertystore.db.arrays.id: 9,00 B
    index:
      lucene.log.v0: 342,00 B
      lucene-store.db: 40,00 B
      lucene:
        node:
          users:
            _0.fdx: 12,00 B
            _0.tis: 43,00 B
            _0.prx: 2,00 B
            _0.nrm: 5,00 B
            segments_1: 248,00 B
            _0.frq: 2,00 B
            _0.fdt: 18,00 B
            _0.fnm: 18,00 B
            segments.gen: 20,00 B
            _0.tii: 35,00 B
          - Total: 403,00 B
        - Total: 403,00 B
      - Total: 403,00 B
      lucene.log.1: 16,00 B
      lucene.log.active: 4,00 B
    - Total: 805,00 B
    neostore.id: 9,00 B
    neostore.propertystore.db.index.keys.id: 9,00 B
    active_tx_log: 11,00 B
    neostore.propertystore.db: 246,00 B
    lock: 0,00 B
    neostore.propertystore.db.index.id: 9,00 B
    neostore.propertystore.db.id: 9,00 B
    neostore: 54,00 B
    nioneo_logical.log.1: 16,00 B
    neostore.relationshiptypestore.db.names.id: 9,00 B
    messages.log: 41,15 kB
    neostore.nodestore.db: 63,00 B
    neostore.relationshiptypestore.db.id: 9,00 B
2014-01-18 21:07:43.009+0000: --- STARTUP diagnostics for KernelDiagnostics:StoreFiles END ---
2014-01-18 21:07:43.009+0000: Started - database is now available
2014-01-18 21:07:43.010+0000: GC Monitor started. 
2014-01-18 21:29:29.350+0000: Stopping - database is now unavailable
2014-01-18 21:29:29.351+0000: TM shutting down
2014-01-18 21:29:29.360+0000: Closed log /home/nordine/workspace/java/Neo4j-projet/db/neo4j/index/lucene.log
2014-01-18 21:29:29.382+0000: Closed log /home/nordine/workspace/java/Neo4j-projet/db/neo4j/nioneo_logical.log
2014-01-18 21:29:29.411+0000: GC Monitor stopped. 
2014-01-18 21:29:29.930+0000: NeoStore closed
2014-01-18 21:29:29.930+0000: --- SHUTDOWN diagnostics START ---
2014-01-18 21:29:29.930+0000: --- SHUTDOWN diagnostics END ---
2014-01-18 21:29:34.273+0000 INFO  [org.neo4j]: --- INITIALIZED diagnostics START ---
2014-01-18 21:29:34.294+0000 INFO  [org.neo4j]: Neo4j Kernel properties:
    neostore.propertystore.db.mapped_memory=244M
    neostore.nodestore.db.mapped_memory=67M
    neostore.relationshipstore.db.mapped_memory=299M
    neostore.propertystore.db.strings.mapped_memory=208M
    store_dir=db/neo4j
    neostore.propertystore.db.arrays.mapped_memory=236M
2014-01-18 21:29:34.300+0000 INFO  [org.neo4j]: Diagnostics providers:
    org.neo4j.kernel.configuration.Config
    org.neo4j.kernel.info.DiagnosticsManager
    SYSTEM_MEMORY
    JAVA_MEMORY
    OPERATING_SYSTEM
    JAVA_VIRTUAL_MACHINE
    CLASSPATH
    LIBRARY_PATH
    SYSTEM_PROPERTIES
    LINUX_SCHEDULERS
    NETWORK
2014-01-18 21:29:34.301+0000 INFO  [org.neo4j]: System memory information:
    Total Physical memory: 2,95 GB
    Free Physical memory: 420,97 MB
    Committed virtual memory: 932,23 MB
    Total swap space: 3,00 GB
    Free swap space: 3,00 GB
2014-01-18 21:29:34.307+0000 INFO  [org.neo4j]: JVM memory information:
    Free  memory: 35,38 MB
    Total memory: 45,50 MB
    Max   memory: 672,00 MB
    Garbage Collector: PS Scavenge: [PS Eden Space, PS Survivor Space]
    Garbage Collector: PS MarkSweep: [PS Eden Space, PS Survivor Space, PS Old Gen, PS Perm Gen]
    Memory Pool: Code Cache (Non-heap memory): committed=2,25 MB, used=331,00 kB, max=48,00 MB, threshold=0,00 B
    Memory Pool: PS Eden Space (Heap memory): committed=12,25 MB, used=10,12 MB, max=248,50 MB, threshold=?
    Memory Pool: PS Survivor Space (Heap memory): committed=1,75 MB, used=0,00 B, max=1,75 MB, threshold=?
    Memory Pool: PS Old Gen (Heap memory): committed=31,50 MB, used=0,00 B, max=504,00 MB, threshold=0,00 B
    Memory Pool: PS Perm Gen (Non-heap memory): committed=16,00 MB, used=3,83 MB, max=64,00 MB, threshold=0,00 B
2014-01-18 21:29:34.314+0000 INFO  [org.neo4j]: Operating system information:
    Operating System: Linux; version: 3.2.0-38-generic; arch: i386; cpus: 2
    Max number of file descriptors: 4096
    Number of open file descriptors: 19
    Process id: 6537@nordine
    Byte order: LITTLE_ENDIAN
    Local timezone: Europe/Paris
2014-01-18 21:29:34.324+0000 INFO  [org.neo4j]: JVM information:
    VM Name: Java HotSpot(TM) Server VM
    VM Vendor: Oracle Corporation
    VM Version: 24.51-b03
    JIT compiler: HotSpot Tiered Compilers
    VM Arguments: [-Dfile.encoding=UTF-8]
2014-01-18 21:29:34.326+0000 INFO  [org.neo4j]: Java classpath:
     [loader.1] file:/usr/lib/jvm/java-7-oracle/jre/lib/ext/sunjce_provider.jar
     [bootstrap] /usr/lib/jvm/java-7-oracle/jre/classes
     [classpath + loader.0] file:/home/nordine/neo4j-community-1.9.5/lib/org.apache.servicemix.bundles.jline-0.9.94_1.jar
     [classpath + loader.0] file:/home/nordine/neo4j-community-1.9.5/lib/server-api-1.9.5.jar
     [bootstrap] /usr/lib/jvm/java-7-oracle/jre/lib/jsse.jar
     [classpath + loader.0] file:/home/nordine/neo4j-community-1.9.5/lib/neo4j-cypher-1.9.5.jar
     [loader.1] file:/usr/lib/jvm/java-7-oracle/jre/lib/ext/localedata.jar
     [classpath + loader.0] file:/home/nordine/neo4j-community-1.9.5/lib/neo4j-udc-1.9.5.jar
     [loader.1] file:/usr/lib/jvm/java-7-oracle/jre/lib/ext/sunpkcs11.jar
     [classpath + loader.0] file:/home/nordine/neo4j-community-1.9.5/lib/scala-library-2.10.0.jar
     [classpath + loader.0] file:/home/nordine/neo4j-community-1.9.5/lib/neo4j-graph-algo-1.9.5.jar
     [loader.1] file:/usr/lib/jvm/java-7-oracle/jre/lib/ext/dnsns.jar
     [bootstrap] /usr/lib/jvm/java-7-oracle/jre/lib/jce.jar
     [classpath + loader.0] file:/home/nordine/neo4j-community-1.9.5/lib/neo4j-shell-1.9.5.jar
     [classpath + loader.0] file:/home/nordine/neo4j-community-1.9.5/lib/lucene-core-3.6.2.jar
     [classpath + loader.0] file:/home/nordine/workspace/java/Neo4j-projet/bin/
     [classpath + loader.0] file:/home/nordine/neo4j-community-1.9.5/lib/neo4j-jmx-1.9.5.jar
     [classpath + loader.0] file:/home/nordine/neo4j-community-1.9.5/lib/neo4j-kernel-1.9.5.jar
     [bootstrap] /usr/lib/jvm/java-7-oracle/jre/lib/jfr.jar
     [classpath + loader.0] file:/home/nordine/neo4j-community-1.9.5/lib/neo4j-lucene-index-1.9.5.jar
     [bootstrap] /usr/lib/jvm/java-7-oracle/jre/lib/resources.jar
     [loader.1] file:/usr/lib/jvm/java-7-oracle/jre/lib/ext/zipfs.jar
     [bootstrap] /usr/lib/jvm/java-7-oracle/jre/lib/sunrsasign.jar
     [classpath + loader.0] file:/home/nordine/neo4j-community-1.9.5/lib/neo4j-graph-matching-1.9.5.jar
     [bootstrap] /usr/lib/jvm/java-7-oracle/jre/lib/rt.jar
     [classpath + loader.0] file:/home/nordine/neo4j-community-1.9.5/lib/concurrentlinkedhashmap-lru-1.3.1.jar
     [loader.1] file:/usr/lib/jvm/java-7-oracle/jre/lib/ext/sunec.jar
     [classpath + loader.0] file:/home/nordine/neo4j-community-1.9.5/lib/geronimo-jta_1.1_spec-1.1.1.jar
     [bootstrap] /usr/lib/jvm/java-7-oracle/jre/lib/charsets.jar
2014-01-18 21:29:34.328+0000 INFO  [org.neo4j]: Library path:
    /usr/lib/jvm/java-7-oracle/jre/lib/i386/server
    /usr/lib/jvm/java-7-oracle/jre/lib/i386
    /usr/lib/jvm/java-7-oracle/lib/i386
    /usr/lib/jvm/java-7-oracle/jre/lib/i386/client
    /usr/lib/jvm/java-7-oracle/jre/lib/i386
    /home/nordine/workspace/java/Neo4j-projet
    /usr/java/packages/lib/i386
    /lib
    /usr/lib
2014-01-18 21:29:34.329+0000 INFO  [org.neo4j]: System.properties:
    sun.boot.library.path = /usr/lib/jvm/java-7-oracle/jre/lib/i386
    path.separator = :
    file.encoding.pkg = sun.io
    user.country = FR
    sun.java.launcher = SUN_STANDARD
    sun.os.patch.level = unknown
    user.dir = /home/nordine/workspace/java/Neo4j-projet
    sun.jnu.encoding = UTF-8
    sun.management.compiler = HotSpot Tiered Compilers
    user.home = /home/nordine
    user.timezone = Europe/Paris
    file.encoding = UTF-8
    user.name = nordine
    sun.java.command = com.nordine.neo4jexample.Main
    sun.arch.data.model = 32
    user.language = fr
    awt.toolkit = sun.awt.X11.XToolkit
    file.separator = /
    sun.io.unicode.encoding = UnicodeLittle
    sun.cpu.endian = little
    sun.desktop = gnome
    sun.cpu.isalist = 
2014-01-18 21:29:34.330+0000 INFO  [org.neo4j]: Linux scheduler information:
    none
    none
    none
    none
    none
    none
    none
    none
    none
    none
    none
    none
    none
    none
    none
    none
    none
    none
    none
    none
    none
    none
    none
    none
    noop deadline [cfq] 
    noop deadline [cfq] 
2014-01-18 21:29:34.336+0000 INFO  [org.neo4j]: Network information:
    Interface eth1:
        address: fe80:0:0:0:221:ff:fe62:a173%3
        address: 192.168.1.21
    Interface lo:
        address: 0:0:0:0:0:0:0:1%1
        address: 127.0.0.1
2014-01-18 21:29:34.339+0000 INFO  [org.neo4j]: --- INITIALIZED diagnostics END ---
2014-01-18 21:29:34.545+0000 INFO  [org.neo4j]: [db/neo4j/neostore.relationshiptypestore.db.names] brickCount=0 brickSize=0b mappedMem=0b (storeSize=76b)
2014-01-18 21:29:34.550+0000 INFO  [org.neo4j]: [db/neo4j/neostore.relationshiptypestore.db] brickCount=0 brickSize=0b mappedMem=0b (storeSize=5b)
2014-01-18 21:29:34.551+0000 INFO  [org.neo4j]: [db/neo4j/neostore.propertystore.db.strings] brickCount=0 brickSize=217984b mappedMem=218103808b (storeSize=128b)
2014-01-18 21:29:34.551+0000 INFO  [org.neo4j]: [db/neo4j/neostore.propertystore.db.index.keys] brickCount=0 brickSize=0b mappedMem=0b (storeSize=76b)
2014-01-18 21:29:34.553+0000 INFO  [org.neo4j]: [db/neo4j/neostore.propertystore.db.index] brickCount=0 brickSize=0b mappedMem=0b (storeSize=9b)
2014-01-18 21:29:34.554+0000 INFO  [org.neo4j]: [db/neo4j/neostore.propertystore.db.arrays] brickCount=0 brickSize=247424b mappedMem=247463936b (storeSize=128b)
2014-01-18 21:29:34.558+0000 INFO  [org.neo4j]: [db/neo4j/neostore.propertystore.db] brickCount=0 brickSize=255840b mappedMem=255852544b (storeSize=246b)
2014-01-18 21:29:34.561+0000 INFO  [org.neo4j]: [db/neo4j/neostore.relationshipstore.db] brickCount=0 brickSize=313500b mappedMem=313524224b (storeSize=363b)
2014-01-18 21:29:34.563+0000 INFO  [org.neo4j]: [db/neo4j/neostore.nodestore.db] brickCount=0 brickSize=70254b mappedMem=70254592b (storeSize=63b)
2014-01-18 21:29:34.564+0000 INFO  [org.neo4j]: [db/neo4j/neostore] brickCount=0 brickSize=0b mappedMem=0b (storeSize=54b)
2014-01-18 21:29:34.597+0000 INFO  [org.neo4j]: Opened logical log [db/neo4j/nioneo_logical.log.1] version=2, lastTxId=3 (clean)
2014-01-18 21:29:34.619+0000 INFO  [org.neo4j]: TM opening log: db/neo4j/tm_tx_log.1
2014-01-18 21:29:34.740+0000 INFO  [org.neo4j]: Opened logical log [db/neo4j/index/lucene.log.1] version=2, lastTxId=3 (clean)
2014-01-18 21:29:34.756+0000 INFO  [org.neo4j]: --- STARTED diagnostics for KernelDiagnostics:Versions START ---
2014-01-18 21:29:34.756+0000 INFO  [org.neo4j]: Graph Database: org.neo4j.kernel.EmbeddedGraphDatabase StoreId[time:1390079210289, id:-1932822226558073111, store version: 13561656364791302]
2014-01-18 21:29:34.756+0000 INFO  [org.neo4j]: Kernel version: Neo4j - Graph Database Kernel 1.9.5
2014-01-18 21:29:34.757+0000 INFO  [org.neo4j]: Neo4j component versions:
2014-01-18 21:29:34.758+0000 INFO  [org.neo4j]:   Neo4j - Graph Database Kernel 1.9.5
2014-01-18 21:29:34.758+0000 INFO  [org.neo4j]: --- STARTED diagnostics for KernelDiagnostics:Versions END ---
2014-01-18 21:29:34.762+0000 INFO  [org.neo4j]: --- STARTED diagnostics for NEO_STORE_VERSIONS START ---
2014-01-18 21:29:34.762+0000 INFO  [org.neo4j]: Store versions:
    Store versions:
      NeoStore v0.A.0
      NodeStore v0.A.0
      RelationshipStore v0.A.0
      RelationshipTypeStore v0.A.0
      PropertyStore v0.A.0
      PropertyIndexStore v0.A.0
      StringPropertyStore v0.A.0
      ArrayPropertyStore v0.A.0
2014-01-18 21:29:34.763+0000 INFO  [org.neo4j]: --- STARTED diagnostics for NEO_STORE_VERSIONS END ---
2014-01-18 21:29:34.763+0000 INFO  [org.neo4j]: --- STARTED diagnostics for NEO_STORE_ID_USAGE START ---
2014-01-18 21:29:34.763+0000 INFO  [org.neo4j]: Id usage:
    Id usage:
      NodeStore: used=7 high=6
      RelationshipStore: used=11 high=10
      RelationshipTypeStore: used=1 high=0
      PropertyStore: used=6 high=5
      PropertyIndexStore: used=1 high=0
      StringPropertyStore: used=1 high=0
      ArrayPropertyStore: used=1 high=0
2014-01-18 21:29:34.764+0000 INFO  [org.neo4j]: --- STARTED diagnostics for NEO_STORE_ID_USAGE END ---
2014-01-18 21:29:34.764+0000 INFO  [org.neo4j]: --- STARTED diagnostics for PERSISTENCE_WINDOW_POOL_STATS START ---
2014-01-18 21:29:34.764+0000 INFO  [org.neo4j]: --- STARTED diagnostics for PERSISTENCE_WINDOW_POOL_STATS END ---
2014-01-18 21:29:34.765+0000 INFO  [org.neo4j]: --- STARTED diagnostics for KernelDiagnostics:StoreFiles START ---
2014-01-18 21:29:34.765+0000 INFO  [org.neo4j]: Disk space on partition (Total / Free / Free %): 16435298304 / 1089589248 / 6
Storage files: (filename : modification date - size)
      tm_tx_log.1: 2014-01-18T22:29:34+0100 - 0,00 B
      neostore.propertystore.db.arrays: 2014-01-18T22:29:34+0100 - 128,00 B
      neostore.propertystore.db.index.keys: 2014-01-18T22:29:34+0100 - 76,00 B
      neostore.relationshiptypestore.db: 2014-01-18T22:29:34+0100 - 5,00 B
      neostore.nodestore.db.id: 2014-01-18T22:29:34+0100 - 9,00 B
      neostore.propertystore.db.strings: 2014-01-18T22:29:34+0100 - 128,00 B
      neostore.relationshipstore.db.id: 2014-01-18T22:29:34+0100 - 9,00 B
      neostore.propertystore.db.index: 2014-01-18T22:29:34+0100 - 9,00 B
      store_lock: 2014-01-18T22:06:50+0100 - 0,00 B
      index.db: 2014-01-18T22:06:52+0100 - 103,00 B
      nioneo_logical.log.v0: 2014-01-18T22:06:53+0100 - 1,65 kB
      neostore.relationshiptypestore.db.names: 2014-01-18T22:29:34+0100 - 76,00 B
      neostore.relationshipstore.db: 2014-01-18T22:29:34+0100 - 363,00 B
      nioneo_logical.log.active: 2014-01-18T22:29:34+0100 - 4,00 B
      neostore.propertystore.db.strings.id: 2014-01-18T22:29:34+0100 - 9,00 B
      neostore.propertystore.db.arrays.id: 2014-01-18T22:29:34+0100 - 9,00 B
      index:
        lucene.log.v0: 2014-01-18T22:06:53+0100 - 342,00 B
        lucene.log.v1: 2014-01-18T22:29:29+0100 - 16,00 B
        lucene-store.db: 2014-01-18T22:29:29+0100 - 40,00 B
        lucene:
          node:
            users:
              _0.fdx: 2014-01-18T22:06:52+0100 - 12,00 B
              _0.tis: 2014-01-18T22:06:52+0100 - 43,00 B
              _0.prx: 2014-01-18T22:06:52+0100 - 2,00 B
              _0.nrm: 2014-01-18T22:06:52+0100 - 5,00 B
              segments_1: 2014-01-18T22:06:53+0100 - 248,00 B
              _0.frq: 2014-01-18T22:06:52+0100 - 2,00 B
              _0.fdt: 2014-01-18T22:06:52+0100 - 18,00 B
              _0.fnm: 2014-01-18T22:06:52+0100 - 18,00 B
              segments.gen: 2014-01-18T22:06:53+0100 - 20,00 B
              _0.tii: 2014-01-18T22:06:52+0100 - 35,00 B
            - Total: 2014-01-18T22:06:53+0100 - 403,00 B
          - Total: 2014-01-18T22:06:52+0100 - 403,00 B
        - Total: 2014-01-18T22:06:52+0100 - 403,00 B
        lucene.log.1: 2014-01-18T22:29:34+0100 - 16,00 B
        lucene.log.active: 2014-01-18T22:29:34+0100 - 4,00 B
      - Total: 2014-01-18T22:29:34+0100 - 821,00 B
      neostore.id: 2014-01-18T22:29:34+0100 - 9,00 B
      neostore.propertystore.db.index.keys.id: 2014-01-18T22:29:34+0100 - 9,00 B
      active_tx_log: 2014-01-18T22:06:52+0100 - 11,00 B
      nioneo_logical.log.v1: 2014-01-18T22:29:29+0100 - 16,00 B
      neostore.propertystore.db: 2014-01-18T22:29:34+0100 - 246,00 B
      lock: 2014-01-18T22:29:34+0100 - 0,00 B
      neostore.propertystore.db.index.id: 2014-01-18T22:29:34+0100 - 9,00 B
      neostore.propertystore.db.id: 2014-01-18T22:29:34+0100 - 9,00 B
      neostore: 2014-01-18T22:29:34+0100 - 54,00 B
      nioneo_logical.log.1: 2014-01-18T22:29:34+0100 - 16,00 B
      neostore.relationshiptypestore.db.names.id: 2014-01-18T22:29:34+0100 - 9,00 B
      messages.log: 2014-01-18T22:29:34+0100 - 53,86 kB
      neostore.nodestore.db: 2014-01-18T22:29:34+0100 - 63,00 B
      neostore.relationshiptypestore.db.id: 2014-01-18T22:29:34+0100 - 9,00 B
2014-01-19 00:45:38.605+0000: /home/nordine/workspace/java/Neo4j-projet/db/neo4j/neostore.relationshiptypestore.db.names non clean shutdown detected
2014-01-19 00:45:38.605+0000: /home/nordine/workspace/java/Neo4j-projet/db/neo4j/neostore.relationshiptypestore.db non clean shutdown detected
2014-01-19 00:45:38.605+0000: /home/nordine/workspace/java/Neo4j-projet/db/neo4j/neostore.propertystore.db.strings non clean shutdown detected
2014-01-19 00:45:38.606+0000: /home/nordine/workspace/java/Neo4j-projet/db/neo4j/neostore.propertystore.db.index.keys non clean shutdown detected
2014-01-19 00:45:38.606+0000: /home/nordine/workspace/java/Neo4j-projet/db/neo4j/neostore.propertystore.db.index non clean shutdown detected
2014-01-19 00:45:38.606+0000: /home/nordine/workspace/java/Neo4j-projet/db/neo4j/neostore.propertystore.db.arrays non clean shutdown detected
2014-01-19 00:45:38.606+0000: /home/nordine/workspace/java/Neo4j-projet/db/neo4j/neostore.propertystore.db non clean shutdown detected
2014-01-19 00:45:38.607+0000: /home/nordine/workspace/java/Neo4j-projet/db/neo4j/neostore.relationshipstore.db non clean shutdown detected
2014-01-19 00:45:38.607+0000: /home/nordine/workspace/java/Neo4j-projet/db/neo4j/neostore.nodestore.db non clean shutdown detected
2014-01-19 00:45:38.607+0000: /home/nordine/workspace/java/Neo4j-projet/db/neo4j/neostore non clean shutdown detected
2014-01-19 00:45:38.608+0000: Non clean shutdown detected on log [/home/nordine/workspace/java/Neo4j-projet/db/neo4j/nioneo_logical.log.1]. Recovery started ...
2014-01-19 00:45:38.608+0000: [/home/nordine/workspace/java/Neo4j-projet/db/neo4j/nioneo_logical.log.1] logVersion=2 with committed tx=3
2014-01-19 00:45:38.610+0000: [/home/nordine/workspace/java/Neo4j-projet/db/neo4j/nioneo_logical.log.1] entries found=26 lastEntryPos=1501
2014-01-19 00:45:38.610+0000: Internal recovery completed, scanned 26 log entries. Recovered 1 transactions. Last tx recovered: 4
2014-01-19 00:45:38.610+0000: XaResourceManager[/home/nordine/workspace/java/Neo4j-projet/db/neo4j/nioneo_logical.log] sorting 1 xids
2014-01-19 00:45:38.610+0000: XaResourceManager[/home/nordine/workspace/java/Neo4j-projet/db/neo4j/nioneo_logical.log] checkRecoveryComplete 0 xids
2014-01-19 00:45:38.717+0000: /home/nordine/workspace/java/Neo4j-projet/db/neo4j/neostore.relationshiptypestore.db.names rebuild id generator, highId=2 defragged count=0
2014-01-19 00:45:38.853+0000: /home/nordine/workspace/java/Neo4j-projet/db/neo4j/neostore.propertystore.db.index.keys rebuild id generator, highId=2 defragged count=0
2014-01-19 00:45:38.920+0000: /home/nordine/workspace/java/Neo4j-projet/db/neo4j/neostore.propertystore.db.index rebuild id generator, highId=1 defragged count=0
2014-01-19 00:45:38.988+0000: /home/nordine/workspace/java/Neo4j-projet/db/neo4j/neostore.propertystore.db.strings rebuild id generator, highId=1 defragged count=0
2014-01-19 00:45:39.045+0000: /home/nordine/workspace/java/Neo4j-projet/db/neo4j/neostore.propertystore.db.arrays rebuild id generator, highId=1 defragged count=0
2014-01-19 00:45:39.126+0000: /home/nordine/workspace/java/Neo4j-projet/db/neo4j/neostore.propertystore.db rebuild id generator, highId=12 defragged count=0
2014-01-19 00:45:39.212+0000: /home/nordine/workspace/java/Neo4j-projet/db/neo4j/neostore.relationshipstore.db rebuild id generator, highId=22 defragged count=0
2014-01-19 00:45:39.308+0000: /home/nordine/workspace/java/Neo4j-projet/db/neo4j/neostore.nodestore.db rebuild id generator, highId=13 defragged count=0
2014-01-19 00:45:39.362+0000: /home/nordine/workspace/java/Neo4j-projet/db/neo4j/neostore rebuild id generator, highId=6 defragged count=0
2014-01-19 00:45:39.382+0000: XaResourceManager[/home/nordine/workspace/java/Neo4j-projet/db/neo4j/nioneo_logical.log] recovery completed.
2014-01-19 00:45:39.382+0000: Recovery on log [/home/nordine/workspace/java/Neo4j-projet/db/neo4j/nioneo_logical.log.1] completed.
2014-01-19 00:45:39.383+0000: TM opening log: /home/nordine/workspace/java/Neo4j-projet/db/neo4j/tm_tx_log.1
2014-01-19 00:45:39.385+0000: Non clean shutdown detected on log [/home/nordine/workspace/java/Neo4j-projet/db/neo4j/index/lucene.log.1]. Recovery started ...
2014-01-19 00:45:39.385+0000: [/home/nordine/workspace/java/Neo4j-projet/db/neo4j/index/lucene.log.1] logVersion=2 with committed tx=3
2014-01-19 00:45:39.397+0000: [/home/nordine/workspace/java/Neo4j-projet/db/neo4j/index/lucene.log.1] entries found=4 lastEntryPos=166
2014-01-19 00:45:39.397+0000: Internal recovery completed, scanned 4 log entries. Recovered 1 transactions. Last tx recovered: 4
2014-01-19 00:45:39.397+0000: XaResourceManager[/home/nordine/workspace/java/Neo4j-projet/db/neo4j/index/lucene.log] sorting 1 xids
2014-01-19 00:45:39.397+0000: XaResourceManager[/home/nordine/workspace/java/Neo4j-projet/db/neo4j/index/lucene.log] checkRecoveryComplete 0 xids
2014-01-19 00:45:39.397+0000: XaResourceManager[/home/nordine/workspace/java/Neo4j-projet/db/neo4j/index/lucene.log] recovery completed.
2014-01-19 00:45:39.397+0000: Recovery on log [/home/nordine/workspace/java/Neo4j-projet/db/neo4j/index/lucene.log.1] completed.
2014-01-19 00:45:39.402+0000: --- STARTUP diagnostics START ---
2014-01-19 00:45:39.402+0000: Neo4j Kernel properties:
    store_dir=/home/nordine/workspace/java/Neo4j-projet/db/neo4j
    remote_logging_host=127.0.0.1
    read_only=false
    neo4j.ext.udc.host=udc.neo4j.org
    logical_log=/home/nordine/workspace/java/Neo4j-projet/db/neo4j/nioneo_logical.log
    remote_logging_port=4560
    gc_monitor_threshold=200ms
    load_kernel_extensions=true
    array_block_size=120
    intercept_committing_transactions=false
    node_auto_indexing=false
    neostore.relationshipstore.db.mapped_memory=353M
    dump_configuration=false
    gc_monitor_wait_time=100ms
    cache_type=soft
    intercept_deserialized_transactions=false
    neostore.nodestore.db.mapped_memory=80M
    neo4j.ext.udc.first_delay=600000
    neo4j.ext.udc.reg=unreg
    lucene_searcher_cache_size=2147483647
    neo4j.ext.udc.interval=86400000
    use_memory_mapped_buffers=true
    rebuild_idgenerators_fast=true
    neostore.propertystore.db.index.keys.mapped_memory=1M
    neostore.propertystore.db.strings.mapped_memory=245M
    neostore.propertystore.db.arrays.mapped_memory=278M
    neo_store=/home/nordine/workspace/java/Neo4j-projet/db/neo4j/neostore
    neostore.propertystore.db.index.mapped_memory=1M
    backup_slave=false
    neostore.propertystore.db.mapped_memory=288M
    gcr_cache_min_log_interval=60s
    relationship_auto_indexing=false
    relationship_grab_size=100
    string_block_size=120
    lucene_writer_cache_size=2147483647
    grab_file_lock=true
    node_cache_array_fraction=1.0
    remote_logging_enabled=false
    allow_store_upgrade=true
    execution_guard_enabled=false
    neo4j.ext.udc.enabled=true
    relationship_cache_array_fraction=1.0
2014-01-19 00:45:39.402+0000: Diagnostics providers:
    org.neo4j.kernel.configuration.Config
    org.neo4j.kernel.info.DiagnosticsManager
    SYSTEM_MEMORY
    JAVA_MEMORY
    OPERATING_SYSTEM
    JAVA_VIRTUAL_MACHINE
    CLASSPATH
    LIBRARY_PATH
    SYSTEM_PROPERTIES
    LINUX_SCHEDULERS
2014-01-19 00:45:39.402+0000: System memory information:
    Total Physical memory: 2,95 GB
    Free Physical memory: 585,57 MB
    Committed virtual memory: 595,83 MB
    Total swap space: 3,00 GB
    Free swap space: 2,99 GB
2014-01-19 00:45:39.403+0000: JVM memory information:
    Free  memory: 12,57 MB
    Total memory: 27,48 MB
    Max   memory: 247,50 MB
    Garbage Collector: Copy: [Eden Space, Survivor Space]
    Garbage Collector: MarkSweepCompact: [Eden Space, Survivor Space, Tenured Gen, Perm Gen]
    Memory Pool: Code Cache (Non-heap memory): committed=5,47 MB, used=5,40 MB, max=32,00 MB, threshold=0,00 B
    Memory Pool: Eden Space (Heap memory): committed=7,63 MB, used=259,77 kB, max=68,31 MB, threshold=?
    Memory Pool: Survivor Space (Heap memory): committed=960,00 kB, used=273,07 kB, max=8,50 MB, threshold=?
    Memory Pool: Tenured Gen (Heap memory): committed=18,92 MB, used=14,39 MB, max=170,69 MB, threshold=0,00 B
    Memory Pool: Perm Gen (Non-heap memory): committed=27,50 MB, used=27,30 MB, max=64,00 MB, threshold=0,00 B
2014-01-19 00:45:39.404+0000: Operating system information:
    Operating System: Linux; version: 3.2.0-38-generic; arch: i386; cpus: 2
    Max number of file descriptors: 4096
    Number of open file descriptors: 175
    Process id: 5832@nordine
    Byte order: LITTLE_ENDIAN
2014-01-19 00:45:39.404+0000: JVM information:
    VM Name: Java HotSpot(TM) Client VM
    VM Vendor: Oracle Corporation
    VM Version: 24.51-b03
    JIT compiler: HotSpot Client Compiler
    VM Arguments: []
2014-01-19 00:45:39.404+0000: Java classpath:
     [bootstrap] /usr/lib/jvm/java-7-oracle/jre/lib/jsse.jar
     [bootstrap] /usr/lib/jvm/java-7-oracle/jre/classes
     [bootstrap] /usr/lib/jvm/java-7-oracle/jre/lib/rt.jar
     [classpath] /home/nordine/neoclipse1.7-linux.gtk.x86/neoclipse1.7/plugins/org.eclipse.equinox.launcher_1.2.0.v20110502.jar
     [bootstrap] /usr/lib/jvm/java-7-oracle/jre/lib/jfr.jar
     [bootstrap] /usr/lib/jvm/java-7-oracle/jre/lib/jce.jar
     [bootstrap] /usr/lib/jvm/java-7-oracle/jre/lib/resources.jar
     [bootstrap] /usr/lib/jvm/java-7-oracle/jre/lib/charsets.jar
     [bootstrap] /usr/lib/jvm/java-7-oracle/jre/lib/sunrsasign.jar
2014-01-19 00:45:39.405+0000: Library path:
    /usr/lib/jvm/java-7-oracle/jre/lib/i386/client
    /usr/lib/jvm/java-7-oracle/jre/lib/i386
    /home/nordine/neoclipse1.7-linux.gtk.x86/neoclipse1.7
    /usr/java/packages/lib/i386
    /lib
    /usr/lib
2014-01-19 00:45:39.405+0000: System.properties:
    osgi.bundles.defaultStartLevel = 4
    org.osgi.supports.framework.extension = true
    sun.management.compiler = HotSpot Client Compiler
    eclipse.p2.profile = profile
    osgi.ws = gtk
    sun.desktop = gnome
    osgi.instance.area = file:/home/nordine/neoclipse1.7-linux.gtk.x86/neoclipse1.7/neoclipse-workspace/
    org.osgi.framework.uuid = 3086bf1a-8280-0013-1023-ed274d259664
    user.name = nordine
    osgi.framework.extensions = 
    org.osgi.framework.system.packages = javax.accessibility,javax.activation,javax.activity,javax.annotation,javax.annotation.processing,javax.crypto,javax.crypto.interfaces,javax.crypto.spec,javax.imageio,javax.imageio.event,javax.imageio.metadata,javax.imageio.plugins.bmp,javax.imageio.plugins.jpeg,javax.imageio.spi,javax.imageio.stream,javax.jws,javax.jws.soap,javax.lang.model,javax.lang.model.element,javax.lang.model.type,javax.lang.model.util,javax.management,javax.management.event,javax.management.loading,javax.management.modelmbean,javax.management.monitor,javax.management.namespace,javax.management.openmbean,javax.management.relation,javax.management.remote,javax.management.remote.rmi,javax.management.timer,javax.naming,javax.naming.directory,javax.naming.event,javax.naming.ldap,javax.naming.spi,javax.net,javax.net.ssl,javax.print,javax.print.attribute,javax.print.attribute.standard,javax.print.event,javax.rmi,javax.rmi.CORBA,javax.rmi.ssl,javax.script,javax.security.auth,javax.security.auth.callback,javax.security.auth.kerberos,javax.security.auth.login,javax.security.auth.spi,javax.security.auth.x500,javax.security.cert,javax.security.sasl,javax.sound.midi,javax.sound.midi.spi,javax.sound.sampled,javax.sound.sampled.spi,javax.sql,javax.sql.rowset,javax.sql.rowset.serial,javax.sql.rowset.spi,javax.swing,javax.swing.border,javax.swing.colorchooser,javax.swing.event,javax.swing.filechooser,javax.swing.plaf,javax.swing.plaf.basic,javax.swing.plaf.metal,javax.swing.plaf.multi,javax.swing.plaf.nimbus,javax.swing.plaf.synth,javax.swing.table,javax.swing.text,javax.swing.text.html,javax.swing.text.html.parser,javax.swing.text.rtf,javax.swing.tree,javax.swing.undo,javax.tools,javax.transaction,javax.transaction.xa,javax.xml,javax.xml.bind,javax.xml.bind.annotation,javax.xml.bind.annotation.adapters,javax.xml.bind.attachment,javax.xml.bind.helpers,javax.xml.bind.util,javax.xml.crypto,javax.xml.crypto.dom,javax.xml.crypto.dsig,javax.xml.crypto.dsig.dom,javax.xml.crypto.dsig.keyinfo,javax.xml.crypto.dsig.spec,javax.xml.datatype,javax.xml.namespace,javax.xml.parsers,javax.xml.soap,javax.xml.stream,javax.xml.stream.events,javax.xml.stream.util,javax.xml.transform,javax.xml.transform.dom,javax.xml.transform.sax,javax.xml.transform.stax,javax.xml.transform.stream,javax.xml.validation,javax.xml.ws,javax.xml.ws.handler,javax.xml.ws.handler.soap,javax.xml.ws.http,javax.xml.ws.soap,javax.xml.ws.spi,javax.xml.ws.spi.http,javax.xml.ws.wsaddressing,javax.xml.xpath,org.ietf.jgss,org.omg.CORBA,org.omg.CORBA_2_3,org.omg.CORBA_2_3.portable,org.omg.CORBA.DynAnyPackage,org.omg.CORBA.ORBPackage,org.omg.CORBA.portable,org.omg.CORBA.TypeCodePackage,org.omg.CosNaming,org.omg.CosNaming.NamingContextExtPackage,org.omg.CosNaming.NamingContextPackage,org.omg.Dynamic,org.omg.DynamicAny,org.omg.DynamicAny.DynAnyFactoryPackage,org.omg.DynamicAny.DynAnyPackage,org.omg.IOP,org.omg.IOP.CodecFactoryPackage,org.omg.IOP.CodecPackage,org.omg.Messaging,org.omg.PortableInterceptor,org.omg.PortableInterceptor.ORBInitInfoPackage,org.omg.PortableServer,org.omg.PortableServer.CurrentPackage,org.omg.PortableServer.POAManagerPackage,org.omg.PortableServer.POAPackage,org.omg.PortableServer.portable,org.omg.PortableServer.ServantLocatorPackage,org.omg.SendingContext,org.omg.stub.java.rmi,org.w3c.dom,org.w3c.dom.bootstrap,org.w3c.dom.css,org.w3c.dom.events,org.w3c.dom.html,org.w3c.dom.ls,org.w3c.dom.ranges,org.w3c.dom.stylesheets,org.w3c.dom.traversal,org.w3c.dom.views,org.w3c.dom.xpath,org.xml.sax,org.xml.sax.ext,org.xml.sax.helpers
    eclipse.launcher = /home/nordine/neoclipse1.7-linux.gtk.x86/neoclipse1.7/neoclipse
    eclipse.launcher.name = Neoclipse
    org.osgi.framework.language = fr
    user.language = fr
    org.osgi.framework.processor = x86
    osgi.syspath = /home/nordine/neoclipse1.7-linux.gtk.x86/neoclipse1.7/plugins
    sun.boot.library.path = /usr/lib/jvm/java-7-oracle/jre/lib/i386
    org.osgi.framework.system.capabilities = osgi.ee; osgi.ee="OSGi/Minimum"; version:List<Version>="1.0, 1.1, 1.2",osgi.ee; osgi.ee="JavaSE"; version:List<Version>="1.0, 1.1, 1.2, 1.3, 1.4, 1.5, 1.6, 1.7"
    osgi.manifest.cache = /home/nordine/neoclipse1.7-linux.gtk.x86/neoclipse1.7/configuration/org.eclipse.osgi/manifests
    org.osgi.framework.os.name = Linux
    user.timezone = Europe/Paris
    sun.arch.data.model = 32
    osgi.bundles = reference:file:com.ibm.icu_4.4.2.v20110208.jar@4,reference:file:javax.activation_1.1.0.v201108011116.jar@4,reference:file:javax.servlet_2.5.0.v201103041518.jar@4,reference:file:javax.servlet.jsp_2.0.0.v201101211617.jar@4,reference:file:javax.xml_1.3.4.v201005080400.jar@4,reference:file:org.apache.ant_1.8.2.v20110505-1300/@4,reference:file:org.apache.commons.el_1.0.0.v201101211617.jar@4,reference:file:org.apache.commons.logging_1.0.4.v201101211617.jar@4,reference:file:org.apache.jasper_5.5.17.v201101211617.jar@4,reference:file:org.apache.lucene_2.9.1.v201101211721.jar@4,reference:file:org.apache.lucene.analysis_2.9.1.v201101211721.jar@4,reference:file:org.apache.lucene.core_2.9.1.v201101211721.jar@4,reference:file:org.apache.lucene.highlighter_2.9.1.v20100421-0704.jar@4,reference:file:org.apache.lucene.memory_2.9.1.v20100421-0704.jar@4,reference:file:org.apache.lucene.misc_2.9.1.v20100421-0704.jar@4,reference:file:org.apache.lucene.queries_2.9.1.v20100421-0704.jar@4,reference:file:org.apache.lucene.snowball_2.9.1.v20100421-0704.jar@4,reference:file:org.apache.lucene.spellchecker_2.9.1.v20100421-0704.jar@4,reference:file:org.apache.xerces_2.9.0.v201101211617.jar@4,reference:file:org.apache.xml.resolver_1.2.0.v201005080400.jar@4,reference:file:org.apache.xml.serializer_2.7.1.v201005080400.jar@4,reference:file:org.eclipse.ant.core_3.2.300.v20110511.jar@4,reference:file:org.eclipse.compare_3.5.201.R37x_v20110817-0800.jar@4,reference:file:org.eclipse.compare.core_3.5.200.I20110208-0800.jar@4,reference:file:org.eclipse.core.commands_3.6.0.I20110111-0800.jar@4,reference:file:org.eclipse.core.contenttype_3.4.100.v20110423-0524.jar@4,reference:file:org.eclipse.core.databinding_1.4.0.I20110111-0800.jar@4,reference:file:org.eclipse.core.databinding.observable_1.4.0.I20110222-0800.jar@4,reference:file:org.eclipse.core.databinding.property_1.4.0.I20110222-0800.jar@4,reference:file:org.eclipse.core.expressions_3.4.300.v20110228.jar@4,reference:file:org.eclipse.core.filebuffers_3.5.200.v20110505-0800.jar@4,reference:file:org.eclipse.core.filesystem_1.3.100.v20110423-0524.jar@4,reference:file:org.eclipse.core.filesystem.linux.x86_1.4.0.v20110423-0524.jar@4,reference:file:org.eclipse.core.jobs_3.5.100.v20110404.jar@4,reference:file:org.eclipse.core.net_1.2.100.I20110511-0800.jar@4,reference:file:org.eclipse.core.net.linux.x86_1.1.200.I20110419-0800.jar@4,reference:file:org.eclipse.core.resources_3.7.100.v20110510-0712.jar@4,reference:file:org.eclipse.core.runtime_3.7.0.v20110110.jar@4:start,reference:file:org.eclipse.core.runtime.compatibility_3.2.100.v20100505.jar@4,reference:file:org.eclipse.core.runtime.compatibility.auth_3.2.200.v20110110.jar@4,reference:file:org.eclipse.core.runtime.compatibility.registry_3.5.0.v20110505/@4,reference:file:org.eclipse.core.variables_3.2.500.v20110511.jar@4,reference:file:org.eclipse.draw2d_3.7.1.v20110830-1143.jar@4,reference:file:org.eclipse.emf.common_2.7.0.v20110912-0920.jar@4,reference:file:org.eclipse.emf.ecore_2.7.0.v20110912-0920.jar@4,reference:file:org.eclipse.emf.ecore.change_2.7.1.v20110829-1916.jar@4,reference:file:org.eclipse.emf.ecore.edit_2.7.0.v20110913-1156.jar@4,reference:file:org.eclipse.emf.ecore.xmi_2.7.0.v20110520-1406.jar@4,reference:file:org.eclipse.emf.edit_2.7.1.v20110913-1526.jar@4,reference:file:org.eclipse.equinox.app_1.3.100.v20110321.jar@4,reference:file:org.eclipse.equinox.common_3.6.0.v20110523.jar@2:start,reference:file:org.eclipse.equinox.http.jetty_2.0.100.v20110502.jar@4,reference:file:org.eclipse.equinox.http.registry_1.1.100.v20110502.jar@4,reference:file:org.eclipse.equinox.http.servlet_1.1.200.v20110502.jar@4,reference:file:org.eclipse.equinox.jsp.jasper_1.0.300.v20110502.jar@4,reference:file:org.eclipse.equinox.jsp.jasper.registry_1.0.200.v20100503.jar@4,reference:file:org.eclipse.equinox.launcher_1.2.0.v20110502.jar@4,reference:file:org.eclipse.equinox.launcher.gtk.linux.x86_1.1.100.v20110505/@4,reference:file:org.eclipse.equinox.p2.core_2.1.0.v20110502-1955.jar@4,reference:file:org.eclipse.equinox.p2.engine_2.1.0.v20110511.jar@4,reference:file:org.eclipse.equinox.p2.metadata_2.1.0.v20110510.jar@4,reference:file:org.eclipse.equinox.p2.metadata.repository_1.2.0.v20110511-1359.jar@4,reference:file:org.eclipse.equinox.p2.repository_2.1.0.v20110601.jar@4,reference:file:org.eclipse.equinox.preferences_3.4.1.R37x_v20110725.jar@4,reference:file:org.eclipse.equinox.registry_3.5.101.R37x_v20110810-1611.jar@4,reference:file:org.eclipse.equinox.security_1.1.1.R37x_v20110822-1018.jar@4,reference:file:org.eclipse.gef_3.7.1.v20110830-1143.jar@4,reference:file:org.eclipse.help_3.5.100.v20110426.jar@4,reference:file:org.eclipse.help.appserver_3.1.400.v20110425.jar@4,reference:file:org.eclipse.help.base_3.6.1.v201109091335.jar@4,reference:file:org.eclipse.help.ui_3.5.101.r37_20110819.jar@4,reference:file:org.eclipse.help.webapp_3.6.0.v20110518.jar@4,reference:file:org.eclipse.jem.util_2.1.100.v201103021400.jar@4,reference:file:org.eclipse.jface_3.7.0.I20110522-1430.jar@4,reference:file:org.eclipse.jface.databinding_1.5.0.I20100907-0800.jar@4,reference:file:org.eclipse.jface.text_3.7.1.r371_v20110825-0800.jar@4,reference:file:org.eclipse.ltk.core.refactoring_3.5.201.r371_v20110824-0800.jar@4,reference:file:org.eclipse.ltk.ui.refactoring_3.6.0.v20110505-0800.jar@4,reference:file:org.eclipse.osgi.services_3.3.0.v20110513.jar@4,reference:file:org.eclipse.osgi.util_3.2.200.v20110110.jar@4,reference:file:org.eclipse.platform_3.7.1.v201109091335/@4,reference:file:org.eclipse.search_3.7.0.v20110505-0800.jar@4,reference:file:org.eclipse.swt_3.7.1.v3738a.jar@4,reference:file:org.eclipse.swt.gtk.linux.x86_3.7.1.v3738a.jar@4,reference:file:org.eclipse.team.core_3.6.0.I20110525-0800.jar@4,reference:file:org.eclipse.team.ui_3.6.100.I20110525-0800.jar@4,reference:file:org.eclipse.text_3.5.101.r371_v20110810-0800.jar@4,reference:file:org.eclipse.ui_3.7.0.I20110602-0100.jar@4,reference:file:org.eclipse.ui.cheatsheets_3.4.100.v20110425.jar@4,reference:file:org.eclipse.ui.console_3.5.100.v20110511.jar@4,reference:file:org.eclipse.ui.editors_3.7.0.v20110517-0800.jar@4,reference:file:org.eclipse.ui.forms_3.5.100.v20110425.jar@4,reference:file:org.eclipse.ui.ide_3.7.0.v20110809-1737.jar@4,reference:file:org.eclipse.ui.ide.application_1.0.300.I20110306-2000.jar@4,reference:file:org.eclipse.ui.intro_3.4.100.v20110425.jar@4,reference:file:org.eclipse.ui.intro.universal_3.2.500.v20110510/@4,reference:file:org.eclipse.ui.navigator_3.5.100.v20110809-2227.jar@4,reference:file:org.eclipse.ui.navigator.resources_3.4.300.I20110421-1800.jar@4,reference:file:org.eclipse.ui.views_3.6.0.I20110412-0800.jar@4,reference:file:org.eclipse.ui.views.properties.tabbed_3.5.200.I20110201-0800.jar@4,reference:file:org.eclipse.ui.workbench_3.7.0.I20110519-0100.jar@4,reference:file:org.eclipse.ui.workbench.texteditor_3.7.0.v20110505-0800.jar@4,reference:file:org.eclipse.update.configurator_3.3.100.v20100512.jar@4,reference:file:org.eclipse.update.core_3.2.500.v20110330.jar@4,reference:file:org.eclipse.update.core.linux_3.2.200.v20100512.jar@4,reference:file:org.eclipse.update.ui_3.2.300.v20100512.jar@4,reference:file:org.eclipse.wst.common.core_1.2.0.v200908252030.jar@4,reference:file:org.eclipse.wst.common.emf_1.2.100.v201101101900.jar@4,reference:file:org.eclipse.wst.common.emfworkbench.integration_1.2.101.v201107140600.jar@4,reference:file:org.eclipse.wst.common.environment_1.0.400.v200912181832.jar@4,reference:file:org.eclipse.wst.common.frameworks_1.2.101.v201107192200.jar@4,reference:file:org.eclipse.wst.common.project.facet.core_1.4.200.v201103170332.jar@4,reference:file:org.eclipse.wst.common.uriresolver_1.1.401.v201004280700.jar@4,reference:file:org.eclipse.wst.sse.core_1.1.601.v201108151912.jar@4,reference:file:org.eclipse.wst.validation_1.2.302.v201107140600.jar@4,reference:file:org.eclipse.wst.xml.core_1.1.601.v201108302147.jar@4,reference:file:org.eclipse.wst.xsd.core_1.1.600.v201104070312.jar@4,reference:file:org.eclipse.xsd_2.7.0.v20110606-0949.jar@4,reference:file:org.eclipse.zest.core_1.3.0.v20110221-2050.jar@4,reference:file:org.eclipse.zest.layouts_1.1.0.v20110425-2050.jar@4,reference:file:org.hamcrest.core_1.1.0.v20090501071000.jar@4,reference:file:org.junit_4.8.2.v4_8_2_v20110321-1705/@4,reference:file:org.junit4_4.8.1.v20100525/@4,reference:file:org.mortbay.jetty.server_6.1.23.v201012071420.jar@4,reference:file:org.mortbay.jetty.util_6.1.23.v201012071420.jar@4,reference:file:org.neo4j.neoclipse_1.6.0.jar@4,reference:file:org.neo4j.neoclipse.doc_1.6.0.jar@4
    osgi.tracefile = /home/nordine/neoclipse1.7-linux.gtk.x86/neoclipse1.7/neoclipse-workspace/.metadata/trace.log
    sun.cpu.isalist = 
    sun.jnu.encoding = UTF-8
    eclipse.application = org.neo4j.neoclipse.application
    file.encoding.pkg = sun.io
    org.osgi.framework.vendor = Eclipse
    file.separator = /
    user.country = FR
    org.eclipse.equinox.launcher.splash.location = /home/nordine/neoclipse1.7-linux.gtk.x86/neoclipse1.7/configuration/org.eclipse.equinox.launcher/org.neo4j.neoclipse_1.6.0/splash.bmp
    osgi.os = linux
    eclipse.commands = -os
linux
-ws
gtk
-arch
x86
-showsplash
-launcher
/home/nordine/neoclipse1.7-linux.gtk.x86/neoclipse1.7/neoclipse
-name
Neoclipse
--launcher.library
/home/nordine/neoclipse1.7-linux.gtk.x86/neoclipse1.7//plugins/org.eclipse.equinox.launcher.gtk.linux.x86_1.1.100.v20110505/eclipse_1407.so
-startup
/home/nordine/neoclipse1.7-linux.gtk.x86/neoclipse1.7//plugins/org.eclipse.equinox.launcher_1.2.0.v20110502.jar
--launcher.overrideVmargs
-data
@noDefault
-vm
/usr/lib/jvm/java-7-oracle/jre/bin/../lib/i386/client/libjvm.so

    osgi.splashLocation = /home/nordine/neoclipse1.7-linux.gtk.x86/neoclipse1.7/configuration/org.eclipse.equinox.launcher/org.neo4j.neoclipse_1.6.0/splash.bmp
    osgi.arch = x86
    path.separator = :
    org.osgi.supports.framework.fragment = true
    osgi.framework.shape = jar
    sun.io.unicode.encoding = UnicodeLittle
    org.osgi.framework.version = 1.6.0
    awt.toolkit = sun.awt.X11.XToolkit
    osgi.install.area = file:/home/nordine/neoclipse1.7-linux.gtk.x86/neoclipse1.7/
    osgi.framework = file:/home/nordine/neoclipse1.7-linux.gtk.x86/neoclipse1.7/plugins/org.eclipse.osgi_3.7.1.R37x_v20110808-1106.jar
    user.home = /home/nordine
    osgi.bundlestore = /home/nordine/neoclipse1.7-linux.gtk.x86/neoclipse1.7/configuration/org.eclipse.osgi/bundles
    osgi.splashPath = platform:/base/plugins/org.neo4j.neoclipse
    osgi.nl = fr_FR
    org.osgi.framework.os.version = 3.2.0
    eclipse.startTime = 1390078202976
    eclipse.p2.data.area = @config.dir/../p2
    org.eclipse.update.reconcile = false
    eclipse.vm = /usr/lib/jvm/java-7-oracle/jre/bin/../lib/i386/client/libjvm.so
    sun.cpu.endian = little
    sun.os.patch.level = unknown
    eclipse.product = org.neo4j.neoclipse.neoclipseProduct
    eclipse.home.location = file:/home/nordine/neoclipse1.7-linux.gtk.x86/neoclipse1.7/
    user.dir = /home/nordine/neoclipse1.7-linux.gtk.x86/neoclipse1.7
    org.osgi.supports.framework.requirebundle = true
    file.encoding = UTF-8
    osgi.framework.version = 3.7.1.R37x_v20110808-1106
    eclipse.vmargs = -Djava.class.path=/home/nordine/neoclipse1.7-linux.gtk.x86/neoclipse1.7//plugins/org.eclipse.equinox.launcher_1.2.0.v20110502.jar

    org.osgi.framework.executionenvironment = OSGi/Minimum-1.0,OSGi/Minimum-1.1,OSGi/Minimum-1.2,JRE-1.1,J2SE-1.2,J2SE-1.3,J2SE-1.4,J2SE-1.5,JavaSE-1.6,JavaSE-1.7
    osgi.logfile = /home/nordine/neoclipse1.7-linux.gtk.x86/neoclipse1.7/neoclipse-workspace/.metadata/.log
    osgi.configuration.area = file:/home/nordine/neoclipse1.7-linux.gtk.x86/neoclipse1.7/configuration/
2014-01-19 00:45:39.406+0000: Linux scheduler information:
    none
    none
    none
    none
    none
    none
    none
    none
    none
    none
    none
    none
    none
    none
    none
    none
    none
    none
    none
    none
    none
    none
    none
    none
    noop deadline [cfq] 
    noop deadline [cfq] 
2014-01-19 00:45:39.408+0000: --- STARTUP diagnostics END ---
2014-01-19 00:45:39.409+0000: TM non resolved transactions found in /home/nordine/workspace/java/Neo4j-projet/db/neo4j/tm_tx_log.1
2014-01-19 00:45:39.768+0000: Rotating [/home/nordine/workspace/java/Neo4j-projet/db/neo4j/index/lucene.log.1] @ version=2 to /home/nordine/workspace/java/Neo4j-projet/db/neo4j/index/lucene.log.2 from position 171
2014-01-19 00:45:39.803+0000: Rotate: old log scanned, newLog @ pos=16
2014-01-19 00:45:39.815+0000: Log rotated, newLog @ pos=16, version 3 and last tx 4
2014-01-19 00:45:39.819+0000: Rotating [/home/nordine/workspace/java/Neo4j-projet/db/neo4j/nioneo_logical.log.1] @ version=2 to /home/nordine/workspace/java/Neo4j-projet/db/neo4j/nioneo_logical.log.2 from position 1506
2014-01-19 00:45:39.859+0000: Rotate: old log scanned, newLog @ pos=16
2014-01-19 00:45:39.871+0000: Log rotated, newLog @ pos=16, version 3 and last tx 4
2014-01-19 00:45:39.872+0000: Recovery completed, all transactions have been resolved to a consistent state.
2014-01-19 00:45:39.883+0000: Extension org.neo4j.kernel.KernelExtension[kernel jmx] loaded ok
2014-01-19 00:45:39.885+0000: Extension org.neo4j.kernel.KernelExtension[kernel udc] loaded ok
2014-01-19 00:45:39.885+0000: --- STARTUP diagnostics for KernelDiagnostics:Versions START ---
2014-01-19 00:45:39.885+0000: Graph Database: org.neo4j.kernel.EmbeddedGraphDatabase StoreId[time:1390079210289, id:-1932822226558073111, store version: 13561656364791302]
2014-01-19 00:45:39.886+0000: Kernel version: Neo4j - Graph Database Kernel 1.7
2014-01-19 00:45:39.886+0000: Neo4j component versions:
2014-01-19 00:45:39.886+0000:   Neo4j - Graph Database Kernel 1.7
2014-01-19 00:45:39.886+0000: --- STARTUP diagnostics for KernelDiagnostics:Versions END ---
2014-01-19 00:45:39.886+0000: --- STARTUP diagnostics for NEO_STORE_VERSIONS START ---
2014-01-19 00:45:39.886+0000: Store versions:
    Store versions:
      NeoStore v0.A.0
      NodeStore v0.A.0
      RelationshipStore v0.A.0
      RelationshipTypeStore v0.A.0
      PropertyStore v0.A.0
      PropertyIndexStore v0.A.0
      StringPropertyStore v0.A.0
      ArrayPropertyStore v0.A.0
2014-01-19 00:45:39.886+0000: --- STARTUP diagnostics for NEO_STORE_VERSIONS END ---
2014-01-19 00:45:39.886+0000: --- STARTUP diagnostics for NEO_STORE_ID_USAGE START ---
2014-01-19 00:45:39.886+0000: Id usage:
    Id usage:
      NodeStore: used=13 high=12
      RelationshipStore: used=22 high=21
      RelationshipTypeStore: used=1 high=0
      PropertyStore: used=12 high=11
      PropertyIndexStore: used=1 high=0
      StringPropertyStore: used=1 high=0
      ArrayPropertyStore: used=1 high=0
2014-01-19 00:45:39.886+0000: --- STARTUP diagnostics for NEO_STORE_ID_USAGE END ---
2014-01-19 00:45:39.886+0000: --- STARTUP diagnostics for KernelDiagnostics:StoreFiles START ---
2014-01-19 00:45:39.886+0000: Storage files:
    tm_tx_log.1: 0,00 B
    neostore.propertystore.db.arrays: 128,00 B
    neostore.propertystore.db.index.keys: 1,00 kB
    neostore.relationshiptypestore.db: 5,00 B
    neostore.nodestore.db.id: 9,00 B
    neostore.propertystore.db.strings: 128,00 B
    neostore.relationshipstore.db.id: 9,00 B
    neostore.propertystore.db.index: 1,02 kB
    nioneo_logical.log.2: 16,00 B
    store_lock: 0,00 B
    index.db: 103,00 B
    nioneo_logical.log.v0: 1,65 kB
    neostore.relationshiptypestore.db.names: 76,00 B
    neostore.relationshipstore.db: 361,45 kB
    nioneo_logical.log.active: 4,00 B
    neostore.propertystore.db.strings.id: 9,00 B
    neostore.propertystore.db.arrays.id: 9,00 B
    index:
      lucene.log.v0: 342,00 B
      lucene.log.v1: 16,00 B
      lucene-store.db: 40,00 B
      lucene:
        node:
          users:
            _1.fdt: 18,00 B
            _1.prx: 2,00 B
            _1.tii: 35,00 B
            _1.tis: 43,00 B
            _0.fdx: 12,00 B
            _0.tis: 43,00 B
            _1.fnm: 18,00 B
            _0.prx: 2,00 B
            _1.fdx: 12,00 B
            _0.nrm: 5,00 B
            _1.frq: 2,00 B
            _1.nrm: 6,00 B
            _0.frq: 2,00 B
            _0.fdt: 18,00 B
            segments_2: 462,00 B
            _0.fnm: 18,00 B
            segments.gen: 20,00 B
            _0.tii: 35,00 B
            write.lock: 0,00 B
          - Total: 753,00 B
        - Total: 753,00 B
      - Total: 753,00 B
      lucene.log.v2: 171,00 B
      lucene.log.active: 4,00 B
      lucene.log.2: 16,00 B
    - Total: 1,31 kB
    neostore.id: 9,00 B
    neostore.propertystore.db.index.keys.id: 9,00 B
    active_tx_log: 11,00 B
    nioneo_logical.log.v1: 16,00 B
    neostore.propertystore.db: 294,89 kB
    lock: 0,00 B
    nioneo_logical.log.v2: 1,47 kB
    neostore.propertystore.db.index.id: 9,00 B
    neostore.propertystore.db.id: 9,00 B
    neostore: 54,00 B
    neostore.relationshiptypestore.db.names.id: 9,00 B
    messages.log: 86,10 kB
    neostore.nodestore.db: 81,91 kB
    neostore.relationshiptypestore.db.id: 9,00 B
2014-01-19 00:45:39.888+0000: --- STARTUP diagnostics for KernelDiagnostics:StoreFiles END ---
2014-01-19 00:45:39.889+0000: Started - database is now available
2014-01-19 00:45:39.890+0000: GC Monitor started. 
2014-01-19 00:46:02.943+0000: Stopping - database is now unavailable
2014-01-19 00:46:02.944+0000: TM shutting down
2014-01-19 00:46:02.963+0000: Closed log /home/nordine/workspace/java/Neo4j-projet/db/neo4j/index/lucene.log
2014-01-19 00:46:02.996+0000: Closed log /home/nordine/workspace/java/Neo4j-projet/db/neo4j/nioneo_logical.log
2014-01-19 00:46:03.031+0000: GC Monitor stopped. 
2014-01-19 00:46:03.599+0000: NeoStore closed
2014-01-19 00:46:03.599+0000: --- SHUTDOWN diagnostics START ---
2014-01-19 00:46:03.599+0000: --- SHUTDOWN diagnostics END ---
